{"EventTime":"2018-03-26 16:03:05","Hostname":"target","Keywords":-9214364837600034816,"EventType":"AUDIT_SUCCESS","SeverityValue":2,"Severity":"INFO","EventID":5156,"SourceName":"Microsoft-Windows-Security-Auditing","ProviderGuid":"{54849625-5478-4994-A5BA-3E3B0328C30D}","Version":1,"Task":12810,"OpcodeValue":0,"RecordNumber":28797,"ProcessID":4,"ThreadID":388,"Channel":"Security","Category":"Filtering Platform Connection","Opcode":"Info","Application":"\\device\\harddiskvolume1\\windows\\system32\\svchost.exe","Direction":"%%14593","SourceAddress":"192.168.89.131","SourcePort":"63082","DestAddress":"192.168.89.1","DestPort":"53","Protocol":"17","FilterRTID":"69215","LayerName":"%%14611","LayerRTID":"48","RemoteUserID":"S-1-0-0","RemoteMachineID":"S-1-0-0","EventReceivedTime":1522076586977,"SourceModuleName":"firewall_logs","SourceModuleType":"im_msvistalog"}
{"EventTime":"2018-03-26 16:03:07","Hostname":"target","Keywords":-9214364837600034816,"EventType":"AUDIT_SUCCESS","SeverityValue":2,"Severity":"INFO","EventID":5156,"SourceName":"Microsoft-Windows-Security-Auditing","ProviderGuid":"{54849625-5478-4994-A5BA-3E3B0328C30D}","Version":1,"Task":12810,"OpcodeValue":0,"RecordNumber":28799,"ProcessID":4,"ThreadID":388,"Channel":"Security","Category":"Filtering Platform Connection","Opcode":"Info","Application":"\\device\\harddiskvolume1\\program files (x86)\\google\\chrome\\application\\chrome.exe","Direction":"%%14593","SourceAddress":"192.168.89.131","SourcePort":"1753","DestAddress":"192.168.89.128","DestPort":"443","Protocol":"6","FilterRTID":"69215","LayerName":"%%14611","LayerRTID":"48","RemoteUserID":"S-1-0-0","RemoteMachineID":"S-1-0-0","EventReceivedTime":1522076588988,"SourceModuleName":"firewall_logs","SourceModuleType":"im_msvistalog"}
{"EventTime":"2018-03-26 16:03:07","Hostname":"target","Keywords":-9214364837600034816,"EventType":"AUDIT_SUCCESS","SeverityValue":2,"Severity":"INFO","EventID":5156,"SourceName":"Microsoft-Windows-Security-Auditing","ProviderGuid":"{54849625-5478-4994-A5BA-3E3B0328C30D}","Version":1,"Task":12810,"OpcodeValue":0,"RecordNumber":28801,"ProcessID":4,"ThreadID":388,"Channel":"Security","Category":"Filtering Platform Connection","Opcode":"Info","Application":"\\device\\harddiskvolume1\\program files (x86)\\google\\chrome\\application\\chrome.exe","Direction":"%%14593","SourceAddress":"192.168.89.131","SourcePort":"1754","DestAddress":"192.168.89.128","DestPort":"443","Protocol":"6","FilterRTID":"69215","LayerName":"%%14611","LayerRTID":"48","RemoteUserID":"S-1-0-0","RemoteMachineID":"S-1-0-0","EventReceivedTime":1522076588988,"SourceModuleName":"firewall_logs","SourceModuleType":"im_msvistalog"}
{"EventTime":"2018-03-26 16:03:18","Hostname":"target","Keywords":-9214364837600034816,"EventType":"AUDIT_SUCCESS","SeverityValue":2,"Severity":"INFO","EventID":5156,"SourceName":"Microsoft-Windows-Security-Auditing","ProviderGuid":"{54849625-5478-4994-A5BA-3E3B0328C30D}","Version":1,"Task":12810,"OpcodeValue":0,"RecordNumber":28803,"ProcessID":4,"ThreadID":360,"Channel":"Security","Category":"Filtering Platform Connection","Opcode":"Info","Application":"\\device\\harddiskvolume1\\windows\\system32\\svchost.exe","Direction":"%%14593","SourceAddress":"192.168.89.131","SourcePort":"68","DestAddress":"192.168.89.254","DestPort":"67","Protocol":"17","FilterRTID":"69488","LayerName":"%%14611","LayerRTID":"48","RemoteUserID":"S-1-0-0","RemoteMachineID":"S-1-0-0","EventReceivedTime":1522076600069,"SourceModuleName":"firewall_logs","SourceModuleType":"im_msvistalog"}
{"EventTime":"2018-03-26 16:03:18","Hostname":"target","Keywords":-9214364837600034816,"EventType":"AUDIT_SUCCESS","SeverityValue":2,"Severity":"INFO","EventID":5156,"SourceName":"Microsoft-Windows-Security-Auditing","ProviderGuid":"{54849625-5478-4994-A5BA-3E3B0328C30D}","Version":1,"Task":12810,"OpcodeValue":0,"RecordNumber":28804,"ProcessID":4,"ThreadID":360,"Channel":"Security","Category":"Filtering Platform Connection","Opcode":"Info","Application":"System","Direction":"%%14593","SourceAddress":"fe80::a809:9bec:6f0e:e405","SourcePort":"143","DestAddress":"ff02::16","DestPort":"0","Protocol":"58","FilterRTID":"69217","LayerName":"%%14611","LayerRTID":"50","RemoteUserID":"S-1-0-0","RemoteMachineID":"S-1-0-0","EventReceivedTime":1522076600069,"SourceModuleName":"firewall_logs","SourceModuleType":"im_msvistalog"}
{"EventTime":"2018-03-26 16:03:18","Hostname":"target","Keywords":-9214364837600034816,"EventType":"AUDIT_SUCCESS","SeverityValue":2,"Severity":"INFO","EventID":5156,"SourceName":"Microsoft-Windows-Security-Auditing","ProviderGuid":"{54849625-5478-4994-A5BA-3E3B0328C30D}","Version":1,"Task":12810,"OpcodeValue":0,"RecordNumber":28805,"ProcessID":4,"ThreadID":360,"Channel":"Security","Category":"Filtering Platform Connection","Opcode":"Info","Application":"System","Direction":"%%14593","SourceAddress":"fe80::b562:351a:c3db:b746","SourcePort":"143","DestAddress":"ff02::16","DestPort":"0","Protocol":"58","FilterRTID":"69217","LayerName":"%%14611","LayerRTID":"50","RemoteUserID":"S-1-0-0","RemoteMachineID":"S-1-0-0","EventReceivedTime":1522076600069,"SourceModuleName":"firewall_logs","SourceModuleType":"im_msvistalog"}
{"EventTime":"2018-03-26 16:03:18","Hostname":"target","Keywords":-9214364837600034816,"EventType":"AUDIT_SUCCESS","SeverityValue":2,"Severity":"INFO","EventID":5156,"SourceName":"Microsoft-Windows-Security-Auditing","ProviderGuid":"{54849625-5478-4994-A5BA-3E3B0328C30D}","Version":1,"Task":12810,"OpcodeValue":0,"RecordNumber":28806,"ProcessID":4,"ThreadID":360,"Channel":"Security","Category":"Filtering Platform Connection","Opcode":"Info","Application":"System","Direction":"%%14593","SourceAddress":"192.168.89.131","SourcePort":"0","DestAddress":"224.0.0.22","DestPort":"0","Protocol":"2","FilterRTID":"69215","LayerName":"%%14611","LayerRTID":"48","RemoteUserID":"S-1-0-0","RemoteMachineID":"S-1-0-0","EventReceivedTime":1522076600069,"SourceModuleName":"firewall_logs","SourceModuleType":"im_msvistalog"}
{"EventTime":"2018-03-26 16:03:18","Hostname":"target","Keywords":-9214364837600034816,"EventType":"AUDIT_SUCCESS","SeverityValue":2,"Severity":"INFO","EventID":5156,"SourceName":"Microsoft-Windows-Security-Auditing","ProviderGuid":"{54849625-5478-4994-A5BA-3E3B0328C30D}","Version":1,"Task":12810,"OpcodeValue":0,"RecordNumber":28807,"ProcessID":4,"ThreadID":360,"Channel":"Security","Category":"Filtering Platform Connection","Opcode":"Info","Application":"System","Direction":"%%14593","SourceAddress":"169.254.183.70","SourcePort":"0","DestAddress":"224.0.0.22","DestPort":"0","Protocol":"2","FilterRTID":"69215","LayerName":"%%14611","LayerRTID":"48","RemoteUserID":"S-1-0-0","RemoteMachineID":"S-1-0-0","EventReceivedTime":1522076600069,"SourceModuleName":"firewall_logs","SourceModuleType":"im_msvistalog"}
{"EventTime":"2018-03-26 16:03:18","Hostname":"target","Keywords":-9214364837600034816,"EventType":"AUDIT_SUCCESS","SeverityValue":2,"Severity":"INFO","EventID":5156,"SourceName":"Microsoft-Windows-Security-Auditing","ProviderGuid":"{54849625-5478-4994-A5BA-3E3B0328C30D}","Version":1,"Task":12810,"OpcodeValue":0,"RecordNumber":28810,"ProcessID":4,"ThreadID":360,"Channel":"Security","Category":"Filtering Platform Connection","Opcode":"Info","Application":"\\device\\harddiskvolume1\\windows\\system32\\svchost.exe","Direction":"%%14593","SourceAddress":"127.0.0.1","SourcePort":"61905","DestAddress":"239.255.255.250","DestPort":"1900","Protocol":"17","FilterRTID":"69219","LayerName":"%%14611","LayerRTID":"48","RemoteUserID":"S-1-0-0","RemoteMachineID":"S-1-0-0","EventReceivedTime":1522076600069,"SourceModuleName":"firewall_logs","SourceModuleType":"im_msvistalog"}
{"EventTime":"2018-03-26 16:03:18","Hostname":"target","Keywords":-9214364837600034816,"EventType":"AUDIT_SUCCESS","SeverityValue":2,"Severity":"INFO","EventID":5156,"SourceName":"Microsoft-Windows-Security-Auditing","ProviderGuid":"{54849625-5478-4994-A5BA-3E3B0328C30D}","Version":1,"Task":12810,"OpcodeValue":0,"RecordNumber":28816,"ProcessID":4,"ThreadID":360,"Channel":"Security","Category":"Filtering Platform Connection","Opcode":"Info","Application":"\\device\\harddiskvolume1\\windows\\system32\\svchost.exe","Direction":"%%14593","SourceAddress":"fe80::a809:9bec:6f0e:e405","SourcePort":"58516","DestAddress":"ff02::1:3","DestPort":"5355","Protocol":"17","FilterRTID":"69217","LayerName":"%%14611","LayerRTID":"50","RemoteUserID":"S-1-0-0","RemoteMachineID":"S-1-0-0","EventReceivedTime":1522076600069,"SourceModuleName":"firewall_logs","SourceModuleType":"im_msvistalog"}
{"EventTime":"2018-03-26 16:03:18","Hostname":"target","Keywords":-9214364837600034816,"EventType":"AUDIT_SUCCESS","SeverityValue":2,"Severity":"INFO","EventID":5156,"SourceName":"Microsoft-Windows-Security-Auditing","ProviderGuid":"{54849625-5478-4994-A5BA-3E3B0328C30D}","Version":1,"Task":12810,"OpcodeValue":0,"RecordNumber":28817,"ProcessID":4,"ThreadID":360,"Channel":"Security","Category":"Filtering Platform Connection","Opcode":"Info","Application":"\\device\\harddiskvolume1\\windows\\system32\\svchost.exe","Direction":"%%14593","SourceAddress":"192.168.89.131","SourcePort":"58516","DestAddress":"224.0.0.252","DestPort":"5355","Protocol":"17","FilterRTID":"69215","LayerName":"%%14611","LayerRTID":"48","RemoteUserID":"S-1-0-0","RemoteMachineID":"S-1-0-0","EventReceivedTime":1522076600069,"SourceModuleName":"firewall_logs","SourceModuleType":"im_msvistalog"}
{"EventTime":"2018-03-26 16:03:19","Hostname":"target","Keywords":-9214364837600034816,"EventType":"AUDIT_SUCCESS","SeverityValue":2,"Severity":"INFO","EventID":5156,"SourceName":"Microsoft-Windows-Security-Auditing","ProviderGuid":"{54849625-5478-4994-A5BA-3E3B0328C30D}","Version":1,"Task":12810,"OpcodeValue":0,"RecordNumber":28818,"ProcessID":4,"ThreadID":360,"Channel":"Security","Category":"Filtering Platform Connection","Opcode":"Info","Application":"\\device\\harddiskvolume1\\windows\\system32\\svchost.exe","Direction":"%%14593","SourceAddress":"fe80::b562:351a:c3db:b746","SourcePort":"58516","DestAddress":"ff02::1:3","DestPort":"5355","Protocol":"17","FilterRTID":"69217","LayerName":"%%14611","LayerRTID":"50","RemoteUserID":"S-1-0-0","RemoteMachineID":"S-1-0-0","EventReceivedTime":1522076600069,"SourceModuleName":"firewall_logs","SourceModuleType":"im_msvistalog"}
{"EventTime":"2018-03-26 16:03:19","Hostname":"target","Keywords":-9214364837600034816,"EventType":"AUDIT_SUCCESS","SeverityValue":2,"Severity":"INFO","EventID":5156,"SourceName":"Microsoft-Windows-Security-Auditing","ProviderGuid":"{54849625-5478-4994-A5BA-3E3B0328C30D}","Version":1,"Task":12810,"OpcodeValue":0,"RecordNumber":28819,"ProcessID":4,"ThreadID":360,"Channel":"Security","Category":"Filtering Platform Connection","Opcode":"Info","Application":"\\device\\harddiskvolume1\\windows\\system32\\svchost.exe","Direction":"%%14593","SourceAddress":"169.254.183.70","SourcePort":"58516","DestAddress":"224.0.0.252","DestPort":"5355","Protocol":"17","FilterRTID":"69215","LayerName":"%%14611","LayerRTID":"48","RemoteUserID":"S-1-0-0","RemoteMachineID":"S-1-0-0","EventReceivedTime":1522076600069,"SourceModuleName":"firewall_logs","SourceModuleType":"im_msvistalog"}
{"EventTime":"2018-03-26 16:03:24","Hostname":"target","Keywords":-9214364837600034816,"EventType":"AUDIT_SUCCESS","SeverityValue":2,"Severity":"INFO","EventID":5156,"SourceName":"Microsoft-Windows-Security-Auditing","ProviderGuid":"{54849625-5478-4994-A5BA-3E3B0328C30D}","Version":1,"Task":12810,"OpcodeValue":0,"RecordNumber":28823,"ProcessID":4,"ThreadID":360,"Channel":"Security","Category":"Filtering Platform Connection","Opcode":"Info","Application":"\\device\\harddiskvolume1\\program files (x86)\\google\\chrome\\application\\chrome.exe","Direction":"%%14593","SourceAddress":"192.168.89.131","SourcePort":"58517","DestAddress":"239.255.255.250","DestPort":"1900","Protocol":"17","FilterRTID":"69215","LayerName":"%%14611","LayerRTID":"48","RemoteUserID":"S-1-0-0","RemoteMachineID":"S-1-0-0","EventReceivedTime":1522076606119,"SourceModuleName":"firewall_logs","SourceModuleType":"im_msvistalog"}
{"EventTime":"2018-03-26 16:03:24","Hostname":"target","Keywords":-9214364837600034816,"EventType":"AUDIT_SUCCESS","SeverityValue":2,"Severity":"INFO","EventID":5156,"SourceName":"Microsoft-Windows-Security-Auditing","ProviderGuid":"{54849625-5478-4994-A5BA-3E3B0328C30D}","Version":1,"Task":12810,"OpcodeValue":0,"RecordNumber":28824,"ProcessID":4,"ThreadID":360,"Channel":"Security","Category":"Filtering Platform Connection","Opcode":"Info","Application":"\\device\\harddiskvolume1\\program files (x86)\\google\\chrome\\application\\chrome.exe","Direction":"%%14593","SourceAddress":"169.254.183.70","SourcePort":"58518","DestAddress":"239.255.255.250","DestPort":"1900","Protocol":"17","FilterRTID":"69215","LayerName":"%%14611","LayerRTID":"48","RemoteUserID":"S-1-0-0","RemoteMachineID":"S-1-0-0","EventReceivedTime":1522076606119,"SourceModuleName":"firewall_logs","SourceModuleType":"im_msvistalog"}
{"EventTime":"2018-03-26 16:03:57","Hostname":"target","Keywords":-9214364837600034816,"EventType":"AUDIT_SUCCESS","SeverityValue":2,"Severity":"INFO","EventID":5156,"SourceName":"Microsoft-Windows-Security-Auditing","ProviderGuid":"{54849625-5478-4994-A5BA-3E3B0328C30D}","Version":1,"Task":12810,"OpcodeValue":0,"RecordNumber":28831,"ProcessID":4,"ThreadID":360,"Channel":"Security","Category":"Filtering Platform Connection","Opcode":"Info","Application":"\\device\\harddiskvolume1\\windows\\system32\\svchost.exe","Direction":"%%14593","SourceAddress":"192.168.89.131","SourcePort":"52775","DestAddress":"192.168.89.1","DestPort":"53","Protocol":"17","FilterRTID":"69215","LayerName":"%%14611","LayerRTID":"48","RemoteUserID":"S-1-0-0","RemoteMachineID":"S-1-0-0","EventReceivedTime":1522076639361,"SourceModuleName":"firewall_logs","SourceModuleType":"im_msvistalog"}
{"EventTime":"2018-03-26 16:04:09","Hostname":"target","Keywords":-9214364837600034816,"EventType":"AUDIT_SUCCESS","SeverityValue":2,"Severity":"INFO","EventID":5156,"SourceName":"Microsoft-Windows-Security-Auditing","ProviderGuid":"{54849625-5478-4994-A5BA-3E3B0328C30D}","Version":1,"Task":12810,"OpcodeValue":0,"RecordNumber":28834,"ProcessID":4,"ThreadID":360,"Channel":"Security","Category":"Filtering Platform Connection","Opcode":"Info","Application":"\\device\\harddiskvolume1\\windows\\system32\\svchost.exe","Direction":"%%14593","SourceAddress":"192.168.89.131","SourcePort":"60316","DestAddress":"192.168.89.1","DestPort":"53","Protocol":"17","FilterRTID":"69215","LayerName":"%%14611","LayerRTID":"48","RemoteUserID":"S-1-0-0","RemoteMachineID":"S-1-0-0","EventReceivedTime":1522076651443,"SourceModuleName":"firewall_logs","SourceModuleType":"im_msvistalog"}
{"EventTime":"2018-03-26 16:04:16","Hostname":"target","Keywords":-9214364837600034816,"EventType":"AUDIT_SUCCESS","SeverityValue":2,"Severity":"INFO","EventID":5156,"SourceName":"Microsoft-Windows-Security-Auditing","ProviderGuid":"{54849625-5478-4994-A5BA-3E3B0328C30D}","Version":1,"Task":12810,"OpcodeValue":0,"RecordNumber":28837,"ProcessID":4,"ThreadID":360,"Channel":"Security","Category":"Filtering Platform Connection","Opcode":"Info","Application":"\\device\\harddiskvolume1\\windows\\system32\\svchost.exe","Direction":"%%14593","SourceAddress":"192.168.89.131","SourcePort":"63906","DestAddress":"192.168.89.1","DestPort":"53","Protocol":"17","FilterRTID":"69215","LayerName":"%%14611","LayerRTID":"48","RemoteUserID":"S-1-0-0","RemoteMachineID":"S-1-0-0","EventReceivedTime":1522076658477,"SourceModuleName":"firewall_logs","SourceModuleType":"im_msvistalog"}
{"EventTime":"2018-03-26 16:04:40","Hostname":"target","Keywords":-9214364837600034816,"EventType":"AUDIT_SUCCESS","SeverityValue":2,"Severity":"INFO","EventID":5156,"SourceName":"Microsoft-Windows-Security-Auditing","ProviderGuid":"{54849625-5478-4994-A5BA-3E3B0328C30D}","Version":1,"Task":12810,"OpcodeValue":0,"RecordNumber":28841,"ProcessID":4,"ThreadID":360,"Channel":"Security","Category":"Filtering Platform Connection","Opcode":"Info","Application":"\\device\\harddiskvolume1\\windows\\system32\\svchost.exe","Direction":"%%14593","SourceAddress":"192.168.89.131","SourcePort":"60689","DestAddress":"192.168.89.1","DestPort":"53","Protocol":"17","FilterRTID":"69215","LayerName":"%%14611","LayerRTID":"48","RemoteUserID":"S-1-0-0","RemoteMachineID":"S-1-0-0","EventReceivedTime":1522076682564,"SourceModuleName":"firewall_logs","SourceModuleType":"im_msvistalog"}
{"EventTime":"2018-03-26 16:05:24","Hostname":"target","Keywords":-9214364837600034816,"EventType":"AUDIT_SUCCESS","SeverityValue":2,"Severity":"INFO","EventID":5156,"SourceName":"Microsoft-Windows-Security-Auditing","ProviderGuid":"{54849625-5478-4994-A5BA-3E3B0328C30D}","Version":1,"Task":12810,"OpcodeValue":0,"RecordNumber":28844,"ProcessID":4,"ThreadID":4596,"Channel":"Security","Category":"Filtering Platform Connection","Opcode":"Info","Application":"\\device\\harddiskvolume1\\program files (x86)\\google\\chrome\\application\\chrome.exe","Direction":"%%14593","SourceAddress":"192.168.89.131","SourcePort":"60690","DestAddress":"239.255.255.250","DestPort":"1900","Protocol":"17","FilterRTID":"69215","LayerName":"%%14611","LayerRTID":"48","RemoteUserID":"S-1-0-0","RemoteMachineID":"S-1-0-0","EventReceivedTime":1522076725812,"SourceModuleName":"firewall_logs","SourceModuleType":"im_msvistalog"}
{"EventTime":"2018-03-26 16:05:24","Hostname":"target","Keywords":-9214364837600034816,"EventType":"AUDIT_SUCCESS","SeverityValue":2,"Severity":"INFO","EventID":5156,"SourceName":"Microsoft-Windows-Security-Auditing","ProviderGuid":"{54849625-5478-4994-A5BA-3E3B0328C30D}","Version":1,"Task":12810,"OpcodeValue":0,"RecordNumber":28845,"ProcessID":4,"ThreadID":4596,"Channel":"Security","Category":"Filtering Platform Connection","Opcode":"Info","Application":"\\device\\harddiskvolume1\\program files (x86)\\google\\chrome\\application\\chrome.exe","Direction":"%%14593","SourceAddress":"169.254.183.70","SourcePort":"60691","DestAddress":"239.255.255.250","DestPort":"1900","Protocol":"17","FilterRTID":"69215","LayerName":"%%14611","LayerRTID":"48","RemoteUserID":"S-1-0-0","RemoteMachineID":"S-1-0-0","EventReceivedTime":1522076725812,"SourceModuleName":"firewall_logs","SourceModuleType":"im_msvistalog"}
{"EventTime":"2018-03-26 16:05:31","Hostname":"target","Keywords":-9214364837600034816,"EventType":"AUDIT_SUCCESS","SeverityValue":2,"Severity":"INFO","EventID":5156,"SourceName":"Microsoft-Windows-Security-Auditing","ProviderGuid":"{54849625-5478-4994-A5BA-3E3B0328C30D}","Version":1,"Task":12810,"OpcodeValue":0,"RecordNumber":28847,"ProcessID":4,"ThreadID":4596,"Channel":"Security","Category":"Filtering Platform Connection","Opcode":"Info","Application":"\\device\\harddiskvolume1\\windows\\system32\\svchost.exe","Direction":"%%14593","SourceAddress":"0.0.0.0","SourcePort":"68","DestAddress":"255.255.255.255","DestPort":"67","Protocol":"17","FilterRTID":"69488","LayerName":"%%14611","LayerRTID":"48","RemoteUserID":"S-1-0-0","RemoteMachineID":"S-1-0-0","EventReceivedTime":1522076732873,"SourceModuleName":"firewall_logs","SourceModuleType":"im_msvistalog"}
{"EventTime":"2018-03-26 16:06:38","Hostname":"target","Keywords":-9214364837600034816,"EventType":"AUDIT_SUCCESS","SeverityValue":2,"Severity":"INFO","EventID":5156,"SourceName":"Microsoft-Windows-Security-Auditing","ProviderGuid":"{54849625-5478-4994-A5BA-3E3B0328C30D}","Version":1,"Task":12810,"OpcodeValue":0,"RecordNumber":28878,"ProcessID":4,"ThreadID":4596,"Channel":"Security","Category":"Filtering Platform Connection","Opcode":"Info","Application":"\\device\\harddiskvolume1\\windows\\system32\\svchost.exe","Direction":"%%14593","SourceAddress":"0.0.0.0","SourcePort":"68","DestAddress":"255.255.255.255","DestPort":"67","Protocol":"17","FilterRTID":"69488","LayerName":"%%14611","LayerRTID":"48","RemoteUserID":"S-1-0-0","RemoteMachineID":"S-1-0-0","EventReceivedTime":1522076800320,"SourceModuleName":"firewall_logs","SourceModuleType":"im_msvistalog"}
{"EventTime":"2018-03-26 16:06:38","Hostname":"target","Keywords":-9214364837600034816,"EventType":"AUDIT_SUCCESS","SeverityValue":2,"Severity":"INFO","EventID":5156,"SourceName":"Microsoft-Windows-Security-Auditing","ProviderGuid":"{54849625-5478-4994-A5BA-3E3B0328C30D}","Version":1,"Task":12810,"OpcodeValue":0,"RecordNumber":28881,"ProcessID":4,"ThreadID":4596,"Channel":"Security","Category":"Filtering Platform Connection","Opcode":"Info","Application":"\\device\\harddiskvolume1\\windows\\system32\\svchost.exe","Direction":"%%14593","SourceAddress":"127.0.0.1","SourcePort":"61905","DestAddress":"239.255.255.250","DestPort":"1900","Protocol":"17","FilterRTID":"69219","LayerName":"%%14611","LayerRTID":"48","RemoteUserID":"S-1-0-0","RemoteMachineID":"S-1-0-0","EventReceivedTime":1522076800320,"SourceModuleName":"firewall_logs","SourceModuleType":"im_msvistalog"}
{"EventTime":"2018-03-26 16:07:24","Hostname":"target","Keywords":-9214364837600034816,"EventType":"AUDIT_SUCCESS","SeverityValue":2,"Severity":"INFO","EventID":5156,"SourceName":"Microsoft-Windows-Security-Auditing","ProviderGuid":"{54849625-5478-4994-A5BA-3E3B0328C30D}","Version":1,"Task":12810,"OpcodeValue":0,"RecordNumber":28903,"ProcessID":4,"ThreadID":360,"Channel":"Security","Category":"Filtering Platform Connection","Opcode":"Info","Application":"\\device\\harddiskvolume1\\program files (x86)\\google\\chrome\\application\\chrome.exe","Direction":"%%14593","SourceAddress":"192.168.89.131","SourcePort":"60692","DestAddress":"239.255.255.250","DestPort":"1900","Protocol":"17","FilterRTID":"69215","LayerName":"%%14611","LayerRTID":"48","RemoteUserID":"S-1-0-0","RemoteMachineID":"S-1-0-0","EventReceivedTime":1522076845585,"SourceModuleName":"firewall_logs","SourceModuleType":"im_msvistalog"}
{"EventTime":"2018-03-26 16:07:24","Hostname":"target","Keywords":-9214364837600034816,"EventType":"AUDIT_SUCCESS","SeverityValue":2,"Severity":"INFO","EventID":5156,"SourceName":"Microsoft-Windows-Security-Auditing","ProviderGuid":"{54849625-5478-4994-A5BA-3E3B0328C30D}","Version":1,"Task":12810,"OpcodeValue":0,"RecordNumber":28904,"ProcessID":4,"ThreadID":360,"Channel":"Security","Category":"Filtering Platform Connection","Opcode":"Info","Application":"\\device\\harddiskvolume1\\program files (x86)\\google\\chrome\\application\\chrome.exe","Direction":"%%14593","SourceAddress":"169.254.183.70","SourcePort":"60693","DestAddress":"239.255.255.250","DestPort":"1900","Protocol":"17","FilterRTID":"69215","LayerName":"%%14611","LayerRTID":"48","RemoteUserID":"S-1-0-0","RemoteMachineID":"S-1-0-0","EventReceivedTime":1522076845585,"SourceModuleName":"firewall_logs","SourceModuleType":"im_msvistalog"}
{"EventTime":"2018-03-26 16:07:39","Hostname":"target","Keywords":-9214364837600034816,"EventType":"AUDIT_SUCCESS","SeverityValue":2,"Severity":"INFO","EventID":5156,"SourceName":"Microsoft-Windows-Security-Auditing","ProviderGuid":"{54849625-5478-4994-A5BA-3E3B0328C30D}","Version":1,"Task":12810,"OpcodeValue":0,"RecordNumber":28914,"ProcessID":4,"ThreadID":360,"Channel":"Security","Category":"Filtering Platform Connection","Opcode":"Info","Application":"\\device\\harddiskvolume1\\windows\\system32\\svchost.exe","Direction":"%%14593","SourceAddress":"127.0.0.1","SourcePort":"61905","DestAddress":"239.255.255.250","DestPort":"1900","Protocol":"17","FilterRTID":"69219","LayerName":"%%14611","LayerRTID":"48","RemoteUserID":"S-1-0-0","RemoteMachineID":"S-1-0-0","EventReceivedTime":1522076861692,"SourceModuleName":"firewall_logs","SourceModuleType":"im_msvistalog"}
{"EventTime":"2018-03-26 16:09:24","Hostname":"target","Keywords":-9214364837600034816,"EventType":"AUDIT_SUCCESS","SeverityValue":2,"Severity":"INFO","EventID":5156,"SourceName":"Microsoft-Windows-Security-Auditing","ProviderGuid":"{54849625-5478-4994-A5BA-3E3B0328C30D}","Version":1,"Task":12810,"OpcodeValue":0,"RecordNumber":28923,"ProcessID":4,"ThreadID":4596,"Channel":"Security","Category":"Filtering Platform Connection","Opcode":"Info","Application":"\\device\\harddiskvolume1\\program files (x86)\\google\\chrome\\application\\chrome.exe","Direction":"%%14593","SourceAddress":"192.168.89.131","SourcePort":"60694","DestAddress":"239.255.255.250","DestPort":"1900","Protocol":"17","FilterRTID":"69215","LayerName":"%%14611","LayerRTID":"48","RemoteUserID":"S-1-0-0","RemoteMachineID":"S-1-0-0","EventReceivedTime":1522076966363,"SourceModuleName":"firewall_logs","SourceModuleType":"im_msvistalog"}
{"EventTime":"2018-03-26 16:09:24","Hostname":"target","Keywords":-9214364837600034816,"EventType":"AUDIT_SUCCESS","SeverityValue":2,"Severity":"INFO","EventID":5156,"SourceName":"Microsoft-Windows-Security-Auditing","ProviderGuid":"{54849625-5478-4994-A5BA-3E3B0328C30D}","Version":1,"Task":12810,"OpcodeValue":0,"RecordNumber":28924,"ProcessID":4,"ThreadID":4596,"Channel":"Security","Category":"Filtering Platform Connection","Opcode":"Info","Application":"\\device\\harddiskvolume1\\program files (x86)\\google\\chrome\\application\\chrome.exe","Direction":"%%14593","SourceAddress":"169.254.183.70","SourcePort":"60695","DestAddress":"239.255.255.250","DestPort":"1900","Protocol":"17","FilterRTID":"69215","LayerName":"%%14611","LayerRTID":"48","RemoteUserID":"S-1-0-0","RemoteMachineID":"S-1-0-0","EventReceivedTime":1522076966363,"SourceModuleName":"firewall_logs","SourceModuleType":"im_msvistalog"}
{"EventTime":"2018-03-26 16:10:04","Hostname":"target","Keywords":-9214364837600034816,"EventType":"AUDIT_SUCCESS","SeverityValue":2,"Severity":"INFO","EventID":5156,"SourceName":"Microsoft-Windows-Security-Auditing","ProviderGuid":"{54849625-5478-4994-A5BA-3E3B0328C30D}","Version":1,"Task":12810,"OpcodeValue":0,"RecordNumber":28929,"ProcessID":4,"ThreadID":4596,"Channel":"Security","Category":"Filtering Platform Connection","Opcode":"Info","Application":"\\device\\harddiskvolume1\\windows\\system32\\svchost.exe","Direction":"%%14593","SourceAddress":"192.168.89.131","SourcePort":"63527","DestAddress":"192.168.89.1","DestPort":"53","Protocol":"17","FilterRTID":"69215","LayerName":"%%14611","LayerRTID":"48","RemoteUserID":"S-1-0-0","RemoteMachineID":"S-1-0-0","EventReceivedTime":1522077005653,"SourceModuleName":"firewall_logs","SourceModuleType":"im_msvistalog"}
{"EventTime":"2018-03-26 16:11:24","Hostname":"target","Keywords":-9214364837600034816,"EventType":"AUDIT_SUCCESS","SeverityValue":2,"Severity":"INFO","EventID":5156,"SourceName":"Microsoft-Windows-Security-Auditing","ProviderGuid":"{54849625-5478-4994-A5BA-3E3B0328C30D}","Version":1,"Task":12810,"OpcodeValue":0,"RecordNumber":28932,"ProcessID":4,"ThreadID":4596,"Channel":"Security","Category":"Filtering Platform Connection","Opcode":"Info","Application":"\\device\\harddiskvolume1\\program files (x86)\\google\\chrome\\application\\chrome.exe","Direction":"%%14593","SourceAddress":"192.168.89.131","SourcePort":"63528","DestAddress":"239.255.255.250","DestPort":"1900","Protocol":"17","FilterRTID":"69215","LayerName":"%%14611","LayerRTID":"48","RemoteUserID":"S-1-0-0","RemoteMachineID":"S-1-0-0","EventReceivedTime":1522077086139,"SourceModuleName":"firewall_logs","SourceModuleType":"im_msvistalog"}
{"EventTime":"2018-03-26 16:11:24","Hostname":"target","Keywords":-9214364837600034816,"EventType":"AUDIT_SUCCESS","SeverityValue":2,"Severity":"INFO","EventID":5156,"SourceName":"Microsoft-Windows-Security-Auditing","ProviderGuid":"{54849625-5478-4994-A5BA-3E3B0328C30D}","Version":1,"Task":12810,"OpcodeValue":0,"RecordNumber":28933,"ProcessID":4,"ThreadID":4596,"Channel":"Security","Category":"Filtering Platform Connection","Opcode":"Info","Application":"\\device\\harddiskvolume1\\program files (x86)\\google\\chrome\\application\\chrome.exe","Direction":"%%14593","SourceAddress":"169.254.183.70","SourcePort":"63529","DestAddress":"239.255.255.250","DestPort":"1900","Protocol":"17","FilterRTID":"69215","LayerName":"%%14611","LayerRTID":"48","RemoteUserID":"S-1-0-0","RemoteMachineID":"S-1-0-0","EventReceivedTime":1522077086139,"SourceModuleName":"firewall_logs","SourceModuleType":"im_msvistalog"}
{"EventTime":"2018-03-26 16:12:05","Hostname":"target","Keywords":-9214364837600034816,"EventType":"AUDIT_SUCCESS","SeverityValue":2,"Severity":"INFO","EventID":5156,"SourceName":"Microsoft-Windows-Security-Auditing","ProviderGuid":"{54849625-5478-4994-A5BA-3E3B0328C30D}","Version":1,"Task":12810,"OpcodeValue":0,"RecordNumber":28936,"ProcessID":4,"ThreadID":4596,"Channel":"Security","Category":"Filtering Platform Connection","Opcode":"Info","Application":"\\device\\harddiskvolume1\\windows\\system32\\svchost.exe","Direction":"%%14593","SourceAddress":"192.168.89.131","SourcePort":"56451","DestAddress":"192.168.89.1","DestPort":"53","Protocol":"17","FilterRTID":"69215","LayerName":"%%14611","LayerRTID":"48","RemoteUserID":"S-1-0-0","RemoteMachineID":"S-1-0-0","EventReceivedTime":1522077126458,"SourceModuleName":"firewall_logs","SourceModuleType":"im_msvistalog"}
{"EventTime":"2018-03-26 16:12:40","Hostname":"target","Keywords":-9214364837600034816,"EventType":"AUDIT_SUCCESS","SeverityValue":2,"Severity":"INFO","EventID":5156,"SourceName":"Microsoft-Windows-Security-Auditing","ProviderGuid":"{54849625-5478-4994-A5BA-3E3B0328C30D}","Version":1,"Task":12810,"OpcodeValue":0,"RecordNumber":28938,"ProcessID":4,"ThreadID":4596,"Channel":"Security","Category":"Filtering Platform Connection","Opcode":"Info","Application":"\\device\\harddiskvolume1\\windows\\system32\\svchost.exe","Direction":"%%14593","SourceAddress":"0.0.0.0","SourcePort":"68","DestAddress":"255.255.255.255","DestPort":"67","Protocol":"17","FilterRTID":"69488","LayerName":"%%14611","LayerRTID":"48","RemoteUserID":"S-1-0-0","RemoteMachineID":"S-1-0-0","EventReceivedTime":1522077161753,"SourceModuleName":"firewall_logs","SourceModuleType":"im_msvistalog"}
{"EventTime":"2018-03-26 16:13:24","Hostname":"target","Keywords":-9214364837600034816,"EventType":"AUDIT_SUCCESS","SeverityValue":2,"Severity":"INFO","EventID":5156,"SourceName":"Microsoft-Windows-Security-Auditing","ProviderGuid":"{54849625-5478-4994-A5BA-3E3B0328C30D}","Version":1,"Task":12810,"OpcodeValue":0,"RecordNumber":28951,"ProcessID":4,"ThreadID":4596,"Channel":"Security","Category":"Filtering Platform Connection","Opcode":"Info","Application":"\\device\\harddiskvolume1\\program files (x86)\\google\\chrome\\application\\chrome.exe","Direction":"%%14593","SourceAddress":"192.168.89.131","SourcePort":"56452","DestAddress":"239.255.255.250","DestPort":"1900","Protocol":"17","FilterRTID":"69215","LayerName":"%%14611","LayerRTID":"48","RemoteUserID":"S-1-0-0","RemoteMachineID":"S-1-0-0","EventReceivedTime":1522077206142,"SourceModuleName":"firewall_logs","SourceModuleType":"im_msvistalog"}
{"EventTime":"2018-03-26 16:13:24","Hostname":"target","Keywords":-9214364837600034816,"EventType":"AUDIT_SUCCESS","SeverityValue":2,"Severity":"INFO","EventID":5156,"SourceName":"Microsoft-Windows-Security-Auditing","ProviderGuid":"{54849625-5478-4994-A5BA-3E3B0328C30D}","Version":1,"Task":12810,"OpcodeValue":0,"RecordNumber":28952,"ProcessID":4,"ThreadID":4596,"Channel":"Security","Category":"Filtering Platform Connection","Opcode":"Info","Application":"\\device\\harddiskvolume1\\program files (x86)\\google\\chrome\\application\\chrome.exe","Direction":"%%14593","SourceAddress":"169.254.183.70","SourcePort":"56453","DestAddress":"239.255.255.250","DestPort":"1900","Protocol":"17","FilterRTID":"69215","LayerName":"%%14611","LayerRTID":"48","RemoteUserID":"S-1-0-0","RemoteMachineID":"S-1-0-0","EventReceivedTime":1522077206142,"SourceModuleName":"firewall_logs","SourceModuleType":"im_msvistalog"}
{"EventTime":"2018-03-26 16:13:47","Hostname":"target","Keywords":-9214364837600034816,"EventType":"AUDIT_SUCCESS","SeverityValue":2,"Severity":"INFO","EventID":5156,"SourceName":"Microsoft-Windows-Security-Auditing","ProviderGuid":"{54849625-5478-4994-A5BA-3E3B0328C30D}","Version":1,"Task":12810,"OpcodeValue":0,"RecordNumber":28967,"ProcessID":4,"ThreadID":4596,"Channel":"Security","Category":"Filtering Platform Connection","Opcode":"Info","Application":"\\device\\harddiskvolume1\\windows\\system32\\svchost.exe","Direction":"%%14593","SourceAddress":"0.0.0.0","SourcePort":"68","DestAddress":"255.255.255.255","DestPort":"67","Protocol":"17","FilterRTID":"69488","LayerName":"%%14611","LayerRTID":"48","RemoteUserID":"S-1-0-0","RemoteMachineID":"S-1-0-0","EventReceivedTime":1522077228284,"SourceModuleName":"firewall_logs","SourceModuleType":"im_msvistalog"}
{"EventTime":"2018-03-26 16:13:47","Hostname":"target","Keywords":-9214364837600034816,"EventType":"AUDIT_SUCCESS","SeverityValue":2,"Severity":"INFO","EventID":5156,"SourceName":"Microsoft-Windows-Security-Auditing","ProviderGuid":"{54849625-5478-4994-A5BA-3E3B0328C30D}","Version":1,"Task":12810,"OpcodeValue":0,"RecordNumber":28970,"ProcessID":4,"ThreadID":4596,"Channel":"Security","Category":"Filtering Platform Connection","Opcode":"Info","Application":"\\device\\harddiskvolume1\\windows\\system32\\svchost.exe","Direction":"%%14593","SourceAddress":"127.0.0.1","SourcePort":"61905","DestAddress":"239.255.255.250","DestPort":"1900","Protocol":"17","FilterRTID":"69219","LayerName":"%%14611","LayerRTID":"48","RemoteUserID":"S-1-0-0","RemoteMachineID":"S-1-0-0","EventReceivedTime":1522077228284,"SourceModuleName":"firewall_logs","SourceModuleType":"im_msvistalog"}
{"EventTime":"2018-03-26 16:14:09","Hostname":"target","Keywords":-9214364837600034816,"EventType":"AUDIT_SUCCESS","SeverityValue":2,"Severity":"INFO","EventID":5156,"SourceName":"Microsoft-Windows-Security-Auditing","ProviderGuid":"{54849625-5478-4994-A5BA-3E3B0328C30D}","Version":1,"Task":12810,"OpcodeValue":0,"RecordNumber":28983,"ProcessID":4,"ThreadID":360,"Channel":"Security","Category":"Filtering Platform Connection","Opcode":"Info","Application":"\\device\\harddiskvolume1\\windows\\system32\\svchost.exe","Direction":"%%14593","SourceAddress":"192.168.89.131","SourcePort":"62649","DestAddress":"192.168.89.1","DestPort":"53","Protocol":"17","FilterRTID":"69215","LayerName":"%%14611","LayerRTID":"48","RemoteUserID":"S-1-0-0","RemoteMachineID":"S-1-0-0","EventReceivedTime":1522077251455,"SourceModuleName":"firewall_logs","SourceModuleType":"im_msvistalog"}
{"EventTime":"2018-03-26 16:14:40","Hostname":"target","Keywords":-9214364837600034816,"EventType":"AUDIT_SUCCESS","SeverityValue":2,"Severity":"INFO","EventID":5156,"SourceName":"Microsoft-Windows-Security-Auditing","ProviderGuid":"{54849625-5478-4994-A5BA-3E3B0328C30D}","Version":1,"Task":12810,"OpcodeValue":0,"RecordNumber":28993,"ProcessID":4,"ThreadID":4596,"Channel":"Security","Category":"Filtering Platform Connection","Opcode":"Info","Application":"\\device\\harddiskvolume1\\windows\\system32\\svchost.exe","Direction":"%%14593","SourceAddress":"192.168.89.131","SourcePort":"64585","DestAddress":"192.168.89.1","DestPort":"53","Protocol":"17","FilterRTID":"69215","LayerName":"%%14611","LayerRTID":"48","RemoteUserID":"S-1-0-0","RemoteMachineID":"S-1-0-0","EventReceivedTime":1522077281666,"SourceModuleName":"firewall_logs","SourceModuleType":"im_msvistalog"}
{"EventTime":"2018-03-26 16:14:47","Hostname":"target","Keywords":-9214364837600034816,"EventType":"AUDIT_SUCCESS","SeverityValue":2,"Severity":"INFO","EventID":5156,"SourceName":"Microsoft-Windows-Security-Auditing","ProviderGuid":"{54849625-5478-4994-A5BA-3E3B0328C30D}","Version":1,"Task":12810,"OpcodeValue":0,"RecordNumber":28995,"ProcessID":4,"ThreadID":4596,"Channel":"Security","Category":"Filtering Platform Connection","Opcode":"Info","Application":"\\device\\harddiskvolume1\\windows\\system32\\svchost.exe","Direction":"%%14593","SourceAddress":"127.0.0.1","SourcePort":"61905","DestAddress":"239.255.255.250","DestPort":"1900","Protocol":"17","FilterRTID":"69219","LayerName":"%%14611","LayerRTID":"48","RemoteUserID":"S-1-0-0","RemoteMachineID":"S-1-0-0","EventReceivedTime":1522077289733,"SourceModuleName":"firewall_logs","SourceModuleType":"im_msvistalog"}
{"EventTime":"2018-03-26 16:15:24","Hostname":"target","Keywords":-9214364837600034816,"EventType":"AUDIT_SUCCESS","SeverityValue":2,"Severity":"INFO","EventID":5156,"SourceName":"Microsoft-Windows-Security-Auditing","ProviderGuid":"{54849625-5478-4994-A5BA-3E3B0328C30D}","Version":1,"Task":12810,"OpcodeValue":0,"RecordNumber":29022,"ProcessID":4,"ThreadID":360,"Channel":"Security","Category":"Filtering Platform Connection","Opcode":"Info","Application":"\\device\\harddiskvolume1\\program files (x86)\\google\\chrome\\application\\chrome.exe","Direction":"%%14593","SourceAddress":"192.168.89.131","SourcePort":"64586","DestAddress":"239.255.255.250","DestPort":"1900","Protocol":"17","FilterRTID":"69215","LayerName":"%%14611","LayerRTID":"48","RemoteUserID":"S-1-0-0","RemoteMachineID":"S-1-0-0","EventReceivedTime":1522077326003,"SourceModuleName":"firewall_logs","SourceModuleType":"im_msvistalog"}
{"EventTime":"2018-03-26 16:15:24","Hostname":"target","Keywords":-9214364837600034816,"EventType":"AUDIT_SUCCESS","SeverityValue":2,"Severity":"INFO","EventID":5156,"SourceName":"Microsoft-Windows-Security-Auditing","ProviderGuid":"{54849625-5478-4994-A5BA-3E3B0328C30D}","Version":1,"Task":12810,"OpcodeValue":0,"RecordNumber":29023,"ProcessID":4,"ThreadID":360,"Channel":"Security","Category":"Filtering Platform Connection","Opcode":"Info","Application":"\\device\\harddiskvolume1\\program files (x86)\\google\\chrome\\application\\chrome.exe","Direction":"%%14593","SourceAddress":"169.254.183.70","SourcePort":"64587","DestAddress":"239.255.255.250","DestPort":"1900","Protocol":"17","FilterRTID":"69215","LayerName":"%%14611","LayerRTID":"48","RemoteUserID":"S-1-0-0","RemoteMachineID":"S-1-0-0","EventReceivedTime":1522077326003,"SourceModuleName":"firewall_logs","SourceModuleType":"im_msvistalog"}
{"EventTime":"2018-03-26 16:17:24","Hostname":"target","Keywords":-9214364837600034816,"EventType":"AUDIT_SUCCESS","SeverityValue":2,"Severity":"INFO","EventID":5156,"SourceName":"Microsoft-Windows-Security-Auditing","ProviderGuid":"{54849625-5478-4994-A5BA-3E3B0328C30D}","Version":1,"Task":12810,"OpcodeValue":0,"RecordNumber":29038,"ProcessID":4,"ThreadID":4596,"Channel":"Security","Category":"Filtering Platform Connection","Opcode":"Info","Application":"\\device\\harddiskvolume1\\program files (x86)\\google\\chrome\\application\\chrome.exe","Direction":"%%14593","SourceAddress":"192.168.89.131","SourcePort":"64588","DestAddress":"239.255.255.250","DestPort":"1900","Protocol":"17","FilterRTID":"69215","LayerName":"%%14611","LayerRTID":"48","RemoteUserID":"S-1-0-0","RemoteMachineID":"S-1-0-0","EventReceivedTime":1522077445912,"SourceModuleName":"firewall_logs","SourceModuleType":"im_msvistalog"}
{"EventTime":"2018-03-26 16:17:24","Hostname":"target","Keywords":-9214364837600034816,"EventType":"AUDIT_SUCCESS","SeverityValue":2,"Severity":"INFO","EventID":5156,"SourceName":"Microsoft-Windows-Security-Auditing","ProviderGuid":"{54849625-5478-4994-A5BA-3E3B0328C30D}","Version":1,"Task":12810,"OpcodeValue":0,"RecordNumber":29039,"ProcessID":4,"ThreadID":4596,"Channel":"Security","Category":"Filtering Platform Connection","Opcode":"Info","Application":"\\device\\harddiskvolume1\\program files (x86)\\google\\chrome\\application\\chrome.exe","Direction":"%%14593","SourceAddress":"169.254.183.70","SourcePort":"64589","DestAddress":"239.255.255.250","DestPort":"1900","Protocol":"17","FilterRTID":"69215","LayerName":"%%14611","LayerRTID":"48","RemoteUserID":"S-1-0-0","RemoteMachineID":"S-1-0-0","EventReceivedTime":1522077445912,"SourceModuleName":"firewall_logs","SourceModuleType":"im_msvistalog"}
{"EventTime":"2018-03-26 16:18:18","Hostname":"target","Keywords":-9214364837600034816,"EventType":"AUDIT_SUCCESS","SeverityValue":2,"Severity":"INFO","EventID":5156,"SourceName":"Microsoft-Windows-Security-Auditing","ProviderGuid":"{54849625-5478-4994-A5BA-3E3B0328C30D}","Version":1,"Task":12810,"OpcodeValue":0,"RecordNumber":29047,"ProcessID":4,"ThreadID":4596,"Channel":"Security","Category":"Filtering Platform Connection","Opcode":"Info","Application":"\\device\\harddiskvolume1\\windows\\system32\\svchost.exe","Direction":"%%14593","SourceAddress":"192.168.89.131","SourcePort":"68","DestAddress":"192.168.89.254","DestPort":"67","Protocol":"17","FilterRTID":"69488","LayerName":"%%14611","LayerRTID":"48","RemoteUserID":"S-1-0-0","RemoteMachineID":"S-1-0-0","EventReceivedTime":1522077500267,"SourceModuleName":"firewall_logs","SourceModuleType":"im_msvistalog"}
{"EventTime":"2018-03-26 16:18:18","Hostname":"target","Keywords":-9214364837600034816,"EventType":"AUDIT_SUCCESS","SeverityValue":2,"Severity":"INFO","EventID":5156,"SourceName":"Microsoft-Windows-Security-Auditing","ProviderGuid":"{54849625-5478-4994-A5BA-3E3B0328C30D}","Version":1,"Task":12810,"OpcodeValue":0,"RecordNumber":29048,"ProcessID":4,"ThreadID":4596,"Channel":"Security","Category":"Filtering Platform Connection","Opcode":"Info","Application":"System","Direction":"%%14593","SourceAddress":"fe80::a809:9bec:6f0e:e405","SourcePort":"143","DestAddress":"ff02::16","DestPort":"0","Protocol":"58","FilterRTID":"69217","LayerName":"%%14611","LayerRTID":"50","RemoteUserID":"S-1-0-0","RemoteMachineID":"S-1-0-0","EventReceivedTime":1522077500268,"SourceModuleName":"firewall_logs","SourceModuleType":"im_msvistalog"}
{"EventTime":"2018-03-26 16:18:18","Hostname":"target","Keywords":-9214364837600034816,"EventType":"AUDIT_SUCCESS","SeverityValue":2,"Severity":"INFO","EventID":5156,"SourceName":"Microsoft-Windows-Security-Auditing","ProviderGuid":"{54849625-5478-4994-A5BA-3E3B0328C30D}","Version":1,"Task":12810,"OpcodeValue":0,"RecordNumber":29049,"ProcessID":4,"ThreadID":4596,"Channel":"Security","Category":"Filtering Platform Connection","Opcode":"Info","Application":"System","Direction":"%%14593","SourceAddress":"fe80::b562:351a:c3db:b746","SourcePort":"143","DestAddress":"ff02::16","DestPort":"0","Protocol":"58","FilterRTID":"69217","LayerName":"%%14611","LayerRTID":"50","RemoteUserID":"S-1-0-0","RemoteMachineID":"S-1-0-0","EventReceivedTime":1522077500269,"SourceModuleName":"firewall_logs","SourceModuleType":"im_msvistalog"}
{"EventTime":"2018-03-26 16:18:18","Hostname":"target","Keywords":-9214364837600034816,"EventType":"AUDIT_SUCCESS","SeverityValue":2,"Severity":"INFO","EventID":5156,"SourceName":"Microsoft-Windows-Security-Auditing","ProviderGuid":"{54849625-5478-4994-A5BA-3E3B0328C30D}","Version":1,"Task":12810,"OpcodeValue":0,"RecordNumber":29050,"ProcessID":4,"ThreadID":4596,"Channel":"Security","Category":"Filtering Platform Connection","Opcode":"Info","Application":"System","Direction":"%%14593","SourceAddress":"192.168.89.131","SourcePort":"0","DestAddress":"224.0.0.22","DestPort":"0","Protocol":"2","FilterRTID":"69215","LayerName":"%%14611","LayerRTID":"48","RemoteUserID":"S-1-0-0","RemoteMachineID":"S-1-0-0","EventReceivedTime":1522077500269,"SourceModuleName":"firewall_logs","SourceModuleType":"im_msvistalog"}
{"EventTime":"2018-03-26 16:18:18","Hostname":"target","Keywords":-9214364837600034816,"EventType":"AUDIT_SUCCESS","SeverityValue":2,"Severity":"INFO","EventID":5156,"SourceName":"Microsoft-Windows-Security-Auditing","ProviderGuid":"{54849625-5478-4994-A5BA-3E3B0328C30D}","Version":1,"Task":12810,"OpcodeValue":0,"RecordNumber":29051,"ProcessID":4,"ThreadID":4596,"Channel":"Security","Category":"Filtering Platform Connection","Opcode":"Info","Application":"System","Direction":"%%14593","SourceAddress":"169.254.183.70","SourcePort":"0","DestAddress":"224.0.0.22","DestPort":"0","Protocol":"2","FilterRTID":"69215","LayerName":"%%14611","LayerRTID":"48","RemoteUserID":"S-1-0-0","RemoteMachineID":"S-1-0-0","EventReceivedTime":1522077500270,"SourceModuleName":"firewall_logs","SourceModuleType":"im_msvistalog"}
{"EventTime":"2018-03-26 16:18:18","Hostname":"target","Keywords":-9214364837600034816,"EventType":"AUDIT_SUCCESS","SeverityValue":2,"Severity":"INFO","EventID":5156,"SourceName":"Microsoft-Windows-Security-Auditing","ProviderGuid":"{54849625-5478-4994-A5BA-3E3B0328C30D}","Version":1,"Task":12810,"OpcodeValue":0,"RecordNumber":29058,"ProcessID":4,"ThreadID":4596,"Channel":"Security","Category":"Filtering Platform Connection","Opcode":"Info","Application":"\\device\\harddiskvolume1\\windows\\system32\\svchost.exe","Direction":"%%14593","SourceAddress":"fe80::a809:9bec:6f0e:e405","SourcePort":"54891","DestAddress":"ff02::1:3","DestPort":"5355","Protocol":"17","FilterRTID":"69217","LayerName":"%%14611","LayerRTID":"50","RemoteUserID":"S-1-0-0","RemoteMachineID":"S-1-0-0","EventReceivedTime":1522077500271,"SourceModuleName":"firewall_logs","SourceModuleType":"im_msvistalog"}
{"EventTime":"2018-03-26 16:18:18","Hostname":"target","Keywords":-9214364837600034816,"EventType":"AUDIT_SUCCESS","SeverityValue":2,"Severity":"INFO","EventID":5156,"SourceName":"Microsoft-Windows-Security-Auditing","ProviderGuid":"{54849625-5478-4994-A5BA-3E3B0328C30D}","Version":1,"Task":12810,"OpcodeValue":0,"RecordNumber":29059,"ProcessID":4,"ThreadID":4596,"Channel":"Security","Category":"Filtering Platform Connection","Opcode":"Info","Application":"\\device\\harddiskvolume1\\windows\\system32\\svchost.exe","Direction":"%%14593","SourceAddress":"192.168.89.131","SourcePort":"54891","DestAddress":"224.0.0.252","DestPort":"5355","Protocol":"17","FilterRTID":"69215","LayerName":"%%14611","LayerRTID":"48","RemoteUserID":"S-1-0-0","RemoteMachineID":"S-1-0-0","EventReceivedTime":1522077500272,"SourceModuleName":"firewall_logs","SourceModuleType":"im_msvistalog"}
{"EventTime":"2018-03-26 16:18:18","Hostname":"target","Keywords":-9214364837600034816,"EventType":"AUDIT_SUCCESS","SeverityValue":2,"Severity":"INFO","EventID":5156,"SourceName":"Microsoft-Windows-Security-Auditing","ProviderGuid":"{54849625-5478-4994-A5BA-3E3B0328C30D}","Version":1,"Task":12810,"OpcodeValue":0,"RecordNumber":29060,"ProcessID":4,"ThreadID":4596,"Channel":"Security","Category":"Filtering Platform Connection","Opcode":"Info","Application":"\\device\\harddiskvolume1\\windows\\system32\\svchost.exe","Direction":"%%14593","SourceAddress":"127.0.0.1","SourcePort":"61905","DestAddress":"239.255.255.250","DestPort":"1900","Protocol":"17","FilterRTID":"69219","LayerName":"%%14611","LayerRTID":"48","RemoteUserID":"S-1-0-0","RemoteMachineID":"S-1-0-0","EventReceivedTime":1522077500273,"SourceModuleName":"firewall_logs","SourceModuleType":"im_msvistalog"}
{"EventTime":"2018-03-26 16:18:19","Hostname":"target","Keywords":-9214364837600034816,"EventType":"AUDIT_SUCCESS","SeverityValue":2,"Severity":"INFO","EventID":5156,"SourceName":"Microsoft-Windows-Security-Auditing","ProviderGuid":"{54849625-5478-4994-A5BA-3E3B0328C30D}","Version":1,"Task":12810,"OpcodeValue":0,"RecordNumber":29062,"ProcessID":4,"ThreadID":4596,"Channel":"Security","Category":"Filtering Platform Connection","Opcode":"Info","Application":"\\device\\harddiskvolume1\\windows\\system32\\svchost.exe","Direction":"%%14593","SourceAddress":"fe80::b562:351a:c3db:b746","SourcePort":"54891","DestAddress":"ff02::1:3","DestPort":"5355","Protocol":"17","FilterRTID":"69217","LayerName":"%%14611","LayerRTID":"50","RemoteUserID":"S-1-0-0","RemoteMachineID":"S-1-0-0","EventReceivedTime":1522077500273,"SourceModuleName":"firewall_logs","SourceModuleType":"im_msvistalog"}
{"EventTime":"2018-03-26 16:18:19","Hostname":"target","Keywords":-9214364837600034816,"EventType":"AUDIT_SUCCESS","SeverityValue":2,"Severity":"INFO","EventID":5156,"SourceName":"Microsoft-Windows-Security-Auditing","ProviderGuid":"{54849625-5478-4994-A5BA-3E3B0328C30D}","Version":1,"Task":12810,"OpcodeValue":0,"RecordNumber":29063,"ProcessID":4,"ThreadID":4596,"Channel":"Security","Category":"Filtering Platform Connection","Opcode":"Info","Application":"\\device\\harddiskvolume1\\windows\\system32\\svchost.exe","Direction":"%%14593","SourceAddress":"169.254.183.70","SourcePort":"54891","DestAddress":"224.0.0.252","DestPort":"5355","Protocol":"17","FilterRTID":"69215","LayerName":"%%14611","LayerRTID":"48","RemoteUserID":"S-1-0-0","RemoteMachineID":"S-1-0-0","EventReceivedTime":1522077500274,"SourceModuleName":"firewall_logs","SourceModuleType":"im_msvistalog"}
{"EventTime":"2018-03-26 16:18:23","Hostname":"target","Keywords":-9214364837600034816,"EventType":"AUDIT_SUCCESS","SeverityValue":2,"Severity":"INFO","EventID":5156,"SourceName":"Microsoft-Windows-Security-Auditing","ProviderGuid":"{54849625-5478-4994-A5BA-3E3B0328C30D}","Version":1,"Task":12810,"OpcodeValue":0,"RecordNumber":29067,"ProcessID":4,"ThreadID":4596,"Channel":"Security","Category":"Filtering Platform Connection","Opcode":"Info","Application":"\\device\\harddiskvolume1\\windows\\system32\\svchost.exe","Direction":"%%14593","SourceAddress":"192.168.89.131","SourcePort":"50086","DestAddress":"192.168.89.1","DestPort":"53","Protocol":"17","FilterRTID":"69215","LayerName":"%%14611","LayerRTID":"48","RemoteUserID":"S-1-0-0","RemoteMachineID":"S-1-0-0","EventReceivedTime":1522077504307,"SourceModuleName":"firewall_logs","SourceModuleType":"im_msvistalog"}
