{"EventTime":"2018-03-26 17:18:18","Hostname":"target","Keywords":-9214364837600034816,"EventType":"AUDIT_SUCCESS","SeverityValue":2,"Severity":"INFO","EventID":5156,"SourceName":"Microsoft-Windows-Security-Auditing","ProviderGuid":"{54849625-5478-4994-A5BA-3E3B0328C30D}","Version":1,"Task":12810,"OpcodeValue":0,"RecordNumber":30145,"ProcessID":4,"ThreadID":1212,"Channel":"Security","Category":"Filtering Platform Connection","Opcode":"Info","Application":"\\device\\harddiskvolume1\\windows\\system32\\svchost.exe","Direction":"%%14593","SourceAddress":"127.0.0.1","SourcePort":"61905","DestAddress":"239.255.255.250","DestPort":"1900","Protocol":"17","FilterRTID":"69219","LayerName":"%%14611","LayerRTID":"48","RemoteUserID":"S-1-0-0","RemoteMachineID":"S-1-0-0","EventReceivedTime":1522081099716,"SourceModuleName":"firewall_logs","SourceModuleType":"im_msvistalog"}
{"EventTime":"2018-03-26 17:18:18","Hostname":"target","Keywords":-9214364837600034816,"EventType":"AUDIT_SUCCESS","SeverityValue":2,"Severity":"INFO","EventID":5156,"SourceName":"Microsoft-Windows-Security-Auditing","ProviderGuid":"{54849625-5478-4994-A5BA-3E3B0328C30D}","Version":1,"Task":12810,"OpcodeValue":0,"RecordNumber":30147,"ProcessID":4,"ThreadID":1212,"Channel":"Security","Category":"Filtering Platform Connection","Opcode":"Info","Application":"\\device\\harddiskvolume1\\windows\\system32\\svchost.exe","Direction":"%%14593","SourceAddress":"fe80::b562:351a:c3db:b746","SourcePort":"64070","DestAddress":"ff02::1:3","DestPort":"5355","Protocol":"17","FilterRTID":"69217","LayerName":"%%14611","LayerRTID":"50","RemoteUserID":"S-1-0-0","RemoteMachineID":"S-1-0-0","EventReceivedTime":1522081099718,"SourceModuleName":"firewall_logs","SourceModuleType":"im_msvistalog"}
{"EventTime":"2018-03-26 17:18:18","Hostname":"target","Keywords":-9214364837600034816,"EventType":"AUDIT_SUCCESS","SeverityValue":2,"Severity":"INFO","EventID":5156,"SourceName":"Microsoft-Windows-Security-Auditing","ProviderGuid":"{54849625-5478-4994-A5BA-3E3B0328C30D}","Version":1,"Task":12810,"OpcodeValue":0,"RecordNumber":30148,"ProcessID":4,"ThreadID":1212,"Channel":"Security","Category":"Filtering Platform Connection","Opcode":"Info","Application":"\\device\\harddiskvolume1\\windows\\system32\\svchost.exe","Direction":"%%14593","SourceAddress":"169.254.183.70","SourcePort":"64070","DestAddress":"224.0.0.252","DestPort":"5355","Protocol":"17","FilterRTID":"69215","LayerName":"%%14611","LayerRTID":"48","RemoteUserID":"S-1-0-0","RemoteMachineID":"S-1-0-0","EventReceivedTime":1522081099719,"SourceModuleName":"firewall_logs","SourceModuleType":"im_msvistalog"}
{"EventTime":"2018-03-26 17:19:24","Hostname":"target","Keywords":-9214364837600034816,"EventType":"AUDIT_SUCCESS","SeverityValue":2,"Severity":"INFO","EventID":5156,"SourceName":"Microsoft-Windows-Security-Auditing","ProviderGuid":"{54849625-5478-4994-A5BA-3E3B0328C30D}","Version":1,"Task":12810,"OpcodeValue":0,"RecordNumber":30160,"ProcessID":4,"ThreadID":4596,"Channel":"Security","Category":"Filtering Platform Connection","Opcode":"Info","Application":"\\device\\harddiskvolume1\\program files (x86)\\google\\chrome\\application\\chrome.exe","Direction":"%%14593","SourceAddress":"192.168.89.131","SourcePort":"64071","DestAddress":"239.255.255.250","DestPort":"1900","Protocol":"17","FilterRTID":"69215","LayerName":"%%14611","LayerRTID":"48","RemoteUserID":"S-1-0-0","RemoteMachineID":"S-1-0-0","EventReceivedTime":1522081166239,"SourceModuleName":"firewall_logs","SourceModuleType":"im_msvistalog"}
{"EventTime":"2018-03-26 17:19:24","Hostname":"target","Keywords":-9214364837600034816,"EventType":"AUDIT_SUCCESS","SeverityValue":2,"Severity":"INFO","EventID":5156,"SourceName":"Microsoft-Windows-Security-Auditing","ProviderGuid":"{54849625-5478-4994-A5BA-3E3B0328C30D}","Version":1,"Task":12810,"OpcodeValue":0,"RecordNumber":30161,"ProcessID":4,"ThreadID":4596,"Channel":"Security","Category":"Filtering Platform Connection","Opcode":"Info","Application":"\\device\\harddiskvolume1\\program files (x86)\\google\\chrome\\application\\chrome.exe","Direction":"%%14593","SourceAddress":"169.254.183.70","SourcePort":"64072","DestAddress":"239.255.255.250","DestPort":"1900","Protocol":"17","FilterRTID":"69215","LayerName":"%%14611","LayerRTID":"48","RemoteUserID":"S-1-0-0","RemoteMachineID":"S-1-0-0","EventReceivedTime":1522081166240,"SourceModuleName":"firewall_logs","SourceModuleType":"im_msvistalog"}
{"EventTime":"2018-03-26 17:20:04","Hostname":"target","Keywords":-9214364837600034816,"EventType":"AUDIT_SUCCESS","SeverityValue":2,"Severity":"INFO","EventID":5156,"SourceName":"Microsoft-Windows-Security-Auditing","ProviderGuid":"{54849625-5478-4994-A5BA-3E3B0328C30D}","Version":1,"Task":12810,"OpcodeValue":0,"RecordNumber":30166,"ProcessID":4,"ThreadID":1212,"Channel":"Security","Category":"Filtering Platform Connection","Opcode":"Info","Application":"\\device\\harddiskvolume1\\windows\\system32\\svchost.exe","Direction":"%%14593","SourceAddress":"192.168.89.131","SourcePort":"59040","DestAddress":"192.168.89.1","DestPort":"53","Protocol":"17","FilterRTID":"69215","LayerName":"%%14611","LayerRTID":"48","RemoteUserID":"S-1-0-0","RemoteMachineID":"S-1-0-0","EventReceivedTime":1522081205504,"SourceModuleName":"firewall_logs","SourceModuleType":"im_msvistalog"}
{"EventTime":"2018-03-26 17:20:16","Hostname":"target","Keywords":-9214364837600034816,"EventType":"AUDIT_SUCCESS","SeverityValue":2,"Severity":"INFO","EventID":5156,"SourceName":"Microsoft-Windows-Security-Auditing","ProviderGuid":"{54849625-5478-4994-A5BA-3E3B0328C30D}","Version":1,"Task":12810,"OpcodeValue":0,"RecordNumber":30169,"ProcessID":4,"ThreadID":1212,"Channel":"Security","Category":"Filtering Platform Connection","Opcode":"Info","Application":"\\device\\harddiskvolume1\\windows\\system32\\svchost.exe","Direction":"%%14593","SourceAddress":"192.168.89.131","SourcePort":"65452","DestAddress":"192.168.89.1","DestPort":"53","Protocol":"17","FilterRTID":"69215","LayerName":"%%14611","LayerRTID":"48","RemoteUserID":"S-1-0-0","RemoteMachineID":"S-1-0-0","EventReceivedTime":1522081217592,"SourceModuleName":"firewall_logs","SourceModuleType":"im_msvistalog"}
{"EventTime":"2018-03-26 17:20:23","Hostname":"target","Keywords":-9214364837600034816,"EventType":"AUDIT_SUCCESS","SeverityValue":2,"Severity":"INFO","EventID":5156,"SourceName":"Microsoft-Windows-Security-Auditing","ProviderGuid":"{54849625-5478-4994-A5BA-3E3B0328C30D}","Version":1,"Task":12810,"OpcodeValue":0,"RecordNumber":30172,"ProcessID":4,"ThreadID":1212,"Channel":"Security","Category":"Filtering Platform Connection","Opcode":"Info","Application":"\\device\\harddiskvolume1\\windows\\system32\\svchost.exe","Direction":"%%14593","SourceAddress":"192.168.89.131","SourcePort":"61744","DestAddress":"192.168.89.1","DestPort":"53","Protocol":"17","FilterRTID":"69215","LayerName":"%%14611","LayerRTID":"48","RemoteUserID":"S-1-0-0","RemoteMachineID":"S-1-0-0","EventReceivedTime":1522081224665,"SourceModuleName":"firewall_logs","SourceModuleType":"im_msvistalog"}
{"EventTime":"2018-03-26 17:20:29","Hostname":"target","Keywords":-9214364837600034816,"EventType":"AUDIT_SUCCESS","SeverityValue":2,"Severity":"INFO","EventID":5156,"SourceName":"Microsoft-Windows-Security-Auditing","ProviderGuid":"{54849625-5478-4994-A5BA-3E3B0328C30D}","Version":1,"Task":12810,"OpcodeValue":0,"RecordNumber":30175,"ProcessID":4,"ThreadID":4596,"Channel":"Security","Category":"Filtering Platform Connection","Opcode":"Info","Application":"\\device\\harddiskvolume1\\windows\\system32\\svchost.exe","Direction":"%%14593","SourceAddress":"192.168.89.131","SourcePort":"55446","DestAddress":"192.168.89.1","DestPort":"53","Protocol":"17","FilterRTID":"69215","LayerName":"%%14611","LayerRTID":"48","RemoteUserID":"S-1-0-0","RemoteMachineID":"S-1-0-0","EventReceivedTime":1522081230713,"SourceModuleName":"firewall_logs","SourceModuleType":"im_msvistalog"}
{"EventTime":"2018-03-26 17:20:33","Hostname":"target","Keywords":-9214364837600034816,"EventType":"AUDIT_SUCCESS","SeverityValue":2,"Severity":"INFO","EventID":5156,"SourceName":"Microsoft-Windows-Security-Auditing","ProviderGuid":"{54849625-5478-4994-A5BA-3E3B0328C30D}","Version":1,"Task":12810,"OpcodeValue":0,"RecordNumber":30177,"ProcessID":4,"ThreadID":1212,"Channel":"Security","Category":"Filtering Platform Connection","Opcode":"Info","Application":"\\device\\harddiskvolume1\\windows\\system32\\svchost.exe","Direction":"%%14593","SourceAddress":"0.0.0.0","SourcePort":"68","DestAddress":"255.255.255.255","DestPort":"67","Protocol":"17","FilterRTID":"69488","LayerName":"%%14611","LayerRTID":"48","RemoteUserID":"S-1-0-0","RemoteMachineID":"S-1-0-0","EventReceivedTime":1522081234730,"SourceModuleName":"firewall_logs","SourceModuleType":"im_msvistalog"}
{"EventTime":"2018-03-26 17:21:24","Hostname":"target","Keywords":-9214364837600034816,"EventType":"AUDIT_SUCCESS","SeverityValue":2,"Severity":"INFO","EventID":5156,"SourceName":"Microsoft-Windows-Security-Auditing","ProviderGuid":"{54849625-5478-4994-A5BA-3E3B0328C30D}","Version":1,"Task":12810,"OpcodeValue":0,"RecordNumber":30190,"ProcessID":4,"ThreadID":1212,"Channel":"Security","Category":"Filtering Platform Connection","Opcode":"Info","Application":"\\device\\harddiskvolume1\\program files (x86)\\google\\chrome\\application\\chrome.exe","Direction":"%%14593","SourceAddress":"192.168.89.131","SourcePort":"55447","DestAddress":"239.255.255.250","DestPort":"1900","Protocol":"17","FilterRTID":"69215","LayerName":"%%14611","LayerRTID":"48","RemoteUserID":"S-1-0-0","RemoteMachineID":"S-1-0-0","EventReceivedTime":1522081286022,"SourceModuleName":"firewall_logs","SourceModuleType":"im_msvistalog"}
{"EventTime":"2018-03-26 17:21:24","Hostname":"target","Keywords":-9214364837600034816,"EventType":"AUDIT_SUCCESS","SeverityValue":2,"Severity":"INFO","EventID":5156,"SourceName":"Microsoft-Windows-Security-Auditing","ProviderGuid":"{54849625-5478-4994-A5BA-3E3B0328C30D}","Version":1,"Task":12810,"OpcodeValue":0,"RecordNumber":30191,"ProcessID":4,"ThreadID":1212,"Channel":"Security","Category":"Filtering Platform Connection","Opcode":"Info","Application":"\\device\\harddiskvolume1\\program files (x86)\\google\\chrome\\application\\chrome.exe","Direction":"%%14593","SourceAddress":"169.254.183.70","SourcePort":"55448","DestAddress":"239.255.255.250","DestPort":"1900","Protocol":"17","FilterRTID":"69215","LayerName":"%%14611","LayerRTID":"48","RemoteUserID":"S-1-0-0","RemoteMachineID":"S-1-0-0","EventReceivedTime":1522081286024,"SourceModuleName":"firewall_logs","SourceModuleType":"im_msvistalog"}
{"EventTime":"2018-03-26 17:21:38","Hostname":"target","Keywords":-9214364837600034816,"EventType":"AUDIT_SUCCESS","SeverityValue":2,"Severity":"INFO","EventID":5156,"SourceName":"Microsoft-Windows-Security-Auditing","ProviderGuid":"{54849625-5478-4994-A5BA-3E3B0328C30D}","Version":1,"Task":12810,"OpcodeValue":0,"RecordNumber":30202,"ProcessID":4,"ThreadID":4596,"Channel":"Security","Category":"Filtering Platform Connection","Opcode":"Info","Application":"\\device\\harddiskvolume1\\windows\\system32\\svchost.exe","Direction":"%%14593","SourceAddress":"127.0.0.1","SourcePort":"61905","DestAddress":"239.255.255.250a","DestPort":"1900","Protocol":"17","FilterRTID":"69219","LayerName":"%%14611","LayerRTID":"48","RemoteUserID":"S-1-0-0","RemoteMachineID":"S-1-0-0","EventReceivedTime":1522081300086,"SourceModuleName":"firewall_logs","SourceModuleType":"im_msvistalog"}
