{"EventTime":"2018-03-26 16:18:35","Hostname":"target","Keywords":-9214364837600034816,"EventType":"AUDIT_SUCCESS","SeverityValue":2,"Severity":"INFO","EventID":5156,"SourceName":"Microsoft-Windows-Security-Auditing","ProviderGuid":"{54849625-5478-4994-A5BA-3E3B0328C30D}","Version":1,"Task":12810,"OpcodeValue":0,"RecordNumber":29074,"ProcessID":4,"ThreadID":4596,"Channel":"Security","Category":"Filtering Platform Connection","Opcode":"Info","Application":"\\device\\harddiskvolume1\\windows\\system32\\svchost.exe","Direction":"%%14593","SourceAddress":"192.168.89.131","SourcePort":"60271","DestAddress":"192.168.89.1","DestPort":"53","Protocol":"17","FilterRTID":"69215","LayerName":"%%14611","LayerRTID":"48","RemoteUserID":"S-1-0-0","RemoteMachineID":"S-1-0-0","EventReceivedTime":1522077516406,"SourceModuleName":"firewall_logs","SourceModuleType":"im_msvistalog"}
{"EventTime":"2018-03-26 16:18:42","Hostname":"target","Keywords":-9214364837600034816,"EventType":"AUDIT_SUCCESS","SeverityValue":2,"Severity":"INFO","EventID":5156,"SourceName":"Microsoft-Windows-Security-Auditing","ProviderGuid":"{54849625-5478-4994-A5BA-3E3B0328C30D}","Version":1,"Task":12810,"OpcodeValue":0,"RecordNumber":29077,"ProcessID":4,"ThreadID":4596,"Channel":"Security","Category":"Filtering Platform Connection","Opcode":"Info","Application":"\\device\\harddiskvolume1\\windows\\system32\\svchost.exe","Direction":"%%14593","SourceAddress":"192.168.89.131","SourcePort":"59783","DestAddress":"192.168.89.1","DestPort":"53","Protocol":"17","FilterRTID":"69215","LayerName":"%%14611","LayerRTID":"48","RemoteUserID":"S-1-0-0","RemoteMachineID":"S-1-0-0","EventReceivedTime":1522077523445,"SourceModuleName":"firewall_logs","SourceModuleType":"im_msvistalog"}
{"EventTime":"2018-03-26 16:19:18","Hostname":"target","Keywords":-9214364837600034816,"EventType":"AUDIT_SUCCESS","SeverityValue":2,"Severity":"INFO","EventID":5156,"SourceName":"Microsoft-Windows-Security-Auditing","ProviderGuid":"{54849625-5478-4994-A5BA-3E3B0328C30D}","Version":1,"Task":12810,"OpcodeValue":0,"RecordNumber":29080,"ProcessID":4,"ThreadID":4596,"Channel":"Security","Category":"Filtering Platform Connection","Opcode":"Info","Application":"\\device\\harddiskvolume1\\windows\\system32\\svchost.exe","Direction":"%%14593","SourceAddress":"0.0.0.0","SourcePort":"68","DestAddress":"255.255.255.255","DestPort":"67","Protocol":"17","FilterRTID":"69488","LayerName":"%%14611","LayerRTID":"48","RemoteUserID":"S-1-0-0","RemoteMachineID":"S-1-0-0","EventReceivedTime":1522077560749,"SourceModuleName":"firewall_logs","SourceModuleType":"im_msvistalog"}
{"EventTime":"2018-03-26 16:19:24","Hostname":"target","Keywords":-9214364837600034816,"EventType":"AUDIT_SUCCESS","SeverityValue":2,"Severity":"INFO","EventID":5156,"SourceName":"Microsoft-Windows-Security-Auditing","ProviderGuid":"{54849625-5478-4994-A5BA-3E3B0328C30D}","Version":1,"Task":12810,"OpcodeValue":0,"RecordNumber":29087,"ProcessID":4,"ThreadID":360,"Channel":"Security","Category":"Filtering Platform Connection","Opcode":"Info","Application":"\\device\\harddiskvolume1\\program files (x86)\\google\\chrome\\application\\chrome.exe","Direction":"%%14593","SourceAddress":"192.168.89.131","SourcePort":"59784","DestAddress":"239.255.255.250","DestPort":"1900","Protocol":"17","FilterRTID":"69215","LayerName":"%%14611","LayerRTID":"48","RemoteUserID":"S-1-0-0","RemoteMachineID":"S-1-0-0","EventReceivedTime":1522077565794,"SourceModuleName":"firewall_logs","SourceModuleType":"im_msvistalog"}
{"EventTime":"2018-03-26 16:19:24","Hostname":"target","Keywords":-9214364837600034816,"EventType":"AUDIT_SUCCESS","SeverityValue":2,"Severity":"INFO","EventID":5156,"SourceName":"Microsoft-Windows-Security-Auditing","ProviderGuid":"{54849625-5478-4994-A5BA-3E3B0328C30D}","Version":1,"Task":12810,"OpcodeValue":0,"RecordNumber":29088,"ProcessID":4,"ThreadID":360,"Channel":"Security","Category":"Filtering Platform Connection","Opcode":"Info","Application":"\\device\\harddiskvolume1\\program files (x86)\\google\\chrome\\application\\chrome.exe","Direction":"%%14593","SourceAddress":"169.254.183.70","SourcePort":"59785","DestAddress":"239.255.255.250","DestPort":"1900","Protocol":"17","FilterRTID":"69215","LayerName":"%%14611","LayerRTID":"48","RemoteUserID":"S-1-0-0","RemoteMachineID":"S-1-0-0","EventReceivedTime":1522077565795,"SourceModuleName":"firewall_logs","SourceModuleType":"im_msvistalog"}
{"EventTime":"2018-03-26 16:20:04","Hostname":"target","Keywords":-9214364837600034816,"EventType":"AUDIT_SUCCESS","SeverityValue":2,"Severity":"INFO","EventID":5156,"SourceName":"Microsoft-Windows-Security-Auditing","ProviderGuid":"{54849625-5478-4994-A5BA-3E3B0328C30D}","Version":1,"Task":12810,"OpcodeValue":0,"RecordNumber":29107,"ProcessID":4,"ThreadID":360,"Channel":"Security","Category":"Filtering Platform Connection","Opcode":"Info","Application":"\\device\\harddiskvolume1\\windows\\system32\\svchost.exe","Direction":"%%14593","SourceAddress":"192.168.89.131","SourcePort":"54632","DestAddress":"192.168.89.1","DestPort":"53","Protocol":"17","FilterRTID":"69215","LayerName":"%%14611","LayerRTID":"48","RemoteUserID":"S-1-0-0","RemoteMachineID":"S-1-0-0","EventReceivedTime":1522077605999,"SourceModuleName":"firewall_logs","SourceModuleType":"im_msvistalog"}
{"EventTime":"2018-03-26 16:20:22","Hostname":"target","Keywords":-9214364837600034816,"EventType":"AUDIT_SUCCESS","SeverityValue":2,"Severity":"INFO","EventID":5156,"SourceName":"Microsoft-Windows-Security-Auditing","ProviderGuid":"{54849625-5478-4994-A5BA-3E3B0328C30D}","Version":1,"Task":12810,"OpcodeValue":0,"RecordNumber":29110,"ProcessID":4,"ThreadID":4596,"Channel":"Security","Category":"Filtering Platform Connection","Opcode":"Info","Application":"\\device\\harddiskvolume1\\windows\\system32\\svchost.exe","Direction":"%%14593","SourceAddress":"127.0.0.1","SourcePort":"61905","DestAddress":"239.255.255.250","DestPort":"1900","Protocol":"17","FilterRTID":"69219","LayerName":"%%14611","LayerRTID":"48","RemoteUserID":"S-1-0-0","RemoteMachineID":"S-1-0-0","EventReceivedTime":1522077624106,"SourceModuleName":"firewall_logs","SourceModuleType":"im_msvistalog"}
{"EventTime":"2018-03-26 16:21:24","Hostname":"target","Keywords":-9214364837600034816,"EventType":"AUDIT_SUCCESS","SeverityValue":2,"Severity":"INFO","EventID":5156,"SourceName":"Microsoft-Windows-Security-Auditing","ProviderGuid":"{54849625-5478-4994-A5BA-3E3B0328C30D}","Version":1,"Task":12810,"OpcodeValue":0,"RecordNumber":29131,"ProcessID":4,"ThreadID":360,"Channel":"Security","Category":"Filtering Platform Connection","Opcode":"Info","Application":"\\device\\harddiskvolume1\\program files (x86)\\google\\chrome\\application\\chrome.exe","Direction":"%%14593","SourceAddress":"192.168.89.131","SourcePort":"54633","DestAddress":"239.255.255.250","DestPort":"1900","Protocol":"17","FilterRTID":"69215","LayerName":"%%14611","LayerRTID":"48","RemoteUserID":"S-1-0-0","RemoteMachineID":"S-1-0-0","EventReceivedTime":1522077685545,"SourceModuleName":"firewall_logs","SourceModuleType":"im_msvistalog"}
{"EventTime":"2018-03-26 16:21:24","Hostname":"target","Keywords":-9214364837600034816,"EventType":"AUDIT_SUCCESS","SeverityValue":2,"Severity":"INFO","EventID":5156,"SourceName":"Microsoft-Windows-Security-Auditing","ProviderGuid":"{54849625-5478-4994-A5BA-3E3B0328C30D}","Version":1,"Task":12810,"OpcodeValue":0,"RecordNumber":29132,"ProcessID":4,"ThreadID":360,"Channel":"Security","Category":"Filtering Platform Connection","Opcode":"Info","Application":"\\device\\harddiskvolume1\\program files (x86)\\google\\chrome\\application\\chrome.exe","Direction":"%%14593","SourceAddress":"169.254.183.70","SourcePort":"54634","DestAddress":"239.255.255.250","DestPort":"1900","Protocol":"17","FilterRTID":"69215","LayerName":"%%14611","LayerRTID":"48","RemoteUserID":"S-1-0-0","RemoteMachineID":"S-1-0-0","EventReceivedTime":1522077685547,"SourceModuleName":"firewall_logs","SourceModuleType":"im_msvistalog"}
{"EventTime":"2018-03-26 16:23:24","Hostname":"target","Keywords":-9214364837600034816,"EventType":"AUDIT_SUCCESS","SeverityValue":2,"Severity":"INFO","EventID":5156,"SourceName":"Microsoft-Windows-Security-Auditing","ProviderGuid":"{54849625-5478-4994-A5BA-3E3B0328C30D}","Version":1,"Task":12810,"OpcodeValue":0,"RecordNumber":29149,"ProcessID":4,"ThreadID":4596,"Channel":"Security","Category":"Filtering Platform Connection","Opcode":"Info","Application":"\\device\\harddiskvolume1\\program files (x86)\\google\\chrome\\application\\chrome.exe","Direction":"%%14593","SourceAddress":"192.168.89.131","SourcePort":"54635","DestAddress":"239.255.255.250","DestPort":"1900","Protocol":"17","FilterRTID":"69215","LayerName":"%%14611","LayerRTID":"48","RemoteUserID":"S-1-0-0","RemoteMachineID":"S-1-0-0","EventReceivedTime":1522077806401,"SourceModuleName":"firewall_logs","SourceModuleType":"im_msvistalog"}
{"EventTime":"2018-03-26 16:23:24","Hostname":"target","Keywords":-9214364837600034816,"EventType":"AUDIT_SUCCESS","SeverityValue":2,"Severity":"INFO","EventID":5156,"SourceName":"Microsoft-Windows-Security-Auditing","ProviderGuid":"{54849625-5478-4994-A5BA-3E3B0328C30D}","Version":1,"Task":12810,"OpcodeValue":0,"RecordNumber":29150,"ProcessID":4,"ThreadID":4596,"Channel":"Security","Category":"Filtering Platform Connection","Opcode":"Info","Application":"\\device\\harddiskvolume1\\program files (x86)\\google\\chrome\\application\\chrome.exe","Direction":"%%14593","SourceAddress":"169.254.183.70","SourcePort":"54636","DestAddress":"239.255.255.250","DestPort":"1900","Protocol":"17","FilterRTID":"69215","LayerName":"%%14611","LayerRTID":"48","RemoteUserID":"S-1-0-0","RemoteMachineID":"S-1-0-0","EventReceivedTime":1522077806402,"SourceModuleName":"firewall_logs","SourceModuleType":"im_msvistalog"}
{"EventTime":"2018-03-26 16:24:09","Hostname":"target","Keywords":-9214364837600034816,"EventType":"AUDIT_SUCCESS","SeverityValue":2,"Severity":"INFO","EventID":5156,"SourceName":"Microsoft-Windows-Security-Auditing","ProviderGuid":"{54849625-5478-4994-A5BA-3E3B0328C30D}","Version":1,"Task":12810,"OpcodeValue":0,"RecordNumber":29153,"ProcessID":4,"ThreadID":4596,"Channel":"Security","Category":"Filtering Platform Connection","Opcode":"Info","Application":"\\device\\harddiskvolume1\\windows\\system32\\svchost.exe","Direction":"%%14593","SourceAddress":"192.168.89.131","SourcePort":"56449","DestAddress":"192.168.89.1","DestPort":"53","Protocol":"17","FilterRTID":"69215","LayerName":"%%14611","LayerRTID":"48","RemoteUserID":"S-1-0-0","RemoteMachineID":"S-1-0-0","EventReceivedTime":1522077851784,"SourceModuleName":"firewall_logs","SourceModuleType":"im_msvistalog"}
{"EventTime":"2018-03-26 16:24:40","Hostname":"target","Keywords":-9214364837600034816,"EventType":"AUDIT_SUCCESS","SeverityValue":2,"Severity":"INFO","EventID":5156,"SourceName":"Microsoft-Windows-Security-Auditing","ProviderGuid":"{54849625-5478-4994-A5BA-3E3B0328C30D}","Version":1,"Task":12810,"OpcodeValue":0,"RecordNumber":29156,"ProcessID":4,"ThreadID":360,"Channel":"Security","Category":"Filtering Platform Connection","Opcode":"Info","Application":"\\device\\harddiskvolume1\\windows\\system32\\svchost.exe","Direction":"%%14593","SourceAddress":"192.168.89.131","SourcePort":"63380","DestAddress":"192.168.89.1","DestPort":"53","Protocol":"17","FilterRTID":"69215","LayerName":"%%14611","LayerRTID":"48","RemoteUserID":"S-1-0-0","RemoteMachineID":"S-1-0-0","EventReceivedTime":1522077882038,"SourceModuleName":"firewall_logs","SourceModuleType":"im_msvistalog"}
{"EventTime":"2018-03-26 16:25:24","Hostname":"target","Keywords":-9214364837600034816,"EventType":"AUDIT_SUCCESS","SeverityValue":2,"Severity":"INFO","EventID":5156,"SourceName":"Microsoft-Windows-Security-Auditing","ProviderGuid":"{54849625-5478-4994-A5BA-3E3B0328C30D}","Version":1,"Task":12810,"OpcodeValue":0,"RecordNumber":29159,"ProcessID":4,"ThreadID":4596,"Channel":"Security","Category":"Filtering Platform Connection","Opcode":"Info","Application":"\\device\\harddiskvolume1\\program files (x86)\\google\\chrome\\application\\chrome.exe","Direction":"%%14593","SourceAddress":"192.168.89.131","SourcePort":"63381","DestAddress":"239.255.255.250","DestPort":"1900","Protocol":"17","FilterRTID":"69215","LayerName":"%%14611","LayerRTID":"48","RemoteUserID":"S-1-0-0","RemoteMachineID":"S-1-0-0","EventReceivedTime":1522077926349,"SourceModuleName":"firewall_logs","SourceModuleType":"im_msvistalog"}
{"EventTime":"2018-03-26 16:25:24","Hostname":"target","Keywords":-9214364837600034816,"EventType":"AUDIT_SUCCESS","SeverityValue":2,"Severity":"INFO","EventID":5156,"SourceName":"Microsoft-Windows-Security-Auditing","ProviderGuid":"{54849625-5478-4994-A5BA-3E3B0328C30D}","Version":1,"Task":12810,"OpcodeValue":0,"RecordNumber":29160,"ProcessID":4,"ThreadID":4596,"Channel":"Security","Category":"Filtering Platform Connection","Opcode":"Info","Application":"\\device\\harddiskvolume1\\program files (x86)\\google\\chrome\\application\\chrome.exe","Direction":"%%14593","SourceAddress":"169.254.183.70","SourcePort":"63382","DestAddress":"239.255.255.250","DestPort":"1900","Protocol":"17","FilterRTID":"69215","LayerName":"%%14611","LayerRTID":"48","RemoteUserID":"S-1-0-0","RemoteMachineID":"S-1-0-0","EventReceivedTime":1522077926349,"SourceModuleName":"firewall_logs","SourceModuleType":"im_msvistalog"}
{"EventTime":"2018-03-26 16:26:12","Hostname":"target","Keywords":-9214364837600034816,"EventType":"AUDIT_SUCCESS","SeverityValue":2,"Severity":"INFO","EventID":5156,"SourceName":"Microsoft-Windows-Security-Auditing","ProviderGuid":"{54849625-5478-4994-A5BA-3E3B0328C30D}","Version":1,"Task":12810,"OpcodeValue":0,"RecordNumber":29165,"ProcessID":4,"ThreadID":360,"Channel":"Security","Category":"Filtering Platform Connection","Opcode":"Info","Application":"\\device\\harddiskvolume1\\windows\\system32\\svchost.exe","Direction":"%%14593","SourceAddress":"192.168.89.131","SourcePort":"63483","DestAddress":"192.168.89.1","DestPort":"53","Protocol":"17","FilterRTID":"69215","LayerName":"%%14611","LayerRTID":"48","RemoteUserID":"S-1-0-0","RemoteMachineID":"S-1-0-0","EventReceivedTime":1522077973669,"SourceModuleName":"firewall_logs","SourceModuleType":"im_msvistalog"}
{"EventTime":"2018-03-26 16:26:26","Hostname":"target","Keywords":-9214364837600034816,"EventType":"AUDIT_SUCCESS","SeverityValue":2,"Severity":"INFO","EventID":5156,"SourceName":"Microsoft-Windows-Security-Auditing","ProviderGuid":"{54849625-5478-4994-A5BA-3E3B0328C30D}","Version":1,"Task":12810,"OpcodeValue":0,"RecordNumber":29180,"ProcessID":4,"ThreadID":360,"Channel":"Security","Category":"Filtering Platform Connection","Opcode":"Info","Application":"\\device\\harddiskvolume1\\windows\\system32\\svchost.exe","Direction":"%%14593","SourceAddress":"0.0.0.0","SourcePort":"68","DestAddress":"255.255.255.255","DestPort":"67","Protocol":"17","FilterRTID":"69488","LayerName":"%%14611","LayerRTID":"48","RemoteUserID":"S-1-0-0","RemoteMachineID":"S-1-0-0","EventReceivedTime":1522077987709,"SourceModuleName":"firewall_logs","SourceModuleType":"im_msvistalog"}
{"EventTime":"2018-03-26 16:27:05","Hostname":"target","Keywords":-9214364837600034816,"EventType":"AUDIT_SUCCESS","SeverityValue":2,"Severity":"INFO","EventID":5156,"SourceName":"Microsoft-Windows-Security-Auditing","ProviderGuid":"{54849625-5478-4994-A5BA-3E3B0328C30D}","Version":1,"Task":12810,"OpcodeValue":0,"RecordNumber":29193,"ProcessID":4,"ThreadID":360,"Channel":"Security","Category":"Filtering Platform Connection","Opcode":"Info","Application":"\\device\\harddiskvolume1\\windows\\system32\\svchost.exe","Direction":"%%14593","SourceAddress":"192.168.89.131","SourcePort":"55415","DestAddress":"192.168.89.1","DestPort":"53","Protocol":"17","FilterRTID":"69215","LayerName":"%%14611","LayerRTID":"48","RemoteUserID":"S-1-0-0","RemoteMachineID":"S-1-0-0","EventReceivedTime":1522078026955,"SourceModuleName":"firewall_logs","SourceModuleType":"im_msvistalog"}
{"EventTime":"2018-03-26 16:27:24","Hostname":"target","Keywords":-9214364837600034816,"EventType":"AUDIT_SUCCESS","SeverityValue":2,"Severity":"INFO","EventID":5156,"SourceName":"Microsoft-Windows-Security-Auditing","ProviderGuid":"{54849625-5478-4994-A5BA-3E3B0328C30D}","Version":1,"Task":12810,"OpcodeValue":0,"RecordNumber":29196,"ProcessID":4,"ThreadID":4596,"Channel":"Security","Category":"Filtering Platform Connection","Opcode":"Info","Application":"\\device\\harddiskvolume1\\program files (x86)\\google\\chrome\\application\\chrome.exe","Direction":"%%14593","SourceAddress":"192.168.89.131","SourcePort":"55416","DestAddress":"239.255.255.250","DestPort":"1900","Protocol":"17","FilterRTID":"69215","LayerName":"%%14611","LayerRTID":"48","RemoteUserID":"S-1-0-0","RemoteMachineID":"S-1-0-0","EventReceivedTime":1522078046096,"SourceModuleName":"firewall_logs","SourceModuleType":"im_msvistalog"}
{"EventTime":"2018-03-26 16:27:24","Hostname":"target","Keywords":-9214364837600034816,"EventType":"AUDIT_SUCCESS","SeverityValue":2,"Severity":"INFO","EventID":5156,"SourceName":"Microsoft-Windows-Security-Auditing","ProviderGuid":"{54849625-5478-4994-A5BA-3E3B0328C30D}","Version":1,"Task":12810,"OpcodeValue":0,"RecordNumber":29197,"ProcessID":4,"ThreadID":4596,"Channel":"Security","Category":"Filtering Platform Connection","Opcode":"Info","Application":"\\device\\harddiskvolume1\\program files (x86)\\google\\chrome\\application\\chrome.exe","Direction":"%%14593","SourceAddress":"169.254.183.70","SourcePort":"55417","DestAddress":"239.255.255.250","DestPort":"1900","Protocol":"17","FilterRTID":"69215","LayerName":"%%14611","LayerRTID":"48","RemoteUserID":"S-1-0-0","RemoteMachineID":"S-1-0-0","EventReceivedTime":1522078046098,"SourceModuleName":"firewall_logs","SourceModuleType":"im_msvistalog"}
{"EventTime":"2018-03-26 16:27:26","Hostname":"target","Keywords":-9214364837600034816,"EventType":"AUDIT_SUCCESS","SeverityValue":2,"Severity":"INFO","EventID":5156,"SourceName":"Microsoft-Windows-Security-Auditing","ProviderGuid":"{54849625-5478-4994-A5BA-3E3B0328C30D}","Version":1,"Task":12810,"OpcodeValue":0,"RecordNumber":29206,"ProcessID":4,"ThreadID":4596,"Channel":"Security","Category":"Filtering Platform Connection","Opcode":"Info","Application":"\\device\\harddiskvolume1\\windows\\system32\\svchost.exe","Direction":"%%14593","SourceAddress":"192.168.89.131","SourcePort":"63741","DestAddress":"192.168.89.1","DestPort":"53","Protocol":"17","FilterRTID":"69215","LayerName":"%%14611","LayerRTID":"48","RemoteUserID":"S-1-0-0","RemoteMachineID":"S-1-0-0","EventReceivedTime":1522078048114,"SourceModuleName":"firewall_logs","SourceModuleType":"im_msvistalog"}
{"EventTime":"2018-03-26 16:27:29","Hostname":"target","Keywords":-9214364837600034816,"EventType":"AUDIT_SUCCESS","SeverityValue":2,"Severity":"INFO","EventID":5156,"SourceName":"Microsoft-Windows-Security-Auditing","ProviderGuid":"{54849625-5478-4994-A5BA-3E3B0328C30D}","Version":1,"Task":12810,"OpcodeValue":0,"RecordNumber":29211,"ProcessID":4,"ThreadID":4596,"Channel":"Security","Category":"Filtering Platform Connection","Opcode":"Info","Application":"\\device\\harddiskvolume1\\windows\\system32\\svchost.exe","Direction":"%%14593","SourceAddress":"127.0.0.1","SourcePort":"61905","DestAddress":"239.255.255.250","DestPort":"1900","Protocol":"17","FilterRTID":"69219","LayerName":"%%14611","LayerRTID":"48","RemoteUserID":"S-1-0-0","RemoteMachineID":"S-1-0-0","EventReceivedTime":1522078051142,"SourceModuleName":"firewall_logs","SourceModuleType":"im_msvistalog"}
{"EventTime":"2018-03-26 16:27:38","Hostname":"target","Keywords":-9214364837600034816,"EventType":"AUDIT_SUCCESS","SeverityValue":2,"Severity":"INFO","EventID":5156,"SourceName":"Microsoft-Windows-Security-Auditing","ProviderGuid":"{54849625-5478-4994-A5BA-3E3B0328C30D}","Version":1,"Task":12810,"OpcodeValue":0,"RecordNumber":29220,"ProcessID":4,"ThreadID":360,"Channel":"Security","Category":"Filtering Platform Connection","Opcode":"Info","Application":"\\device\\harddiskvolume1\\windows\\system32\\svchost.exe","Direction":"%%14593","SourceAddress":"192.168.89.131","SourcePort":"58317","DestAddress":"192.168.89.1","DestPort":"53","Protocol":"17","FilterRTID":"69215","LayerName":"%%14611","LayerRTID":"48","RemoteUserID":"S-1-0-0","RemoteMachineID":"S-1-0-0","EventReceivedTime":1522078060240,"SourceModuleName":"firewall_logs","SourceModuleType":"im_msvistalog"}
{"EventTime":"2018-03-26 16:27:41","Hostname":"target","Keywords":-9214364837600034816,"EventType":"AUDIT_SUCCESS","SeverityValue":2,"Severity":"INFO","EventID":5156,"SourceName":"Microsoft-Windows-Security-Auditing","ProviderGuid":"{54849625-5478-4994-A5BA-3E3B0328C30D}","Version":1,"Task":12810,"OpcodeValue":0,"RecordNumber":29221,"ProcessID":4,"ThreadID":360,"Channel":"Security","Category":"Filtering Platform Connection","Opcode":"Info","Application":"\\device\\harddiskvolume1\\windows\\system32\\svchost.exe","Direction":"%%14593","SourceAddress":"0.0.0.0","SourcePort":"68","DestAddress":"255.255.255.255","DestPort":"67","Protocol":"17","FilterRTID":"69488","LayerName":"%%14611","LayerRTID":"48","RemoteUserID":"S-1-0-0","RemoteMachineID":"S-1-0-0","EventReceivedTime":1522078063251,"SourceModuleName":"firewall_logs","SourceModuleType":"im_msvistalog"}
{"EventTime":"2018-03-26 16:29:24","Hostname":"target","Keywords":-9214364837600034816,"EventType":"AUDIT_SUCCESS","SeverityValue":2,"Severity":"INFO","EventID":5156,"SourceName":"Microsoft-Windows-Security-Auditing","ProviderGuid":"{54849625-5478-4994-A5BA-3E3B0328C30D}","Version":1,"Task":12810,"OpcodeValue":0,"RecordNumber":29249,"ProcessID":4,"ThreadID":3240,"Channel":"Security","Category":"Filtering Platform Connection","Opcode":"Info","Application":"\\device\\harddiskvolume1\\program files (x86)\\google\\chrome\\application\\chrome.exe","Direction":"%%14593","SourceAddress":"192.168.89.131","SourcePort":"58318","DestAddress":"239.255.255.250","DestPort":"1900","Protocol":"17","FilterRTID":"69215","LayerName":"%%14611","LayerRTID":"48","RemoteUserID":"S-1-0-0","RemoteMachineID":"S-1-0-0","EventReceivedTime":1522078165916,"SourceModuleName":"firewall_logs","SourceModuleType":"im_msvistalog"}
{"EventTime":"2018-03-26 16:29:24","Hostname":"target","Keywords":-9214364837600034816,"EventType":"AUDIT_SUCCESS","SeverityValue":2,"Severity":"INFO","EventID":5156,"SourceName":"Microsoft-Windows-Security-Auditing","ProviderGuid":"{54849625-5478-4994-A5BA-3E3B0328C30D}","Version":1,"Task":12810,"OpcodeValue":0,"RecordNumber":29250,"ProcessID":4,"ThreadID":3240,"Channel":"Security","Category":"Filtering Platform Connection","Opcode":"Info","Application":"\\device\\harddiskvolume1\\program files (x86)\\google\\chrome\\application\\chrome.exe","Direction":"%%14593","SourceAddress":"169.254.183.70","SourcePort":"58319","DestAddress":"239.255.255.250","DestPort":"1900","Protocol":"17","FilterRTID":"69215","LayerName":"%%14611","LayerRTID":"48","RemoteUserID":"S-1-0-0","RemoteMachineID":"S-1-0-0","EventReceivedTime":1522078165916,"SourceModuleName":"firewall_logs","SourceModuleType":"im_msvistalog"}
{"EventTime":"2018-03-26 16:30:04","Hostname":"target","Keywords":-9214364837600034816,"EventType":"AUDIT_SUCCESS","SeverityValue":2,"Severity":"INFO","EventID":5156,"SourceName":"Microsoft-Windows-Security-Auditing","ProviderGuid":"{54849625-5478-4994-A5BA-3E3B0328C30D}","Version":1,"Task":12810,"OpcodeValue":0,"RecordNumber":29255,"ProcessID":4,"ThreadID":3240,"Channel":"Security","Category":"Filtering Platform Connection","Opcode":"Info","Application":"\\device\\harddiskvolume1\\windows\\system32\\svchost.exe","Direction":"%%14593","SourceAddress":"192.168.89.131","SourcePort":"55697","DestAddress":"192.168.89.1","DestPort":"53","Protocol":"17","FilterRTID":"69215","LayerName":"%%14611","LayerRTID":"48","RemoteUserID":"S-1-0-0","RemoteMachineID":"S-1-0-0","EventReceivedTime":1522078206226,"SourceModuleName":"firewall_logs","SourceModuleType":"im_msvistalog"}
{"EventTime":"2018-03-26 16:31:24","Hostname":"target","Keywords":-9214364837600034816,"EventType":"AUDIT_SUCCESS","SeverityValue":2,"Severity":"INFO","EventID":5156,"SourceName":"Microsoft-Windows-Security-Auditing","ProviderGuid":"{54849625-5478-4994-A5BA-3E3B0328C30D}","Version":1,"Task":12810,"OpcodeValue":0,"RecordNumber":29266,"ProcessID":4,"ThreadID":3240,"Channel":"Security","Category":"Filtering Platform Connection","Opcode":"Info","Application":"\\device\\harddiskvolume1\\program files (x86)\\google\\chrome\\application\\chrome.exe","Direction":"%%14593","SourceAddress":"192.168.89.131","SourcePort":"55698","DestAddress":"239.255.255.250","DestPort":"1900","Protocol":"17","FilterRTID":"69215","LayerName":"%%14611","LayerRTID":"48","RemoteUserID":"S-1-0-0","RemoteMachineID":"S-1-0-0","EventReceivedTime":1522078285711,"SourceModuleName":"firewall_logs","SourceModuleType":"im_msvistalog"}
{"EventTime":"2018-03-26 16:31:24","Hostname":"target","Keywords":-9214364837600034816,"EventType":"AUDIT_SUCCESS","SeverityValue":2,"Severity":"INFO","EventID":5156,"SourceName":"Microsoft-Windows-Security-Auditing","ProviderGuid":"{54849625-5478-4994-A5BA-3E3B0328C30D}","Version":1,"Task":12810,"OpcodeValue":0,"RecordNumber":29267,"ProcessID":4,"ThreadID":3240,"Channel":"Security","Category":"Filtering Platform Connection","Opcode":"Info","Application":"\\device\\harddiskvolume1\\program files (x86)\\google\\chrome\\application\\chrome.exe","Direction":"%%14593","SourceAddress":"169.254.183.70","SourcePort":"55699","DestAddress":"239.255.255.250","DestPort":"1900","Protocol":"17","FilterRTID":"69215","LayerName":"%%14611","LayerRTID":"48","RemoteUserID":"S-1-0-0","RemoteMachineID":"S-1-0-0","EventReceivedTime":1522078285711,"SourceModuleName":"firewall_logs","SourceModuleType":"im_msvistalog"}
{"EventTime":"2018-03-26 16:33:00","Hostname":"target","Keywords":-9214364837600034816,"EventType":"AUDIT_SUCCESS","SeverityValue":2,"Severity":"INFO","EventID":5156,"SourceName":"Microsoft-Windows-Security-Auditing","ProviderGuid":"{54849625-5478-4994-A5BA-3E3B0328C30D}","Version":1,"Task":12810,"OpcodeValue":0,"RecordNumber":29270,"ProcessID":4,"ThreadID":3240,"Channel":"Security","Category":"Filtering Platform Connection","Opcode":"Info","Application":"\\device\\harddiskvolume1\\windows\\system32\\svchost.exe","Direction":"%%14593","SourceAddress":"0.0.0.0","SourcePort":"68","DestAddress":"255.255.255.255","DestPort":"67","Protocol":"17","FilterRTID":"69488","LayerName":"%%14611","LayerRTID":"48","RemoteUserID":"S-1-0-0","RemoteMachineID":"S-1-0-0","EventReceivedTime":1522078381492,"SourceModuleName":"firewall_logs","SourceModuleType":"im_msvistalog"}
{"EventTime":"2018-03-26 16:33:18","Hostname":"target","Keywords":-9214364837600034816,"EventType":"AUDIT_SUCCESS","SeverityValue":2,"Severity":"INFO","EventID":5156,"SourceName":"Microsoft-Windows-Security-Auditing","ProviderGuid":"{54849625-5478-4994-A5BA-3E3B0328C30D}","Version":1,"Task":12810,"OpcodeValue":0,"RecordNumber":29282,"ProcessID":4,"ThreadID":3240,"Channel":"Security","Category":"Filtering Platform Connection","Opcode":"Info","Application":"\\device\\harddiskvolume1\\windows\\system32\\svchost.exe","Direction":"%%14593","SourceAddress":"192.168.89.131","SourcePort":"68","DestAddress":"192.168.89.254","DestPort":"67","Protocol":"17","FilterRTID":"69488","LayerName":"%%14611","LayerRTID":"48","RemoteUserID":"S-1-0-0","RemoteMachineID":"S-1-0-0","EventReceivedTime":1522078399621,"SourceModuleName":"firewall_logs","SourceModuleType":"im_msvistalog"}
{"EventTime":"2018-03-26 16:33:18","Hostname":"target","Keywords":-9214364837600034816,"EventType":"AUDIT_SUCCESS","SeverityValue":2,"Severity":"INFO","EventID":5156,"SourceName":"Microsoft-Windows-Security-Auditing","ProviderGuid":"{54849625-5478-4994-A5BA-3E3B0328C30D}","Version":1,"Task":12810,"OpcodeValue":0,"RecordNumber":29283,"ProcessID":4,"ThreadID":3240,"Channel":"Security","Category":"Filtering Platform Connection","Opcode":"Info","Application":"System","Direction":"%%14593","SourceAddress":"fe80::a809:9bec:6f0e:e405","SourcePort":"143","DestAddress":"ff02::16","DestPort":"0","Protocol":"58","FilterRTID":"69217","LayerName":"%%14611","LayerRTID":"50","RemoteUserID":"S-1-0-0","RemoteMachineID":"S-1-0-0","EventReceivedTime":1522078399623,"SourceModuleName":"firewall_logs","SourceModuleType":"im_msvistalog"}
{"EventTime":"2018-03-26 16:33:18","Hostname":"target","Keywords":-9214364837600034816,"EventType":"AUDIT_SUCCESS","SeverityValue":2,"Severity":"INFO","EventID":5156,"SourceName":"Microsoft-Windows-Security-Auditing","ProviderGuid":"{54849625-5478-4994-A5BA-3E3B0328C30D}","Version":1,"Task":12810,"OpcodeValue":0,"RecordNumber":29284,"ProcessID":4,"ThreadID":3240,"Channel":"Security","Category":"Filtering Platform Connection","Opcode":"Info","Application":"System","Direction":"%%14593","SourceAddress":"fe80::b562:351a:c3db:b746","SourcePort":"143","DestAddress":"ff02::16","DestPort":"0","Protocol":"58","FilterRTID":"69217","LayerName":"%%14611","LayerRTID":"50","RemoteUserID":"S-1-0-0","RemoteMachineID":"S-1-0-0","EventReceivedTime":1522078399624,"SourceModuleName":"firewall_logs","SourceModuleType":"im_msvistalog"}
{"EventTime":"2018-03-26 16:33:18","Hostname":"target","Keywords":-9214364837600034816,"EventType":"AUDIT_SUCCESS","SeverityValue":2,"Severity":"INFO","EventID":5156,"SourceName":"Microsoft-Windows-Security-Auditing","ProviderGuid":"{54849625-5478-4994-A5BA-3E3B0328C30D}","Version":1,"Task":12810,"OpcodeValue":0,"RecordNumber":29285,"ProcessID":4,"ThreadID":3240,"Channel":"Security","Category":"Filtering Platform Connection","Opcode":"Info","Application":"System","Direction":"%%14593","SourceAddress":"192.168.89.131","SourcePort":"0","DestAddress":"224.0.0.22","DestPort":"0","Protocol":"2","FilterRTID":"69215","LayerName":"%%14611","LayerRTID":"48","RemoteUserID":"S-1-0-0","RemoteMachineID":"S-1-0-0","EventReceivedTime":1522078399625,"SourceModuleName":"firewall_logs","SourceModuleType":"im_msvistalog"}
{"EventTime":"2018-03-26 16:33:18","Hostname":"target","Keywords":-9214364837600034816,"EventType":"AUDIT_SUCCESS","SeverityValue":2,"Severity":"INFO","EventID":5156,"SourceName":"Microsoft-Windows-Security-Auditing","ProviderGuid":"{54849625-5478-4994-A5BA-3E3B0328C30D}","Version":1,"Task":12810,"OpcodeValue":0,"RecordNumber":29286,"ProcessID":4,"ThreadID":3240,"Channel":"Security","Category":"Filtering Platform Connection","Opcode":"Info","Application":"System","Direction":"%%14593","SourceAddress":"169.254.183.70","SourcePort":"0","DestAddress":"224.0.0.22","DestPort":"0","Protocol":"2","FilterRTID":"69215","LayerName":"%%14611","LayerRTID":"48","RemoteUserID":"S-1-0-0","RemoteMachineID":"S-1-0-0","EventReceivedTime":1522078399626,"SourceModuleName":"firewall_logs","SourceModuleType":"im_msvistalog"}
{"EventTime":"2018-03-26 16:33:18","Hostname":"target","Keywords":-9214364837600034816,"EventType":"AUDIT_SUCCESS","SeverityValue":2,"Severity":"INFO","EventID":5156,"SourceName":"Microsoft-Windows-Security-Auditing","ProviderGuid":"{54849625-5478-4994-A5BA-3E3B0328C30D}","Version":1,"Task":12810,"OpcodeValue":0,"RecordNumber":29293,"ProcessID":4,"ThreadID":3240,"Channel":"Security","Category":"Filtering Platform Connection","Opcode":"Info","Application":"\\device\\harddiskvolume1\\windows\\system32\\svchost.exe","Direction":"%%14593","SourceAddress":"fe80::a809:9bec:6f0e:e405","SourcePort":"51901","DestAddress":"ff02::1:3","DestPort":"5355","Protocol":"17","FilterRTID":"69217","LayerName":"%%14611","LayerRTID":"50","RemoteUserID":"S-1-0-0","RemoteMachineID":"S-1-0-0","EventReceivedTime":1522078399630,"SourceModuleName":"firewall_logs","SourceModuleType":"im_msvistalog"}
{"EventTime":"2018-03-26 16:33:18","Hostname":"target","Keywords":-9214364837600034816,"EventType":"AUDIT_SUCCESS","SeverityValue":2,"Severity":"INFO","EventID":5156,"SourceName":"Microsoft-Windows-Security-Auditing","ProviderGuid":"{54849625-5478-4994-A5BA-3E3B0328C30D}","Version":1,"Task":12810,"OpcodeValue":0,"RecordNumber":29294,"ProcessID":4,"ThreadID":3240,"Channel":"Security","Category":"Filtering Platform Connection","Opcode":"Info","Application":"\\device\\harddiskvolume1\\windows\\system32\\svchost.exe","Direction":"%%14593","SourceAddress":"192.168.89.131","SourcePort":"51901","DestAddress":"224.0.0.252","DestPort":"5355","Protocol":"17","FilterRTID":"69215","LayerName":"%%14611","LayerRTID":"48","RemoteUserID":"S-1-0-0","RemoteMachineID":"S-1-0-0","EventReceivedTime":1522078399630,"SourceModuleName":"firewall_logs","SourceModuleType":"im_msvistalog"}
{"EventTime":"2018-03-26 16:33:18","Hostname":"target","Keywords":-9214364837600034816,"EventType":"AUDIT_SUCCESS","SeverityValue":2,"Severity":"INFO","EventID":5156,"SourceName":"Microsoft-Windows-Security-Auditing","ProviderGuid":"{54849625-5478-4994-A5BA-3E3B0328C30D}","Version":1,"Task":12810,"OpcodeValue":0,"RecordNumber":29295,"ProcessID":4,"ThreadID":3240,"Channel":"Security","Category":"Filtering Platform Connection","Opcode":"Info","Application":"\\device\\harddiskvolume1\\windows\\system32\\svchost.exe","Direction":"%%14593","SourceAddress":"127.0.0.1","SourcePort":"61905","DestAddress":"239.255.255.250","DestPort":"1900","Protocol":"17","FilterRTID":"69219","LayerName":"%%14611","LayerRTID":"48","RemoteUserID":"S-1-0-0","RemoteMachineID":"S-1-0-0","EventReceivedTime":1522078399630,"SourceModuleName":"firewall_logs","SourceModuleType":"im_msvistalog"}
{"EventTime":"2018-03-26 16:33:18","Hostname":"target","Keywords":-9214364837600034816,"EventType":"AUDIT_SUCCESS","SeverityValue":2,"Severity":"INFO","EventID":5156,"SourceName":"Microsoft-Windows-Security-Auditing","ProviderGuid":"{54849625-5478-4994-A5BA-3E3B0328C30D}","Version":1,"Task":12810,"OpcodeValue":0,"RecordNumber":29299,"ProcessID":4,"ThreadID":3240,"Channel":"Security","Category":"Filtering Platform Connection","Opcode":"Info","Application":"\\device\\harddiskvolume1\\windows\\system32\\svchost.exe","Direction":"%%14593","SourceAddress":"192.168.89.131","SourcePort":"61850","DestAddress":"192.168.89.1","DestPort":"53","Protocol":"17","FilterRTID":"69215","LayerName":"%%14611","LayerRTID":"48","RemoteUserID":"S-1-0-0","RemoteMachineID":"S-1-0-0","EventReceivedTime":1522078399630,"SourceModuleName":"firewall_logs","SourceModuleType":"im_msvistalog"}
{"EventTime":"2018-03-26 16:33:18","Hostname":"target","Keywords":-9214364837600034816,"EventType":"AUDIT_SUCCESS","SeverityValue":2,"Severity":"INFO","EventID":5156,"SourceName":"Microsoft-Windows-Security-Auditing","ProviderGuid":"{54849625-5478-4994-A5BA-3E3B0328C30D}","Version":1,"Task":12810,"OpcodeValue":0,"RecordNumber":29300,"ProcessID":4,"ThreadID":3240,"Channel":"Security","Category":"Filtering Platform Connection","Opcode":"Info","Application":"\\device\\harddiskvolume1\\windows\\system32\\svchost.exe","Direction":"%%14593","SourceAddress":"fe80::b562:351a:c3db:b746","SourcePort":"51901","DestAddress":"ff02::1:3","DestPort":"5355","Protocol":"17","FilterRTID":"69217","LayerName":"%%14611","LayerRTID":"50","RemoteUserID":"S-1-0-0","RemoteMachineID":"S-1-0-0","EventReceivedTime":1522078399630,"SourceModuleName":"firewall_logs","SourceModuleType":"im_msvistalog"}
{"EventTime":"2018-03-26 16:33:18","Hostname":"target","Keywords":-9214364837600034816,"EventType":"AUDIT_SUCCESS","SeverityValue":2,"Severity":"INFO","EventID":5156,"SourceName":"Microsoft-Windows-Security-Auditing","ProviderGuid":"{54849625-5478-4994-A5BA-3E3B0328C30D}","Version":1,"Task":12810,"OpcodeValue":0,"RecordNumber":29301,"ProcessID":4,"ThreadID":3240,"Channel":"Security","Category":"Filtering Platform Connection","Opcode":"Info","Application":"\\device\\harddiskvolume1\\windows\\system32\\svchost.exe","Direction":"%%14593","SourceAddress":"169.254.183.70","SourcePort":"51901","DestAddress":"224.0.0.252","DestPort":"5355","Protocol":"17","FilterRTID":"69215","LayerName":"%%14611","LayerRTID":"48","RemoteUserID":"S-1-0-0","RemoteMachineID":"S-1-0-0","EventReceivedTime":1522078399630,"SourceModuleName":"firewall_logs","SourceModuleType":"im_msvistalog"}
{"EventTime":"2018-03-26 16:33:24","Hostname":"target","Keywords":-9214364837600034816,"EventType":"AUDIT_SUCCESS","SeverityValue":2,"Severity":"INFO","EventID":5156,"SourceName":"Microsoft-Windows-Security-Auditing","ProviderGuid":"{54849625-5478-4994-A5BA-3E3B0328C30D}","Version":1,"Task":12810,"OpcodeValue":0,"RecordNumber":29308,"ProcessID":4,"ThreadID":4596,"Channel":"Security","Category":"Filtering Platform Connection","Opcode":"Info","Application":"\\device\\harddiskvolume1\\program files (x86)\\google\\chrome\\application\\chrome.exe","Direction":"%%14593","SourceAddress":"192.168.89.131","SourcePort":"61851","DestAddress":"239.255.255.250","DestPort":"1900","Protocol":"17","FilterRTID":"69215","LayerName":"%%14611","LayerRTID":"48","RemoteUserID":"S-1-0-0","RemoteMachineID":"S-1-0-0","EventReceivedTime":1522078405692,"SourceModuleName":"firewall_logs","SourceModuleType":"im_msvistalog"}
{"EventTime":"2018-03-26 16:33:24","Hostname":"target","Keywords":-9214364837600034816,"EventType":"AUDIT_SUCCESS","SeverityValue":2,"Severity":"INFO","EventID":5156,"SourceName":"Microsoft-Windows-Security-Auditing","ProviderGuid":"{54849625-5478-4994-A5BA-3E3B0328C30D}","Version":1,"Task":12810,"OpcodeValue":0,"RecordNumber":29309,"ProcessID":4,"ThreadID":4596,"Channel":"Security","Category":"Filtering Platform Connection","Opcode":"Info","Application":"\\device\\harddiskvolume1\\program files (x86)\\google\\chrome\\application\\chrome.exe","Direction":"%%14593","SourceAddress":"169.254.183.70","SourcePort":"61852","DestAddress":"239.255.255.250","DestPort":"1900","Protocol":"17","FilterRTID":"69215","LayerName":"%%14611","LayerRTID":"48","RemoteUserID":"S-1-0-0","RemoteMachineID":"S-1-0-0","EventReceivedTime":1522078405692,"SourceModuleName":"firewall_logs","SourceModuleType":"im_msvistalog"}
{"EventTime":"2018-03-26 16:33:25","Hostname":"target","Keywords":-9214364837600034816,"EventType":"AUDIT_SUCCESS","SeverityValue":2,"Severity":"INFO","EventID":5156,"SourceName":"Microsoft-Windows-Security-Auditing","ProviderGuid":"{54849625-5478-4994-A5BA-3E3B0328C30D}","Version":1,"Task":12810,"OpcodeValue":0,"RecordNumber":29314,"ProcessID":4,"ThreadID":4596,"Channel":"Security","Category":"Filtering Platform Connection","Opcode":"Info","Application":"System","Direction":"%%14593","SourceAddress":"192.168.89.131","SourcePort":"137","DestAddress":"192.168.89.255","DestPort":"137","Protocol":"17","FilterRTID":"69215","LayerName":"%%14611","LayerRTID":"48","RemoteUserID":"S-1-0-0","RemoteMachineID":"S-1-0-0","EventReceivedTime":1522078406708,"SourceModuleName":"firewall_logs","SourceModuleType":"im_msvistalog"}
{"EventTime":"2018-03-26 16:33:25","Hostname":"target","Keywords":-9214364837600034816,"EventType":"AUDIT_SUCCESS","SeverityValue":2,"Severity":"INFO","EventID":5156,"SourceName":"Microsoft-Windows-Security-Auditing","ProviderGuid":"{54849625-5478-4994-A5BA-3E3B0328C30D}","Version":1,"Task":12810,"OpcodeValue":0,"RecordNumber":29315,"ProcessID":4,"ThreadID":4596,"Channel":"Security","Category":"Filtering Platform Connection","Opcode":"Info","Application":"System","Direction":"%%14593","SourceAddress":"169.254.183.70","SourcePort":"137","DestAddress":"169.254.255.255","DestPort":"137","Protocol":"17","FilterRTID":"69215","LayerName":"%%14611","LayerRTID":"48","RemoteUserID":"S-1-0-0","RemoteMachineID":"S-1-0-0","EventReceivedTime":1522078406708,"SourceModuleName":"firewall_logs","SourceModuleType":"im_msvistalog"}
{"EventTime":"2018-03-26 16:33:25","Hostname":"target","Keywords":-9214364837600034816,"EventType":"AUDIT_SUCCESS","SeverityValue":2,"Severity":"INFO","EventID":5156,"SourceName":"Microsoft-Windows-Security-Auditing","ProviderGuid":"{54849625-5478-4994-A5BA-3E3B0328C30D}","Version":1,"Task":12810,"OpcodeValue":0,"RecordNumber":29319,"ProcessID":4,"ThreadID":4596,"Channel":"Security","Category":"Filtering Platform Connection","Opcode":"Info","Application":"\\device\\harddiskvolume1\\windows\\system32\\svchost.exe","Direction":"%%14593","SourceAddress":"fe80::a809:9bec:6f0e:e405","SourcePort":"64410","DestAddress":"ff02::1:3","DestPort":"5355","Protocol":"17","FilterRTID":"69217","LayerName":"%%14611","LayerRTID":"50","RemoteUserID":"S-1-0-0","RemoteMachineID":"S-1-0-0","EventReceivedTime":1522078406708,"SourceModuleName":"firewall_logs","SourceModuleType":"im_msvistalog"}
{"EventTime":"2018-03-26 16:33:25","Hostname":"target","Keywords":-9214364837600034816,"EventType":"AUDIT_SUCCESS","SeverityValue":2,"Severity":"INFO","EventID":5156,"SourceName":"Microsoft-Windows-Security-Auditing","ProviderGuid":"{54849625-5478-4994-A5BA-3E3B0328C30D}","Version":1,"Task":12810,"OpcodeValue":0,"RecordNumber":29320,"ProcessID":4,"ThreadID":4596,"Channel":"Security","Category":"Filtering Platform Connection","Opcode":"Info","Application":"\\device\\harddiskvolume1\\windows\\system32\\svchost.exe","Direction":"%%14593","SourceAddress":"192.168.89.131","SourcePort":"64410","DestAddress":"224.0.0.252","DestPort":"5355","Protocol":"17","FilterRTID":"69215","LayerName":"%%14611","LayerRTID":"48","RemoteUserID":"S-1-0-0","RemoteMachineID":"S-1-0-0","EventReceivedTime":1522078406708,"SourceModuleName":"firewall_logs","SourceModuleType":"im_msvistalog"}
{"EventTime":"2018-03-26 16:33:25","Hostname":"target","Keywords":-9214364837600034816,"EventType":"AUDIT_SUCCESS","SeverityValue":2,"Severity":"INFO","EventID":5156,"SourceName":"Microsoft-Windows-Security-Auditing","ProviderGuid":"{54849625-5478-4994-A5BA-3E3B0328C30D}","Version":1,"Task":12810,"OpcodeValue":0,"RecordNumber":29323,"ProcessID":4,"ThreadID":4596,"Channel":"Security","Category":"Filtering Platform Connection","Opcode":"Info","Application":"\\device\\harddiskvolume1\\windows\\system32\\svchost.exe","Direction":"%%14593","SourceAddress":"192.168.89.131","SourcePort":"59139","DestAddress":"192.168.89.1","DestPort":"53","Protocol":"17","FilterRTID":"69215","LayerName":"%%14611","LayerRTID":"48","RemoteUserID":"S-1-0-0","RemoteMachineID":"S-1-0-0","EventReceivedTime":1522078406708,"SourceModuleName":"firewall_logs","SourceModuleType":"im_msvistalog"}
{"EventTime":"2018-03-26 16:33:26","Hostname":"target","Keywords":-9214364837600034816,"EventType":"AUDIT_SUCCESS","SeverityValue":2,"Severity":"INFO","EventID":5156,"SourceName":"Microsoft-Windows-Security-Auditing","ProviderGuid":"{54849625-5478-4994-A5BA-3E3B0328C30D}","Version":1,"Task":12810,"OpcodeValue":0,"RecordNumber":29324,"ProcessID":4,"ThreadID":4596,"Channel":"Security","Category":"Filtering Platform Connection","Opcode":"Info","Application":"\\device\\harddiskvolume1\\windows\\system32\\svchost.exe","Direction":"%%14593","SourceAddress":"fe80::b562:351a:c3db:b746","SourcePort":"64410","DestAddress":"ff02::1:3","DestPort":"5355","Protocol":"17","FilterRTID":"69217","LayerName":"%%14611","LayerRTID":"50","RemoteUserID":"S-1-0-0","RemoteMachineID":"S-1-0-0","EventReceivedTime":1522078406708,"SourceModuleName":"firewall_logs","SourceModuleType":"im_msvistalog"}
{"EventTime":"2018-03-26 16:33:26","Hostname":"target","Keywords":-9214364837600034816,"EventType":"AUDIT_SUCCESS","SeverityValue":2,"Severity":"INFO","EventID":5156,"SourceName":"Microsoft-Windows-Security-Auditing","ProviderGuid":"{54849625-5478-4994-A5BA-3E3B0328C30D}","Version":1,"Task":12810,"OpcodeValue":0,"RecordNumber":29325,"ProcessID":4,"ThreadID":4596,"Channel":"Security","Category":"Filtering Platform Connection","Opcode":"Info","Application":"\\device\\harddiskvolume1\\windows\\system32\\svchost.exe","Direction":"%%14593","SourceAddress":"169.254.183.70","SourcePort":"64410","DestAddress":"224.0.0.252","DestPort":"5355","Protocol":"17","FilterRTID":"69215","LayerName":"%%14611","LayerRTID":"48","RemoteUserID":"S-1-0-0","RemoteMachineID":"S-1-0-0","EventReceivedTime":1522078406708,"SourceModuleName":"firewall_logs","SourceModuleType":"im_msvistalog"}
{"EventTime":"2018-03-26 16:33:32","Hostname":"target","Keywords":-9214364837600034816,"EventType":"AUDIT_SUCCESS","SeverityValue":2,"Severity":"INFO","EventID":5156,"SourceName":"Microsoft-Windows-Security-Auditing","ProviderGuid":"{54849625-5478-4994-A5BA-3E3B0328C30D}","Version":1,"Task":12810,"OpcodeValue":0,"RecordNumber":29340,"ProcessID":4,"ThreadID":4596,"Channel":"Security","Category":"Filtering Platform Connection","Opcode":"Info","Application":"\\device\\harddiskvolume1\\windows\\system32\\svchost.exe","Direction":"%%14593","SourceAddress":"192.168.89.131","SourcePort":"55676","DestAddress":"192.168.89.1","DestPort":"53","Protocol":"17","FilterRTID":"69215","LayerName":"%%14611","LayerRTID":"48","RemoteUserID":"S-1-0-0","RemoteMachineID":"S-1-0-0","EventReceivedTime":1522078413761,"SourceModuleName":"firewall_logs","SourceModuleType":"im_msvistalog"}
{"EventTime":"2018-03-26 16:33:56","Hostname":"target","Keywords":-9214364837600034816,"EventType":"AUDIT_SUCCESS","SeverityValue":2,"Severity":"INFO","EventID":5156,"SourceName":"Microsoft-Windows-Security-Auditing","ProviderGuid":"{54849625-5478-4994-A5BA-3E3B0328C30D}","Version":1,"Task":12810,"OpcodeValue":0,"RecordNumber":29344,"ProcessID":4,"ThreadID":4596,"Channel":"Security","Category":"Filtering Platform Connection","Opcode":"Info","Application":"\\device\\harddiskvolume1\\windows\\system32\\svchost.exe","Direction":"%%14593","SourceAddress":"192.168.89.131","SourcePort":"52852","DestAddress":"192.168.89.1","DestPort":"53","Protocol":"17","FilterRTID":"69215","LayerName":"%%14611","LayerRTID":"48","RemoteUserID":"S-1-0-0","RemoteMachineID":"S-1-0-0","EventReceivedTime":1522078438001,"SourceModuleName":"firewall_logs","SourceModuleType":"im_msvistalog"}
{"EventTime":"2018-03-26 16:34:05","Hostname":"target","Keywords":-9214364837600034816,"EventType":"AUDIT_SUCCESS","SeverityValue":2,"Severity":"INFO","EventID":5156,"SourceName":"Microsoft-Windows-Security-Auditing","ProviderGuid":"{54849625-5478-4994-A5BA-3E3B0328C30D}","Version":1,"Task":12810,"OpcodeValue":0,"RecordNumber":29345,"ProcessID":4,"ThreadID":4596,"Channel":"Security","Category":"Filtering Platform Connection","Opcode":"Info","Application":"\\device\\harddiskvolume1\\windows\\system32\\svchost.exe","Direction":"%%14593","SourceAddress":"127.0.0.1","SourcePort":"61905","DestAddress":"239.255.255.250","DestPort":"1900","Protocol":"17","FilterRTID":"69219","LayerName":"%%14611","LayerRTID":"48","RemoteUserID":"S-1-0-0","RemoteMachineID":"S-1-0-0","EventReceivedTime":1522078447076,"SourceModuleName":"firewall_logs","SourceModuleType":"im_msvistalog"}
{"EventTime":"2018-03-26 16:34:05","Hostname":"target","Keywords":-9214364837600034816,"EventType":"AUDIT_SUCCESS","SeverityValue":2,"Severity":"INFO","EventID":5156,"SourceName":"Microsoft-Windows-Security-Auditing","ProviderGuid":"{54849625-5478-4994-A5BA-3E3B0328C30D}","Version":1,"Task":12810,"OpcodeValue":0,"RecordNumber":29347,"ProcessID":4,"ThreadID":4596,"Channel":"Security","Category":"Filtering Platform Connection","Opcode":"Info","Application":"\\device\\harddiskvolume1\\windows\\system32\\svchost.exe","Direction":"%%14593","SourceAddress":"0.0.0.0","SourcePort":"68","DestAddress":"255.255.255.255","DestPort":"67","Protocol":"17","FilterRTID":"69488","LayerName":"%%14611","LayerRTID":"48","RemoteUserID":"S-1-0-0","RemoteMachineID":"S-1-0-0","EventReceivedTime":1522078447076,"SourceModuleName":"firewall_logs","SourceModuleType":"im_msvistalog"}
{"EventTime":"2018-03-26 16:34:09","Hostname":"target","Keywords":-9214364837600034816,"EventType":"AUDIT_SUCCESS","SeverityValue":2,"Severity":"INFO","EventID":5156,"SourceName":"Microsoft-Windows-Security-Auditing","ProviderGuid":"{54849625-5478-4994-A5BA-3E3B0328C30D}","Version":1,"Task":12810,"OpcodeValue":0,"RecordNumber":29355,"ProcessID":4,"ThreadID":4596,"Channel":"Security","Category":"Filtering Platform Connection","Opcode":"Info","Application":"\\device\\harddiskvolume1\\windows\\system32\\svchost.exe","Direction":"%%14593","SourceAddress":"192.168.89.131","SourcePort":"62189","DestAddress":"192.168.89.1","DestPort":"53","Protocol":"17","FilterRTID":"69215","LayerName":"%%14611","LayerRTID":"48","RemoteUserID":"S-1-0-0","RemoteMachineID":"S-1-0-0","EventReceivedTime":1522078451108,"SourceModuleName":"firewall_logs","SourceModuleType":"im_msvistalog"}
{"EventTime":"2018-03-26 16:34:40","Hostname":"target","Keywords":-9214364837600034816,"EventType":"AUDIT_SUCCESS","SeverityValue":2,"Severity":"INFO","EventID":5156,"SourceName":"Microsoft-Windows-Security-Auditing","ProviderGuid":"{54849625-5478-4994-A5BA-3E3B0328C30D}","Version":1,"Task":12810,"OpcodeValue":0,"RecordNumber":29366,"ProcessID":4,"ThreadID":4596,"Channel":"Security","Category":"Filtering Platform Connection","Opcode":"Info","Application":"\\device\\harddiskvolume1\\windows\\system32\\svchost.exe","Direction":"%%14593","SourceAddress":"192.168.89.131","SourcePort":"50474","DestAddress":"192.168.89.1","DestPort":"53","Protocol":"17","FilterRTID":"69215","LayerName":"%%14611","LayerRTID":"48","RemoteUserID":"S-1-0-0","RemoteMachineID":"S-1-0-0","EventReceivedTime":1522078482339,"SourceModuleName":"firewall_logs","SourceModuleType":"im_msvistalog"}
