{"EventTime":"2018-03-26 16:35:06","Hostname":"target","Keywords":-9214364837600034816,"EventType":"AUDIT_SUCCESS","SeverityValue":2,"Severity":"INFO","EventID":5156,"SourceName":"Microsoft-Windows-Security-Auditing","ProviderGuid":"{54849625-5478-4994-A5BA-3E3B0328C30D}","Version":1,"Task":12810,"OpcodeValue":0,"RecordNumber":29370,"ProcessID":4,"ThreadID":4596,"Channel":"Security","Category":"Filtering Platform Connection","Opcode":"Info","Application":"\\device\\harddiskvolume1\\windows\\system32\\svchost.exe","Direction":"%%14593","SourceAddress":"127.0.0.1","SourcePort":"61905","DestAddress":"239.255.255.250","DestPort":"1900","Protocol":"17","FilterRTID":"69219","LayerName":"%%14611","LayerRTID":"48","RemoteUserID":"S-1-0-0","RemoteMachineID":"S-1-0-0","EventReceivedTime":1522078507473,"SourceModuleName":"firewall_logs","SourceModuleType":"im_msvistalog"}
{"EventTime":"2018-03-26 16:35:24","Hostname":"target","Keywords":-9214364837600034816,"EventType":"AUDIT_SUCCESS","SeverityValue":2,"Severity":"INFO","EventID":5156,"SourceName":"Microsoft-Windows-Security-Auditing","ProviderGuid":"{54849625-5478-4994-A5BA-3E3B0328C30D}","Version":1,"Task":12810,"OpcodeValue":0,"RecordNumber":29382,"ProcessID":4,"ThreadID":4596,"Channel":"Security","Category":"Filtering Platform Connection","Opcode":"Info","Application":"\\device\\harddiskvolume1\\program files (x86)\\google\\chrome\\application\\chrome.exe","Direction":"%%14593","SourceAddress":"192.168.89.131","SourcePort":"50475","DestAddress":"239.255.255.250","DestPort":"1900","Protocol":"17","FilterRTID":"69215","LayerName":"%%14611","LayerRTID":"48","RemoteUserID":"S-1-0-0","RemoteMachineID":"S-1-0-0","EventReceivedTime":1522078525544,"SourceModuleName":"firewall_logs","SourceModuleType":"im_msvistalog"}
{"EventTime":"2018-03-26 16:35:24","Hostname":"target","Keywords":-9214364837600034816,"EventType":"AUDIT_SUCCESS","SeverityValue":2,"Severity":"INFO","EventID":5156,"SourceName":"Microsoft-Windows-Security-Auditing","ProviderGuid":"{54849625-5478-4994-A5BA-3E3B0328C30D}","Version":1,"Task":12810,"OpcodeValue":0,"RecordNumber":29383,"ProcessID":4,"ThreadID":4596,"Channel":"Security","Category":"Filtering Platform Connection","Opcode":"Info","Application":"\\device\\harddiskvolume1\\program files (x86)\\google\\chrome\\application\\chrome.exe","Direction":"%%14593","SourceAddress":"169.254.183.70","SourcePort":"50476","DestAddress":"239.255.255.250","DestPort":"1900","Protocol":"17","FilterRTID":"69215","LayerName":"%%14611","LayerRTID":"48","RemoteUserID":"S-1-0-0","RemoteMachineID":"S-1-0-0","EventReceivedTime":1522078525544,"SourceModuleName":"firewall_logs","SourceModuleType":"im_msvistalog"}
{"EventTime":"2018-03-26 16:37:24","Hostname":"target","Keywords":-9214364837600034816,"EventType":"AUDIT_SUCCESS","SeverityValue":2,"Severity":"INFO","EventID":5156,"SourceName":"Microsoft-Windows-Security-Auditing","ProviderGuid":"{54849625-5478-4994-A5BA-3E3B0328C30D}","Version":1,"Task":12810,"OpcodeValue":0,"RecordNumber":29403,"ProcessID":4,"ThreadID":3240,"Channel":"Security","Category":"Filtering Platform Connection","Opcode":"Info","Application":"\\device\\harddiskvolume1\\program files (x86)\\google\\chrome\\application\\chrome.exe","Direction":"%%14593","SourceAddress":"192.168.89.131","SourcePort":"50477","DestAddress":"239.255.255.250","DestPort":"1900","Protocol":"17","FilterRTID":"69215","LayerName":"%%14611","LayerRTID":"48","RemoteUserID":"S-1-0-0","RemoteMachineID":"S-1-0-0","EventReceivedTime":1522078646359,"SourceModuleName":"firewall_logs","SourceModuleType":"im_msvistalog"}
{"EventTime":"2018-03-26 16:37:24","Hostname":"target","Keywords":-9214364837600034816,"EventType":"AUDIT_SUCCESS","SeverityValue":2,"Severity":"INFO","EventID":5156,"SourceName":"Microsoft-Windows-Security-Auditing","ProviderGuid":"{54849625-5478-4994-A5BA-3E3B0328C30D}","Version":1,"Task":12810,"OpcodeValue":0,"RecordNumber":29404,"ProcessID":4,"ThreadID":3240,"Channel":"Security","Category":"Filtering Platform Connection","Opcode":"Info","Application":"\\device\\harddiskvolume1\\program files (x86)\\google\\chrome\\application\\chrome.exe","Direction":"%%14593","SourceAddress":"169.254.183.70","SourcePort":"50478","DestAddress":"239.255.255.250","DestPort":"1900","Protocol":"17","FilterRTID":"69215","LayerName":"%%14611","LayerRTID":"48","RemoteUserID":"S-1-0-0","RemoteMachineID":"S-1-0-0","EventReceivedTime":1522078646359,"SourceModuleName":"firewall_logs","SourceModuleType":"im_msvistalog"}
{"EventTime":"2018-03-26 16:37:49","Hostname":"target","Keywords":-9214364837600034816,"EventType":"AUDIT_SUCCESS","SeverityValue":2,"Severity":"INFO","EventID":5156,"SourceName":"Microsoft-Windows-Security-Auditing","ProviderGuid":"{54849625-5478-4994-A5BA-3E3B0328C30D}","Version":1,"Task":12810,"OpcodeValue":0,"RecordNumber":29407,"ProcessID":4,"ThreadID":4596,"Channel":"Security","Category":"Filtering Platform Connection","Opcode":"Info","Application":"\\device\\harddiskvolume1\\windows\\system32\\svchost.exe","Direction":"%%14593","SourceAddress":"192.168.89.131","SourcePort":"52933","DestAddress":"192.168.89.1","DestPort":"53","Protocol":"17","FilterRTID":"69215","LayerName":"%%14611","LayerRTID":"48","RemoteUserID":"S-1-0-0","RemoteMachineID":"S-1-0-0","EventReceivedTime":1522078670551,"SourceModuleName":"firewall_logs","SourceModuleType":"im_msvistalog"}
{"EventTime":"2018-03-26 16:38:02","Hostname":"target","Keywords":-9214364837600034816,"EventType":"AUDIT_SUCCESS","SeverityValue":2,"Severity":"INFO","EventID":5156,"SourceName":"Microsoft-Windows-Security-Auditing","ProviderGuid":"{54849625-5478-4994-A5BA-3E3B0328C30D}","Version":1,"Task":12810,"OpcodeValue":0,"RecordNumber":29410,"ProcessID":4,"ThreadID":3240,"Channel":"Security","Category":"Filtering Platform Connection","Opcode":"Info","Application":"\\device\\harddiskvolume1\\windows\\system32\\svchost.exe","Direction":"%%14593","SourceAddress":"192.168.89.131","SourcePort":"64743","DestAddress":"192.168.89.1","DestPort":"53","Protocol":"17","FilterRTID":"69215","LayerName":"%%14611","LayerRTID":"48","RemoteUserID":"S-1-0-0","RemoteMachineID":"S-1-0-0","EventReceivedTime":1522078683603,"SourceModuleName":"firewall_logs","SourceModuleType":"im_msvistalog"}
{"EventTime":"2018-03-26 16:39:24","Hostname":"target","Keywords":-9214364837600034816,"EventType":"AUDIT_SUCCESS","SeverityValue":2,"Severity":"INFO","EventID":5156,"SourceName":"Microsoft-Windows-Security-Auditing","ProviderGuid":"{54849625-5478-4994-A5BA-3E3B0328C30D}","Version":1,"Task":12810,"OpcodeValue":0,"RecordNumber":29413,"ProcessID":4,"ThreadID":3240,"Channel":"Security","Category":"Filtering Platform Connection","Opcode":"Info","Application":"\\device\\harddiskvolume1\\program files (x86)\\google\\chrome\\application\\chrome.exe","Direction":"%%14593","SourceAddress":"192.168.89.131","SourcePort":"64744","DestAddress":"239.255.255.250","DestPort":"1900","Protocol":"17","FilterRTID":"69215","LayerName":"%%14611","LayerRTID":"48","RemoteUserID":"S-1-0-0","RemoteMachineID":"S-1-0-0","EventReceivedTime":1522078766237,"SourceModuleName":"firewall_logs","SourceModuleType":"im_msvistalog"}
{"EventTime":"2018-03-26 16:39:24","Hostname":"target","Keywords":-9214364837600034816,"EventType":"AUDIT_SUCCESS","SeverityValue":2,"Severity":"INFO","EventID":5156,"SourceName":"Microsoft-Windows-Security-Auditing","ProviderGuid":"{54849625-5478-4994-A5BA-3E3B0328C30D}","Version":1,"Task":12810,"OpcodeValue":0,"RecordNumber":29414,"ProcessID":4,"ThreadID":3240,"Channel":"Security","Category":"Filtering Platform Connection","Opcode":"Info","Application":"\\device\\harddiskvolume1\\program files (x86)\\google\\chrome\\application\\chrome.exe","Direction":"%%14593","SourceAddress":"169.254.183.70","SourcePort":"64745","DestAddress":"239.255.255.250","DestPort":"1900","Protocol":"17","FilterRTID":"69215","LayerName":"%%14611","LayerRTID":"48","RemoteUserID":"S-1-0-0","RemoteMachineID":"S-1-0-0","EventReceivedTime":1522078766237,"SourceModuleName":"firewall_logs","SourceModuleType":"im_msvistalog"}
{"EventTime":"2018-03-26 16:39:38","Hostname":"target","Keywords":-9214364837600034816,"EventType":"AUDIT_SUCCESS","SeverityValue":2,"Severity":"INFO","EventID":5156,"SourceName":"Microsoft-Windows-Security-Auditing","ProviderGuid":"{54849625-5478-4994-A5BA-3E3B0328C30D}","Version":1,"Task":12810,"OpcodeValue":0,"RecordNumber":29416,"ProcessID":4,"ThreadID":3240,"Channel":"Security","Category":"Filtering Platform Connection","Opcode":"Info","Application":"\\device\\harddiskvolume1\\windows\\system32\\svchost.exe","Direction":"%%14593","SourceAddress":"0.0.0.0","SourcePort":"68","DestAddress":"255.255.255.255","DestPort":"67","Protocol":"17","FilterRTID":"69488","LayerName":"%%14611","LayerRTID":"48","RemoteUserID":"S-1-0-0","RemoteMachineID":"S-1-0-0","EventReceivedTime":1522078779339,"SourceModuleName":"firewall_logs","SourceModuleType":"im_msvistalog"}
{"EventTime":"2018-03-26 16:40:04","Hostname":"target","Keywords":-9214364837600034816,"EventType":"AUDIT_SUCCESS","SeverityValue":2,"Severity":"INFO","EventID":5156,"SourceName":"Microsoft-Windows-Security-Auditing","ProviderGuid":"{54849625-5478-4994-A5BA-3E3B0328C30D}","Version":1,"Task":12810,"OpcodeValue":0,"RecordNumber":29429,"ProcessID":4,"ThreadID":3240,"Channel":"Security","Category":"Filtering Platform Connection","Opcode":"Info","Application":"\\device\\harddiskvolume1\\windows\\system32\\svchost.exe","Direction":"%%14593","SourceAddress":"192.168.89.131","SourcePort":"55203","DestAddress":"192.168.89.1","DestPort":"53","Protocol":"17","FilterRTID":"69215","LayerName":"%%14611","LayerRTID":"48","RemoteUserID":"S-1-0-0","RemoteMachineID":"S-1-0-0","EventReceivedTime":1522078805538,"SourceModuleName":"firewall_logs","SourceModuleType":"im_msvistalog"}
{"EventTime":"2018-03-26 16:40:41","Hostname":"target","Keywords":-9214364837600034816,"EventType":"AUDIT_SUCCESS","SeverityValue":2,"Severity":"INFO","EventID":5156,"SourceName":"Microsoft-Windows-Security-Auditing","ProviderGuid":"{54849625-5478-4994-A5BA-3E3B0328C30D}","Version":1,"Task":12810,"OpcodeValue":0,"RecordNumber":29436,"ProcessID":4,"ThreadID":4596,"Channel":"Security","Category":"Filtering Platform Connection","Opcode":"Info","Application":"\\device\\harddiskvolume1\\windows\\system32\\svchost.exe","Direction":"%%14593","SourceAddress":"127.0.0.1","SourcePort":"61905","DestAddress":"239.255.255.250","DestPort":"1900","Protocol":"17","FilterRTID":"69219","LayerName":"%%14611","LayerRTID":"48","RemoteUserID":"S-1-0-0","RemoteMachineID":"S-1-0-0","EventReceivedTime":1522078842772,"SourceModuleName":"firewall_logs","SourceModuleType":"im_msvistalog"}
{"EventTime":"2018-03-26 16:41:24","Hostname":"target","Keywords":-9214364837600034816,"EventType":"AUDIT_SUCCESS","SeverityValue":2,"Severity":"INFO","EventID":5156,"SourceName":"Microsoft-Windows-Security-Auditing","ProviderGuid":"{54849625-5478-4994-A5BA-3E3B0328C30D}","Version":1,"Task":12810,"OpcodeValue":0,"RecordNumber":29451,"ProcessID":4,"ThreadID":4596,"Channel":"Security","Category":"Filtering Platform Connection","Opcode":"Info","Application":"\\device\\harddiskvolume1\\program files (x86)\\google\\chrome\\application\\chrome.exe","Direction":"%%14593","SourceAddress":"192.168.89.131","SourcePort":"55204","DestAddress":"239.255.255.250","DestPort":"1900","Protocol":"17","FilterRTID":"69215","LayerName":"%%14611","LayerRTID":"48","RemoteUserID":"S-1-0-0","RemoteMachineID":"S-1-0-0","EventReceivedTime":1522078885957,"SourceModuleName":"firewall_logs","SourceModuleType":"im_msvistalog"}
{"EventTime":"2018-03-26 16:41:24","Hostname":"target","Keywords":-9214364837600034816,"EventType":"AUDIT_SUCCESS","SeverityValue":2,"Severity":"INFO","EventID":5156,"SourceName":"Microsoft-Windows-Security-Auditing","ProviderGuid":"{54849625-5478-4994-A5BA-3E3B0328C30D}","Version":1,"Task":12810,"OpcodeValue":0,"RecordNumber":29452,"ProcessID":4,"ThreadID":4596,"Channel":"Security","Category":"Filtering Platform Connection","Opcode":"Info","Application":"\\device\\harddiskvolume1\\program files (x86)\\google\\chrome\\application\\chrome.exe","Direction":"%%14593","SourceAddress":"169.254.183.70","SourcePort":"55205","DestAddress":"239.255.255.250","DestPort":"1900","Protocol":"17","FilterRTID":"69215","LayerName":"%%14611","LayerRTID":"48","RemoteUserID":"S-1-0-0","RemoteMachineID":"S-1-0-0","EventReceivedTime":1522078885957,"SourceModuleName":"firewall_logs","SourceModuleType":"im_msvistalog"}
{"EventTime":"2018-03-26 16:42:05","Hostname":"target","Keywords":-9214364837600034816,"EventType":"AUDIT_SUCCESS","SeverityValue":2,"Severity":"INFO","EventID":5156,"SourceName":"Microsoft-Windows-Security-Auditing","ProviderGuid":"{54849625-5478-4994-A5BA-3E3B0328C30D}","Version":1,"Task":12810,"OpcodeValue":0,"RecordNumber":29475,"ProcessID":4,"ThreadID":4596,"Channel":"Security","Category":"Filtering Platform Connection","Opcode":"Info","Application":"\\device\\harddiskvolume1\\windows\\system32\\svchost.exe","Direction":"%%14593","SourceAddress":"192.168.89.131","SourcePort":"59508","DestAddress":"192.168.89.1","DestPort":"53","Protocol":"17","FilterRTID":"69215","LayerName":"%%14611","LayerRTID":"48","RemoteUserID":"S-1-0-0","RemoteMachineID":"S-1-0-0","EventReceivedTime":1522078927159,"SourceModuleName":"firewall_logs","SourceModuleType":"im_msvistalog"}
{"EventTime":"2018-03-26 16:43:24","Hostname":"target","Keywords":-9214364837600034816,"EventType":"AUDIT_SUCCESS","SeverityValue":2,"Severity":"INFO","EventID":5156,"SourceName":"Microsoft-Windows-Security-Auditing","ProviderGuid":"{54849625-5478-4994-A5BA-3E3B0328C30D}","Version":1,"Task":12810,"OpcodeValue":0,"RecordNumber":29485,"ProcessID":4,"ThreadID":4596,"Channel":"Security","Category":"Filtering Platform Connection","Opcode":"Info","Application":"\\device\\harddiskvolume1\\program files (x86)\\google\\chrome\\application\\chrome.exe","Direction":"%%14593","SourceAddress":"192.168.89.131","SourcePort":"59509","DestAddress":"239.255.255.250","DestPort":"1900","Protocol":"17","FilterRTID":"69215","LayerName":"%%14611","LayerRTID":"48","RemoteUserID":"S-1-0-0","RemoteMachineID":"S-1-0-0","EventReceivedTime":1522079005728,"SourceModuleName":"firewall_logs","SourceModuleType":"im_msvistalog"}
{"EventTime":"2018-03-26 16:43:24","Hostname":"target","Keywords":-9214364837600034816,"EventType":"AUDIT_SUCCESS","SeverityValue":2,"Severity":"INFO","EventID":5156,"SourceName":"Microsoft-Windows-Security-Auditing","ProviderGuid":"{54849625-5478-4994-A5BA-3E3B0328C30D}","Version":1,"Task":12810,"OpcodeValue":0,"RecordNumber":29486,"ProcessID":4,"ThreadID":4596,"Channel":"Security","Category":"Filtering Platform Connection","Opcode":"Info","Application":"\\device\\harddiskvolume1\\program files (x86)\\google\\chrome\\application\\chrome.exe","Direction":"%%14593","SourceAddress":"169.254.183.70","SourcePort":"59510","DestAddress":"239.255.255.250","DestPort":"1900","Protocol":"17","FilterRTID":"69215","LayerName":"%%14611","LayerRTID":"48","RemoteUserID":"S-1-0-0","RemoteMachineID":"S-1-0-0","EventReceivedTime":1522079005728,"SourceModuleName":"firewall_logs","SourceModuleType":"im_msvistalog"}
{"EventTime":"2018-03-26 16:44:09","Hostname":"target","Keywords":-9214364837600034816,"EventType":"AUDIT_SUCCESS","SeverityValue":2,"Severity":"INFO","EventID":5156,"SourceName":"Microsoft-Windows-Security-Auditing","ProviderGuid":"{54849625-5478-4994-A5BA-3E3B0328C30D}","Version":1,"Task":12810,"OpcodeValue":0,"RecordNumber":29489,"ProcessID":4,"ThreadID":4596,"Channel":"Security","Category":"Filtering Platform Connection","Opcode":"Info","Application":"\\device\\harddiskvolume1\\windows\\system32\\svchost.exe","Direction":"%%14593","SourceAddress":"192.168.89.131","SourcePort":"54828","DestAddress":"192.168.89.1","DestPort":"53","Protocol":"17","FilterRTID":"69215","LayerName":"%%14611","LayerRTID":"48","RemoteUserID":"S-1-0-0","RemoteMachineID":"S-1-0-0","EventReceivedTime":1522079051033,"SourceModuleName":"firewall_logs","SourceModuleType":"im_msvistalog"}
{"EventTime":"2018-03-26 16:44:40","Hostname":"target","Keywords":-9214364837600034816,"EventType":"AUDIT_SUCCESS","SeverityValue":2,"Severity":"INFO","EventID":5156,"SourceName":"Microsoft-Windows-Security-Auditing","ProviderGuid":"{54849625-5478-4994-A5BA-3E3B0328C30D}","Version":1,"Task":12810,"OpcodeValue":0,"RecordNumber":29492,"ProcessID":4,"ThreadID":4596,"Channel":"Security","Category":"Filtering Platform Connection","Opcode":"Info","Application":"\\device\\harddiskvolume1\\windows\\system32\\svchost.exe","Direction":"%%14593","SourceAddress":"192.168.89.131","SourcePort":"63175","DestAddress":"192.168.89.1","DestPort":"53","Protocol":"17","FilterRTID":"69215","LayerName":"%%14611","LayerRTID":"48","RemoteUserID":"S-1-0-0","RemoteMachineID":"S-1-0-0","EventReceivedTime":1522079082221,"SourceModuleName":"firewall_logs","SourceModuleType":"im_msvistalog"}
{"EventTime":"2018-03-26 16:45:24","Hostname":"target","Keywords":-9214364837600034816,"EventType":"AUDIT_SUCCESS","SeverityValue":2,"Severity":"INFO","EventID":5156,"SourceName":"Microsoft-Windows-Security-Auditing","ProviderGuid":"{54849625-5478-4994-A5BA-3E3B0328C30D}","Version":1,"Task":12810,"OpcodeValue":0,"RecordNumber":29503,"ProcessID":4,"ThreadID":3240,"Channel":"Security","Category":"Filtering Platform Connection","Opcode":"Info","Application":"\\device\\harddiskvolume1\\program files (x86)\\google\\chrome\\application\\chrome.exe","Direction":"%%14593","SourceAddress":"192.168.89.131","SourcePort":"63176","DestAddress":"239.255.255.250","DestPort":"1900","Protocol":"17","FilterRTID":"69215","LayerName":"%%14611","LayerRTID":"48","RemoteUserID":"S-1-0-0","RemoteMachineID":"S-1-0-0","EventReceivedTime":1522079126421,"SourceModuleName":"firewall_logs","SourceModuleType":"im_msvistalog"}
{"EventTime":"2018-03-26 16:45:24","Hostname":"target","Keywords":-9214364837600034816,"EventType":"AUDIT_SUCCESS","SeverityValue":2,"Severity":"INFO","EventID":5156,"SourceName":"Microsoft-Windows-Security-Auditing","ProviderGuid":"{54849625-5478-4994-A5BA-3E3B0328C30D}","Version":1,"Task":12810,"OpcodeValue":0,"RecordNumber":29504,"ProcessID":4,"ThreadID":3240,"Channel":"Security","Category":"Filtering Platform Connection","Opcode":"Info","Application":"\\device\\harddiskvolume1\\program files (x86)\\google\\chrome\\application\\chrome.exe","Direction":"%%14593","SourceAddress":"169.254.183.70","SourcePort":"63177","DestAddress":"239.255.255.250","DestPort":"1900","Protocol":"17","FilterRTID":"69215","LayerName":"%%14611","LayerRTID":"48","RemoteUserID":"S-1-0-0","RemoteMachineID":"S-1-0-0","EventReceivedTime":1522079126421,"SourceModuleName":"firewall_logs","SourceModuleType":"im_msvistalog"}
{"EventTime":"2018-03-26 16:46:44","Hostname":"target","Keywords":-9214364837600034816,"EventType":"AUDIT_SUCCESS","SeverityValue":2,"Severity":"INFO","EventID":5156,"SourceName":"Microsoft-Windows-Security-Auditing","ProviderGuid":"{54849625-5478-4994-A5BA-3E3B0328C30D}","Version":1,"Task":12810,"OpcodeValue":0,"RecordNumber":29517,"ProcessID":4,"ThreadID":3240,"Channel":"Security","Category":"Filtering Platform Connection","Opcode":"Info","Application":"\\device\\harddiskvolume1\\windows\\system32\\svchost.exe","Direction":"%%14593","SourceAddress":"0.0.0.0","SourcePort":"68","DestAddress":"255.255.255.255","DestPort":"67","Protocol":"17","FilterRTID":"69488","LayerName":"%%14611","LayerRTID":"48","RemoteUserID":"S-1-0-0","RemoteMachineID":"S-1-0-0","EventReceivedTime":1522079205866,"SourceModuleName":"firewall_logs","SourceModuleType":"im_msvistalog"}
{"EventTime":"2018-03-26 16:47:24","Hostname":"target","Keywords":-9214364837600034816,"EventType":"AUDIT_SUCCESS","SeverityValue":2,"Severity":"INFO","EventID":5156,"SourceName":"Microsoft-Windows-Security-Auditing","ProviderGuid":"{54849625-5478-4994-A5BA-3E3B0328C30D}","Version":1,"Task":12810,"OpcodeValue":0,"RecordNumber":29530,"ProcessID":4,"ThreadID":4596,"Channel":"Security","Category":"Filtering Platform Connection","Opcode":"Info","Application":"\\device\\harddiskvolume1\\program files (x86)\\google\\chrome\\application\\chrome.exe","Direction":"%%14593","SourceAddress":"192.168.89.131","SourcePort":"63178","DestAddress":"239.255.255.250","DestPort":"1900","Protocol":"17","FilterRTID":"69215","LayerName":"%%14611","LayerRTID":"48","RemoteUserID":"S-1-0-0","RemoteMachineID":"S-1-0-0","EventReceivedTime":1522079246186,"SourceModuleName":"firewall_logs","SourceModuleType":"im_msvistalog"}
{"EventTime":"2018-03-26 16:47:24","Hostname":"target","Keywords":-9214364837600034816,"EventType":"AUDIT_SUCCESS","SeverityValue":2,"Severity":"INFO","EventID":5156,"SourceName":"Microsoft-Windows-Security-Auditing","ProviderGuid":"{54849625-5478-4994-A5BA-3E3B0328C30D}","Version":1,"Task":12810,"OpcodeValue":0,"RecordNumber":29531,"ProcessID":4,"ThreadID":4596,"Channel":"Security","Category":"Filtering Platform Connection","Opcode":"Info","Application":"\\device\\harddiskvolume1\\program files (x86)\\google\\chrome\\application\\chrome.exe","Direction":"%%14593","SourceAddress":"169.254.183.70","SourcePort":"63179","DestAddress":"239.255.255.250","DestPort":"1900","Protocol":"17","FilterRTID":"69215","LayerName":"%%14611","LayerRTID":"48","RemoteUserID":"S-1-0-0","RemoteMachineID":"S-1-0-0","EventReceivedTime":1522079246186,"SourceModuleName":"firewall_logs","SourceModuleType":"im_msvistalog"}
{"EventTime":"2018-03-26 16:47:47","Hostname":"target","Keywords":-9214364837600034816,"EventType":"AUDIT_SUCCESS","SeverityValue":2,"Severity":"INFO","EventID":5156,"SourceName":"Microsoft-Windows-Security-Auditing","ProviderGuid":"{54849625-5478-4994-A5BA-3E3B0328C30D}","Version":1,"Task":12810,"OpcodeValue":0,"RecordNumber":29544,"ProcessID":4,"ThreadID":4596,"Channel":"Security","Category":"Filtering Platform Connection","Opcode":"Info","Application":"\\device\\harddiskvolume1\\windows\\system32\\svchost.exe","Direction":"%%14593","SourceAddress":"127.0.0.1","SourcePort":"61905","DestAddress":"239.255.255.250","DestPort":"1900","Protocol":"17","FilterRTID":"69219","LayerName":"%%14611","LayerRTID":"48","RemoteUserID":"S-1-0-0","RemoteMachineID":"S-1-0-0","EventReceivedTime":1522079269349,"SourceModuleName":"firewall_logs","SourceModuleType":"im_msvistalog"}
{"EventTime":"2018-03-26 16:48:18","Hostname":"target","Keywords":-9214364837600034816,"EventType":"AUDIT_SUCCESS","SeverityValue":2,"Severity":"INFO","EventID":5156,"SourceName":"Microsoft-Windows-Security-Auditing","ProviderGuid":"{54849625-5478-4994-A5BA-3E3B0328C30D}","Version":1,"Task":12810,"OpcodeValue":0,"RecordNumber":29563,"ProcessID":4,"ThreadID":4596,"Channel":"Security","Category":"Filtering Platform Connection","Opcode":"Info","Application":"\\device\\harddiskvolume1\\windows\\system32\\svchost.exe","Direction":"%%14593","SourceAddress":"192.168.89.131","SourcePort":"68","DestAddress":"192.168.89.254","DestPort":"67","Protocol":"17","FilterRTID":"69488","LayerName":"%%14611","LayerRTID":"48","RemoteUserID":"S-1-0-0","RemoteMachineID":"S-1-0-0","EventReceivedTime":1522079300539,"SourceModuleName":"firewall_logs","SourceModuleType":"im_msvistalog"}
{"EventTime":"2018-03-26 16:48:18","Hostname":"target","Keywords":-9214364837600034816,"EventType":"AUDIT_SUCCESS","SeverityValue":2,"Severity":"INFO","EventID":5156,"SourceName":"Microsoft-Windows-Security-Auditing","ProviderGuid":"{54849625-5478-4994-A5BA-3E3B0328C30D}","Version":1,"Task":12810,"OpcodeValue":0,"RecordNumber":29564,"ProcessID":4,"ThreadID":4596,"Channel":"Security","Category":"Filtering Platform Connection","Opcode":"Info","Application":"System","Direction":"%%14593","SourceAddress":"fe80::a809:9bec:6f0e:e405","SourcePort":"143","DestAddress":"ff02::16","DestPort":"0","Protocol":"58","FilterRTID":"69217","LayerName":"%%14611","LayerRTID":"50","RemoteUserID":"S-1-0-0","RemoteMachineID":"S-1-0-0","EventReceivedTime":1522079300539,"SourceModuleName":"firewall_logs","SourceModuleType":"im_msvistalog"}
{"EventTime":"2018-03-26 16:48:18","Hostname":"target","Keywords":-9214364837600034816,"EventType":"AUDIT_SUCCESS","SeverityValue":2,"Severity":"INFO","EventID":5156,"SourceName":"Microsoft-Windows-Security-Auditing","ProviderGuid":"{54849625-5478-4994-A5BA-3E3B0328C30D}","Version":1,"Task":12810,"OpcodeValue":0,"RecordNumber":29565,"ProcessID":4,"ThreadID":4596,"Channel":"Security","Category":"Filtering Platform Connection","Opcode":"Info","Application":"System","Direction":"%%14593","SourceAddress":"fe80::b562:351a:c3db:b746","SourcePort":"143","DestAddress":"ff02::16","DestPort":"0","Protocol":"58","FilterRTID":"69217","LayerName":"%%14611","LayerRTID":"50","RemoteUserID":"S-1-0-0","RemoteMachineID":"S-1-0-0","EventReceivedTime":1522079300539,"SourceModuleName":"firewall_logs","SourceModuleType":"im_msvistalog"}
{"EventTime":"2018-03-26 16:48:18","Hostname":"target","Keywords":-9214364837600034816,"EventType":"AUDIT_SUCCESS","SeverityValue":2,"Severity":"INFO","EventID":5156,"SourceName":"Microsoft-Windows-Security-Auditing","ProviderGuid":"{54849625-5478-4994-A5BA-3E3B0328C30D}","Version":1,"Task":12810,"OpcodeValue":0,"RecordNumber":29566,"ProcessID":4,"ThreadID":4596,"Channel":"Security","Category":"Filtering Platform Connection","Opcode":"Info","Application":"System","Direction":"%%14593","SourceAddress":"192.168.89.131","SourcePort":"0","DestAddress":"224.0.0.22","DestPort":"0","Protocol":"2","FilterRTID":"69215","LayerName":"%%14611","LayerRTID":"48","RemoteUserID":"S-1-0-0","RemoteMachineID":"S-1-0-0","EventReceivedTime":1522079300539,"SourceModuleName":"firewall_logs","SourceModuleType":"im_msvistalog"}
{"EventTime":"2018-03-26 16:48:18","Hostname":"target","Keywords":-9214364837600034816,"EventType":"AUDIT_SUCCESS","SeverityValue":2,"Severity":"INFO","EventID":5156,"SourceName":"Microsoft-Windows-Security-Auditing","ProviderGuid":"{54849625-5478-4994-A5BA-3E3B0328C30D}","Version":1,"Task":12810,"OpcodeValue":0,"RecordNumber":29567,"ProcessID":4,"ThreadID":4596,"Channel":"Security","Category":"Filtering Platform Connection","Opcode":"Info","Application":"System","Direction":"%%14593","SourceAddress":"169.254.183.70","SourcePort":"0","DestAddress":"224.0.0.22","DestPort":"0","Protocol":"2","FilterRTID":"69215","LayerName":"%%14611","LayerRTID":"48","RemoteUserID":"S-1-0-0","RemoteMachineID":"S-1-0-0","EventReceivedTime":1522079300539,"SourceModuleName":"firewall_logs","SourceModuleType":"im_msvistalog"}
{"EventTime":"2018-03-26 16:48:18","Hostname":"target","Keywords":-9214364837600034816,"EventType":"AUDIT_SUCCESS","SeverityValue":2,"Severity":"INFO","EventID":5156,"SourceName":"Microsoft-Windows-Security-Auditing","ProviderGuid":"{54849625-5478-4994-A5BA-3E3B0328C30D}","Version":1,"Task":12810,"OpcodeValue":0,"RecordNumber":29575,"ProcessID":4,"ThreadID":4596,"Channel":"Security","Category":"Filtering Platform Connection","Opcode":"Info","Application":"\\device\\harddiskvolume1\\windows\\system32\\svchost.exe","Direction":"%%14593","SourceAddress":"fe80::a809:9bec:6f0e:e405","SourcePort":"59660","DestAddress":"ff02::1:3","DestPort":"5355","Protocol":"17","FilterRTID":"69217","LayerName":"%%14611","LayerRTID":"50","RemoteUserID":"S-1-0-0","RemoteMachineID":"S-1-0-0","EventReceivedTime":1522079300539,"SourceModuleName":"firewall_logs","SourceModuleType":"im_msvistalog"}
{"EventTime":"2018-03-26 16:48:18","Hostname":"target","Keywords":-9214364837600034816,"EventType":"AUDIT_SUCCESS","SeverityValue":2,"Severity":"INFO","EventID":5156,"SourceName":"Microsoft-Windows-Security-Auditing","ProviderGuid":"{54849625-5478-4994-A5BA-3E3B0328C30D}","Version":1,"Task":12810,"OpcodeValue":0,"RecordNumber":29576,"ProcessID":4,"ThreadID":4596,"Channel":"Security","Category":"Filtering Platform Connection","Opcode":"Info","Application":"\\device\\harddiskvolume1\\windows\\system32\\svchost.exe","Direction":"%%14593","SourceAddress":"192.168.89.131","SourcePort":"59660","DestAddress":"224.0.0.252","DestPort":"5355","Protocol":"17","FilterRTID":"69215","LayerName":"%%14611","LayerRTID":"48","RemoteUserID":"S-1-0-0","RemoteMachineID":"S-1-0-0","EventReceivedTime":1522079300539,"SourceModuleName":"firewall_logs","SourceModuleType":"im_msvistalog"}
{"EventTime":"2018-03-26 16:48:19","Hostname":"target","Keywords":-9214364837600034816,"EventType":"AUDIT_SUCCESS","SeverityValue":2,"Severity":"INFO","EventID":5156,"SourceName":"Microsoft-Windows-Security-Auditing","ProviderGuid":"{54849625-5478-4994-A5BA-3E3B0328C30D}","Version":1,"Task":12810,"OpcodeValue":0,"RecordNumber":29577,"ProcessID":4,"ThreadID":4596,"Channel":"Security","Category":"Filtering Platform Connection","Opcode":"Info","Application":"\\device\\harddiskvolume1\\windows\\system32\\svchost.exe","Direction":"%%14593","SourceAddress":"fe80::b562:351a:c3db:b746","SourcePort":"59660","DestAddress":"ff02::1:3","DestPort":"5355","Protocol":"17","FilterRTID":"69217","LayerName":"%%14611","LayerRTID":"50","RemoteUserID":"S-1-0-0","RemoteMachineID":"S-1-0-0","EventReceivedTime":1522079300539,"SourceModuleName":"firewall_logs","SourceModuleType":"im_msvistalog"}
{"EventTime":"2018-03-26 16:48:19","Hostname":"target","Keywords":-9214364837600034816,"EventType":"AUDIT_SUCCESS","SeverityValue":2,"Severity":"INFO","EventID":5156,"SourceName":"Microsoft-Windows-Security-Auditing","ProviderGuid":"{54849625-5478-4994-A5BA-3E3B0328C30D}","Version":1,"Task":12810,"OpcodeValue":0,"RecordNumber":29578,"ProcessID":4,"ThreadID":4596,"Channel":"Security","Category":"Filtering Platform Connection","Opcode":"Info","Application":"\\device\\harddiskvolume1\\windows\\system32\\svchost.exe","Direction":"%%14593","SourceAddress":"169.254.183.70","SourcePort":"59660","DestAddress":"224.0.0.252","DestPort":"5355","Protocol":"17","FilterRTID":"69215","LayerName":"%%14611","LayerRTID":"48","RemoteUserID":"S-1-0-0","RemoteMachineID":"S-1-0-0","EventReceivedTime":1522079300539,"SourceModuleName":"firewall_logs","SourceModuleType":"im_msvistalog"}
{"EventTime":"2018-03-26 16:49:20","Hostname":"target","Keywords":-9214364837600034816,"EventType":"AUDIT_SUCCESS","SeverityValue":2,"Severity":"INFO","EventID":5156,"SourceName":"Microsoft-Windows-Security-Auditing","ProviderGuid":"{54849625-5478-4994-A5BA-3E3B0328C30D}","Version":1,"Task":12810,"OpcodeValue":0,"RecordNumber":29600,"ProcessID":4,"ThreadID":3240,"Channel":"Security","Category":"Filtering Platform Connection","Opcode":"Info","Application":"\\device\\harddiskvolume1\\windows\\system32\\svchost.exe","Direction":"%%14593","SourceAddress":"192.168.89.131","SourcePort":"62838","DestAddress":"192.168.89.1","DestPort":"53","Protocol":"17","FilterRTID":"69215","LayerName":"%%14611","LayerRTID":"48","RemoteUserID":"S-1-0-0","RemoteMachineID":"S-1-0-0","EventReceivedTime":1522079361926,"SourceModuleName":"firewall_logs","SourceModuleType":"im_msvistalog"}
{"EventTime":"2018-03-26 16:49:24","Hostname":"target","Keywords":-9214364837600034816,"EventType":"AUDIT_SUCCESS","SeverityValue":2,"Severity":"INFO","EventID":5156,"SourceName":"Microsoft-Windows-Security-Auditing","ProviderGuid":"{54849625-5478-4994-A5BA-3E3B0328C30D}","Version":1,"Task":12810,"OpcodeValue":0,"RecordNumber":29604,"ProcessID":4,"ThreadID":4596,"Channel":"Security","Category":"Filtering Platform Connection","Opcode":"Info","Application":"\\device\\harddiskvolume1\\program files (x86)\\google\\chrome\\application\\chrome.exe","Direction":"%%14593","SourceAddress":"192.168.89.131","SourcePort":"62839","DestAddress":"239.255.255.250","DestPort":"1900","Protocol":"17","FilterRTID":"69215","LayerName":"%%14611","LayerRTID":"48","RemoteUserID":"S-1-0-0","RemoteMachineID":"S-1-0-0","EventReceivedTime":1522079365961,"SourceModuleName":"firewall_logs","SourceModuleType":"im_msvistalog"}
{"EventTime":"2018-03-26 16:49:24","Hostname":"target","Keywords":-9214364837600034816,"EventType":"AUDIT_SUCCESS","SeverityValue":2,"Severity":"INFO","EventID":5156,"SourceName":"Microsoft-Windows-Security-Auditing","ProviderGuid":"{54849625-5478-4994-A5BA-3E3B0328C30D}","Version":1,"Task":12810,"OpcodeValue":0,"RecordNumber":29605,"ProcessID":4,"ThreadID":4596,"Channel":"Security","Category":"Filtering Platform Connection","Opcode":"Info","Application":"\\device\\harddiskvolume1\\program files (x86)\\google\\chrome\\application\\chrome.exe","Direction":"%%14593","SourceAddress":"169.254.183.70","SourcePort":"62840","DestAddress":"239.255.255.250","DestPort":"1900","Protocol":"17","FilterRTID":"69215","LayerName":"%%14611","LayerRTID":"48","RemoteUserID":"S-1-0-0","RemoteMachineID":"S-1-0-0","EventReceivedTime":1522079365961,"SourceModuleName":"firewall_logs","SourceModuleType":"im_msvistalog"}
{"EventTime":"2018-03-26 16:49:32","Hostname":"target","Keywords":-9214364837600034816,"EventType":"AUDIT_SUCCESS","SeverityValue":2,"Severity":"INFO","EventID":5156,"SourceName":"Microsoft-Windows-Security-Auditing","ProviderGuid":"{54849625-5478-4994-A5BA-3E3B0328C30D}","Version":1,"Task":12810,"OpcodeValue":0,"RecordNumber":29610,"ProcessID":4,"ThreadID":3240,"Channel":"Security","Category":"Filtering Platform Connection","Opcode":"Info","Application":"\\device\\harddiskvolume1\\windows\\system32\\svchost.exe","Direction":"%%14593","SourceAddress":"192.168.89.131","SourcePort":"58701","DestAddress":"192.168.89.1","DestPort":"53","Protocol":"17","FilterRTID":"69215","LayerName":"%%14611","LayerRTID":"48","RemoteUserID":"S-1-0-0","RemoteMachineID":"S-1-0-0","EventReceivedTime":1522079374012,"SourceModuleName":"firewall_logs","SourceModuleType":"im_msvistalog"}
{"EventTime":"2018-03-26 16:49:39","Hostname":"target","Keywords":-9214364837600034816,"EventType":"AUDIT_SUCCESS","SeverityValue":2,"Severity":"INFO","EventID":5156,"SourceName":"Microsoft-Windows-Security-Auditing","ProviderGuid":"{54849625-5478-4994-A5BA-3E3B0328C30D}","Version":1,"Task":12810,"OpcodeValue":0,"RecordNumber":29616,"ProcessID":4,"ThreadID":3240,"Channel":"Security","Category":"Filtering Platform Connection","Opcode":"Info","Application":"\\device\\harddiskvolume1\\windows\\system32\\svchost.exe","Direction":"%%14593","SourceAddress":"192.168.89.131","SourcePort":"49649","DestAddress":"192.168.89.1","DestPort":"53","Protocol":"17","FilterRTID":"69215","LayerName":"%%14611","LayerRTID":"48","RemoteUserID":"S-1-0-0","RemoteMachineID":"S-1-0-0","EventReceivedTime":1522079380055,"SourceModuleName":"firewall_logs","SourceModuleType":"im_msvistalog"}
{"EventTime":"2018-03-26 16:50:04","Hostname":"target","Keywords":-9214364837600034816,"EventType":"AUDIT_SUCCESS","SeverityValue":2,"Severity":"INFO","EventID":5156,"SourceName":"Microsoft-Windows-Security-Auditing","ProviderGuid":"{54849625-5478-4994-A5BA-3E3B0328C30D}","Version":1,"Task":12810,"OpcodeValue":0,"RecordNumber":29621,"ProcessID":4,"ThreadID":4596,"Channel":"Security","Category":"Filtering Platform Connection","Opcode":"Info","Application":"\\device\\harddiskvolume1\\windows\\system32\\svchost.exe","Direction":"%%14593","SourceAddress":"192.168.89.131","SourcePort":"60930","DestAddress":"192.168.89.1","DestPort":"53","Protocol":"17","FilterRTID":"69215","LayerName":"%%14611","LayerRTID":"48","RemoteUserID":"S-1-0-0","RemoteMachineID":"S-1-0-0","EventReceivedTime":1522079406241,"SourceModuleName":"firewall_logs","SourceModuleType":"im_msvistalog"}
{"EventTime":"2018-03-26 16:51:24","Hostname":"target","Keywords":-9214364837600034816,"EventType":"AUDIT_SUCCESS","SeverityValue":2,"Severity":"INFO","EventID":5156,"SourceName":"Microsoft-Windows-Security-Auditing","ProviderGuid":"{54849625-5478-4994-A5BA-3E3B0328C30D}","Version":1,"Task":12810,"OpcodeValue":0,"RecordNumber":29624,"ProcessID":4,"ThreadID":3240,"Channel":"Security","Category":"Filtering Platform Connection","Opcode":"Info","Application":"\\device\\harddiskvolume1\\program files (x86)\\google\\chrome\\application\\chrome.exe","Direction":"%%14593","SourceAddress":"192.168.89.131","SourcePort":"60931","DestAddress":"239.255.255.250","DestPort":"1900","Protocol":"17","FilterRTID":"69215","LayerName":"%%14611","LayerRTID":"48","RemoteUserID":"S-1-0-0","RemoteMachineID":"S-1-0-0","EventReceivedTime":1522079485662,"SourceModuleName":"firewall_logs","SourceModuleType":"im_msvistalog"}
{"EventTime":"2018-03-26 16:51:24","Hostname":"target","Keywords":-9214364837600034816,"EventType":"AUDIT_SUCCESS","SeverityValue":2,"Severity":"INFO","EventID":5156,"SourceName":"Microsoft-Windows-Security-Auditing","ProviderGuid":"{54849625-5478-4994-A5BA-3E3B0328C30D}","Version":1,"Task":12810,"OpcodeValue":0,"RecordNumber":29625,"ProcessID":4,"ThreadID":3240,"Channel":"Security","Category":"Filtering Platform Connection","Opcode":"Info","Application":"\\device\\harddiskvolume1\\program files (x86)\\google\\chrome\\application\\chrome.exe","Direction":"%%14593","SourceAddress":"169.254.183.70","SourcePort":"60932","DestAddress":"239.255.255.250","DestPort":"1900","Protocol":"17","FilterRTID":"69215","LayerName":"%%14611","LayerRTID":"48","RemoteUserID":"S-1-0-0","RemoteMachineID":"S-1-0-0","EventReceivedTime":1522079485662,"SourceModuleName":"firewall_logs","SourceModuleType":"im_msvistalog"}
{"EventTime":"2018-03-26 16:53:20","Hostname":"target","Keywords":-9214364837600034816,"EventType":"AUDIT_SUCCESS","SeverityValue":2,"Severity":"INFO","EventID":5156,"SourceName":"Microsoft-Windows-Security-Auditing","ProviderGuid":"{54849625-5478-4994-A5BA-3E3B0328C30D}","Version":1,"Task":12810,"OpcodeValue":0,"RecordNumber":29628,"ProcessID":4,"ThreadID":4596,"Channel":"Security","Category":"Filtering Platform Connection","Opcode":"Info","Application":"\\device\\harddiskvolume1\\windows\\system32\\svchost.exe","Direction":"%%14593","SourceAddress":"0.0.0.0","SourcePort":"68","DestAddress":"255.255.255.255","DestPort":"67","Protocol":"17","FilterRTID":"69488","LayerName":"%%14611","LayerRTID":"48","RemoteUserID":"S-1-0-0","RemoteMachineID":"S-1-0-0","EventReceivedTime":1522079601749,"SourceModuleName":"firewall_logs","SourceModuleType":"im_msvistalog"}
{"EventTime":"2018-03-26 16:53:24","Hostname":"target","Keywords":-9214364837600034816,"EventType":"AUDIT_SUCCESS","SeverityValue":2,"Severity":"INFO","EventID":5156,"SourceName":"Microsoft-Windows-Security-Auditing","ProviderGuid":"{54849625-5478-4994-A5BA-3E3B0328C30D}","Version":1,"Task":12810,"OpcodeValue":0,"RecordNumber":29635,"ProcessID":4,"ThreadID":4596,"Channel":"Security","Category":"Filtering Platform Connection","Opcode":"Info","Application":"\\device\\harddiskvolume1\\program files (x86)\\google\\chrome\\application\\chrome.exe","Direction":"%%14593","SourceAddress":"192.168.89.131","SourcePort":"60933","DestAddress":"239.255.255.250","DestPort":"1900","Protocol":"17","FilterRTID":"69215","LayerName":"%%14611","LayerRTID":"48","RemoteUserID":"S-1-0-0","RemoteMachineID":"S-1-0-0","EventReceivedTime":1522079605794,"SourceModuleName":"firewall_logs","SourceModuleType":"im_msvistalog"}
{"EventTime":"2018-03-26 16:53:24","Hostname":"target","Keywords":-9214364837600034816,"EventType":"AUDIT_SUCCESS","SeverityValue":2,"Severity":"INFO","EventID":5156,"SourceName":"Microsoft-Windows-Security-Auditing","ProviderGuid":"{54849625-5478-4994-A5BA-3E3B0328C30D}","Version":1,"Task":12810,"OpcodeValue":0,"RecordNumber":29636,"ProcessID":4,"ThreadID":4596,"Channel":"Security","Category":"Filtering Platform Connection","Opcode":"Info","Application":"\\device\\harddiskvolume1\\program files (x86)\\google\\chrome\\application\\chrome.exe","Direction":"%%14593","SourceAddress":"169.254.183.70","SourcePort":"60934","DestAddress":"239.255.255.250","DestPort":"1900","Protocol":"17","FilterRTID":"69215","LayerName":"%%14611","LayerRTID":"48","RemoteUserID":"S-1-0-0","RemoteMachineID":"S-1-0-0","EventReceivedTime":1522079605794,"SourceModuleName":"firewall_logs","SourceModuleType":"im_msvistalog"}
{"EventTime":"2018-03-26 16:54:09","Hostname":"target","Keywords":-9214364837600034816,"EventType":"AUDIT_SUCCESS","SeverityValue":2,"Severity":"INFO","EventID":5156,"SourceName":"Microsoft-Windows-Security-Auditing","ProviderGuid":"{54849625-5478-4994-A5BA-3E3B0328C30D}","Version":1,"Task":12810,"OpcodeValue":0,"RecordNumber":29653,"ProcessID":4,"ThreadID":4596,"Channel":"Security","Category":"Filtering Platform Connection","Opcode":"Info","Application":"\\device\\harddiskvolume1\\windows\\system32\\svchost.exe","Direction":"%%14593","SourceAddress":"192.168.89.131","SourcePort":"55035","DestAddress":"192.168.89.1","DestPort":"53","Protocol":"17","FilterRTID":"69215","LayerName":"%%14611","LayerRTID":"48","RemoteUserID":"S-1-0-0","RemoteMachineID":"S-1-0-0","EventReceivedTime":1522079651190,"SourceModuleName":"firewall_logs","SourceModuleType":"im_msvistalog"}
{"EventTime":"2018-03-26 16:54:27","Hostname":"target","Keywords":-9214364837600034816,"EventType":"AUDIT_SUCCESS","SeverityValue":2,"Severity":"INFO","EventID":5156,"SourceName":"Microsoft-Windows-Security-Auditing","ProviderGuid":"{54849625-5478-4994-A5BA-3E3B0328C30D}","Version":1,"Task":12810,"OpcodeValue":0,"RecordNumber":29654,"ProcessID":4,"ThreadID":3240,"Channel":"Security","Category":"Filtering Platform Connection","Opcode":"Info","Application":"\\device\\harddiskvolume1\\windows\\system32\\svchost.exe","Direction":"%%14593","SourceAddress":"0.0.0.0","SourcePort":"68","DestAddress":"255.255.255.255","DestPort":"67","Protocol":"17","FilterRTID":"69488","LayerName":"%%14611","LayerRTID":"48","RemoteUserID":"S-1-0-0","RemoteMachineID":"S-1-0-0","EventReceivedTime":1522079669332,"SourceModuleName":"firewall_logs","SourceModuleType":"im_msvistalog"}
{"EventTime":"2018-03-26 16:54:27","Hostname":"target","Keywords":-9214364837600034816,"EventType":"AUDIT_SUCCESS","SeverityValue":2,"Severity":"INFO","EventID":5156,"SourceName":"Microsoft-Windows-Security-Auditing","ProviderGuid":"{54849625-5478-4994-A5BA-3E3B0328C30D}","Version":1,"Task":12810,"OpcodeValue":0,"RecordNumber":29657,"ProcessID":4,"ThreadID":3240,"Channel":"Security","Category":"Filtering Platform Connection","Opcode":"Info","Application":"\\device\\harddiskvolume1\\windows\\system32\\svchost.exe","Direction":"%%14593","SourceAddress":"127.0.0.1","SourcePort":"61905","DestAddress":"239.255.255.250","DestPort":"1900","Protocol":"17","FilterRTID":"69219","LayerName":"%%14611","LayerRTID":"48","RemoteUserID":"S-1-0-0","RemoteMachineID":"S-1-0-0","EventReceivedTime":1522079669334,"SourceModuleName":"firewall_logs","SourceModuleType":"im_msvistalog"}
{"EventTime":"2018-03-26 16:54:40","Hostname":"target","Keywords":-9214364837600034816,"EventType":"AUDIT_SUCCESS","SeverityValue":2,"Severity":"INFO","EventID":5156,"SourceName":"Microsoft-Windows-Security-Auditing","ProviderGuid":"{54849625-5478-4994-A5BA-3E3B0328C30D}","Version":1,"Task":12810,"OpcodeValue":0,"RecordNumber":29667,"ProcessID":4,"ThreadID":3240,"Channel":"Security","Category":"Filtering Platform Connection","Opcode":"Info","Application":"\\device\\harddiskvolume1\\windows\\system32\\svchost.exe","Direction":"%%14593","SourceAddress":"192.168.89.131","SourcePort":"57385","DestAddress":"192.168.89.1","DestPort":"53","Protocol":"17","FilterRTID":"69215","LayerName":"%%14611","LayerRTID":"48","RemoteUserID":"S-1-0-0","RemoteMachineID":"S-1-0-0","EventReceivedTime":1522079681418,"SourceModuleName":"firewall_logs","SourceModuleType":"im_msvistalog"}
{"EventTime":"2018-03-26 16:55:24","Hostname":"target","Keywords":-9214364837600034816,"EventType":"AUDIT_SUCCESS","SeverityValue":2,"Severity":"INFO","EventID":5156,"SourceName":"Microsoft-Windows-Security-Auditing","ProviderGuid":"{54849625-5478-4994-A5BA-3E3B0328C30D}","Version":1,"Task":12810,"OpcodeValue":0,"RecordNumber":29683,"ProcessID":4,"ThreadID":4596,"Channel":"Security","Category":"Filtering Platform Connection","Opcode":"Info","Application":"\\device\\harddiskvolume1\\program files (x86)\\google\\chrome\\application\\chrome.exe","Direction":"%%14593","SourceAddress":"192.168.89.131","SourcePort":"57386","DestAddress":"239.255.255.250","DestPort":"1900","Protocol":"17","FilterRTID":"69215","LayerName":"%%14611","LayerRTID":"48","RemoteUserID":"S-1-0-0","RemoteMachineID":"S-1-0-0","EventReceivedTime":1522079725791,"SourceModuleName":"firewall_logs","SourceModuleType":"im_msvistalog"}
{"EventTime":"2018-03-26 16:55:24","Hostname":"target","Keywords":-9214364837600034816,"EventType":"AUDIT_SUCCESS","SeverityValue":2,"Severity":"INFO","EventID":5156,"SourceName":"Microsoft-Windows-Security-Auditing","ProviderGuid":"{54849625-5478-4994-A5BA-3E3B0328C30D}","Version":1,"Task":12810,"OpcodeValue":0,"RecordNumber":29684,"ProcessID":4,"ThreadID":4596,"Channel":"Security","Category":"Filtering Platform Connection","Opcode":"Info","Application":"\\device\\harddiskvolume1\\program files (x86)\\google\\chrome\\application\\chrome.exe","Direction":"%%14593","SourceAddress":"169.254.183.70","SourcePort":"57387","DestAddress":"239.255.255.250","DestPort":"1900","Protocol":"17","FilterRTID":"69215","LayerName":"%%14611","LayerRTID":"48","RemoteUserID":"S-1-0-0","RemoteMachineID":"S-1-0-0","EventReceivedTime":1522079725791,"SourceModuleName":"firewall_logs","SourceModuleType":"im_msvistalog"}
{"EventTime":"2018-03-26 16:55:29","Hostname":"target","Keywords":-9214364837600034816,"EventType":"AUDIT_SUCCESS","SeverityValue":2,"Severity":"INFO","EventID":5156,"SourceName":"Microsoft-Windows-Security-Auditing","ProviderGuid":"{54849625-5478-4994-A5BA-3E3B0328C30D}","Version":1,"Task":12810,"OpcodeValue":0,"RecordNumber":29693,"ProcessID":4,"ThreadID":4596,"Channel":"Security","Category":"Filtering Platform Connection","Opcode":"Info","Application":"\\device\\harddiskvolume1\\windows\\system32\\svchost.exe","Direction":"%%14593","SourceAddress":"127.0.0.1","SourcePort":"61905","DestAddress":"239.255.255.250","DestPort":"1900","Protocol":"17","FilterRTID":"69219","LayerName":"%%14611","LayerRTID":"48","RemoteUserID":"S-1-0-0","RemoteMachineID":"S-1-0-0","EventReceivedTime":1522079731830,"SourceModuleName":"firewall_logs","SourceModuleType":"im_msvistalog"}
{"EventTime":"2018-03-26 16:56:12","Hostname":"target","Keywords":-9214364837600034816,"EventType":"AUDIT_SUCCESS","SeverityValue":2,"Severity":"INFO","EventID":5156,"SourceName":"Microsoft-Windows-Security-Auditing","ProviderGuid":"{54849625-5478-4994-A5BA-3E3B0328C30D}","Version":1,"Task":12810,"OpcodeValue":0,"RecordNumber":29709,"ProcessID":4,"ThreadID":3240,"Channel":"Security","Category":"Filtering Platform Connection","Opcode":"Info","Application":"\\device\\harddiskvolume1\\windows\\system32\\svchost.exe","Direction":"%%14593","SourceAddress":"192.168.89.131","SourcePort":"61213","DestAddress":"192.168.89.1","DestPort":"53","Protocol":"17","FilterRTID":"69215","LayerName":"%%14611","LayerRTID":"48","RemoteUserID":"S-1-0-0","RemoteMachineID":"S-1-0-0","EventReceivedTime":1522079773195,"SourceModuleName":"firewall_logs","SourceModuleType":"im_msvistalog"}
{"EventTime":"2018-03-26 16:57:05","Hostname":"target","Keywords":-9214364837600034816,"EventType":"AUDIT_SUCCESS","SeverityValue":2,"Severity":"INFO","EventID":5156,"SourceName":"Microsoft-Windows-Security-Auditing","ProviderGuid":"{54849625-5478-4994-A5BA-3E3B0328C30D}","Version":1,"Task":12810,"OpcodeValue":0,"RecordNumber":29724,"ProcessID":4,"ThreadID":3240,"Channel":"Security","Category":"Filtering Platform Connection","Opcode":"Info","Application":"\\device\\harddiskvolume1\\windows\\system32\\svchost.exe","Direction":"%%14593","SourceAddress":"192.168.89.131","SourcePort":"51628","DestAddress":"192.168.89.1","DestPort":"53","Protocol":"17","FilterRTID":"69215","LayerName":"%%14611","LayerRTID":"48","RemoteUserID":"S-1-0-0","RemoteMachineID":"S-1-0-0","EventReceivedTime":1522079826517,"SourceModuleName":"firewall_logs","SourceModuleType":"im_msvistalog"}
{"EventTime":"2018-03-26 16:57:24","Hostname":"target","Keywords":-9214364837600034816,"EventType":"AUDIT_SUCCESS","SeverityValue":2,"Severity":"INFO","EventID":5156,"SourceName":"Microsoft-Windows-Security-Auditing","ProviderGuid":"{54849625-5478-4994-A5BA-3E3B0328C30D}","Version":1,"Task":12810,"OpcodeValue":0,"RecordNumber":29727,"ProcessID":4,"ThreadID":3240,"Channel":"Security","Category":"Filtering Platform Connection","Opcode":"Info","Application":"\\device\\harddiskvolume1\\program files (x86)\\google\\chrome\\application\\chrome.exe","Direction":"%%14593","SourceAddress":"192.168.89.131","SourcePort":"51629","DestAddress":"239.255.255.250","DestPort":"1900","Protocol":"17","FilterRTID":"69215","LayerName":"%%14611","LayerRTID":"48","RemoteUserID":"S-1-0-0","RemoteMachineID":"S-1-0-0","EventReceivedTime":1522079845652,"SourceModuleName":"firewall_logs","SourceModuleType":"im_msvistalog"}
{"EventTime":"2018-03-26 16:57:24","Hostname":"target","Keywords":-9214364837600034816,"EventType":"AUDIT_SUCCESS","SeverityValue":2,"Severity":"INFO","EventID":5156,"SourceName":"Microsoft-Windows-Security-Auditing","ProviderGuid":"{54849625-5478-4994-A5BA-3E3B0328C30D}","Version":1,"Task":12810,"OpcodeValue":0,"RecordNumber":29728,"ProcessID":4,"ThreadID":3240,"Channel":"Security","Category":"Filtering Platform Connection","Opcode":"Info","Application":"\\device\\harddiskvolume1\\program files (x86)\\google\\chrome\\application\\chrome.exe","Direction":"%%14593","SourceAddress":"169.254.183.70","SourcePort":"51630","DestAddress":"239.255.255.250","DestPort":"1900","Protocol":"17","FilterRTID":"69215","LayerName":"%%14611","LayerRTID":"48","RemoteUserID":"S-1-0-0","RemoteMachineID":"S-1-0-0","EventReceivedTime":1522079845652,"SourceModuleName":"firewall_logs","SourceModuleType":"im_msvistalog"}
