{"EventTime":"2018-03-26 16:59:24","Hostname":"target","Keywords":-9214364837600034816,"EventType":"AUDIT_SUCCESS","SeverityValue":2,"Severity":"INFO","EventID":5156,"SourceName":"Microsoft-Windows-Security-Auditing","ProviderGuid":"{54849625-5478-4994-A5BA-3E3B0328C30D}","Version":1,"Task":12810,"OpcodeValue":0,"RecordNumber":29731,"ProcessID":4,"ThreadID":4596,"Channel":"Security","Category":"Filtering Platform Connection","Opcode":"Info","Application":"\\device\\harddiskvolume1\\program files (x86)\\google\\chrome\\application\\chrome.exe","Direction":"%%14593","SourceAddress":"192.168.89.131","SourcePort":"51631","DestAddress":"239.255.255.250","DestPort":"1900","Protocol":"17","FilterRTID":"69215","LayerName":"%%14611","LayerRTID":"48","RemoteUserID":"S-1-0-0","RemoteMachineID":"S-1-0-0","EventReceivedTime":1522079966473,"SourceModuleName":"firewall_logs","SourceModuleType":"im_msvistalog"}
{"EventTime":"2018-03-26 16:59:24","Hostname":"target","Keywords":-9214364837600034816,"EventType":"AUDIT_SUCCESS","SeverityValue":2,"Severity":"INFO","EventID":5156,"SourceName":"Microsoft-Windows-Security-Auditing","ProviderGuid":"{54849625-5478-4994-A5BA-3E3B0328C30D}","Version":1,"Task":12810,"OpcodeValue":0,"RecordNumber":29732,"ProcessID":4,"ThreadID":4596,"Channel":"Security","Category":"Filtering Platform Connection","Opcode":"Info","Application":"\\device\\harddiskvolume1\\program files (x86)\\google\\chrome\\application\\chrome.exe","Direction":"%%14593","SourceAddress":"169.254.183.70","SourcePort":"51632","DestAddress":"239.255.255.250","DestPort":"1900","Protocol":"17","FilterRTID":"69215","LayerName":"%%14611","LayerRTID":"48","RemoteUserID":"S-1-0-0","RemoteMachineID":"S-1-0-0","EventReceivedTime":1522079966473,"SourceModuleName":"firewall_logs","SourceModuleType":"im_msvistalog"}
{"EventTime":"2018-03-26 17:00:00","Hostname":"target","Keywords":-9214364837600034816,"EventType":"AUDIT_SUCCESS","SeverityValue":2,"Severity":"INFO","EventID":5156,"SourceName":"Microsoft-Windows-Security-Auditing","ProviderGuid":"{54849625-5478-4994-A5BA-3E3B0328C30D}","Version":1,"Task":12810,"OpcodeValue":0,"RecordNumber":29734,"ProcessID":4,"ThreadID":3240,"Channel":"Security","Category":"Filtering Platform Connection","Opcode":"Info","Application":"\\device\\harddiskvolume1\\windows\\system32\\svchost.exe","Direction":"%%14593","SourceAddress":"0.0.0.0","SourcePort":"68","DestAddress":"255.255.255.255","DestPort":"67","Protocol":"17","FilterRTID":"69488","LayerName":"%%14611","LayerRTID":"48","RemoteUserID":"S-1-0-0","RemoteMachineID":"S-1-0-0","EventReceivedTime":1522080002773,"SourceModuleName":"firewall_logs","SourceModuleType":"im_msvistalog"}
{"EventTime":"2018-03-26 17:00:04","Hostname":"target","Keywords":-9214364837600034816,"EventType":"AUDIT_SUCCESS","SeverityValue":2,"Severity":"INFO","EventID":5156,"SourceName":"Microsoft-Windows-Security-Auditing","ProviderGuid":"{54849625-5478-4994-A5BA-3E3B0328C30D}","Version":1,"Task":12810,"OpcodeValue":0,"RecordNumber":29741,"ProcessID":4,"ThreadID":4596,"Channel":"Security","Category":"Filtering Platform Connection","Opcode":"Info","Application":"\\device\\harddiskvolume1\\windows\\system32\\svchost.exe","Direction":"%%14593","SourceAddress":"192.168.89.131","SourcePort":"62146","DestAddress":"192.168.89.1","DestPort":"53","Protocol":"17","FilterRTID":"69215","LayerName":"%%14611","LayerRTID":"48","RemoteUserID":"S-1-0-0","RemoteMachineID":"S-1-0-0","EventReceivedTime":1522080005779,"SourceModuleName":"firewall_logs","SourceModuleType":"im_msvistalog"}
{"EventTime":"2018-03-26 17:01:06","Hostname":"target","Keywords":-9214364837600034816,"EventType":"AUDIT_SUCCESS","SeverityValue":2,"Severity":"INFO","EventID":5156,"SourceName":"Microsoft-Windows-Security-Auditing","ProviderGuid":"{54849625-5478-4994-A5BA-3E3B0328C30D}","Version":1,"Task":12810,"OpcodeValue":0,"RecordNumber":29756,"ProcessID":4,"ThreadID":4596,"Channel":"Security","Category":"Filtering Platform Connection","Opcode":"Info","Application":"\\device\\harddiskvolume1\\windows\\system32\\svchost.exe","Direction":"%%14593","SourceAddress":"127.0.0.1","SourcePort":"61905","DestAddress":"239.255.255.250","DestPort":"1900","Protocol":"17","FilterRTID":"69219","LayerName":"%%14611","LayerRTID":"48","RemoteUserID":"S-1-0-0","RemoteMachineID":"S-1-0-0","EventReceivedTime":1522080067102,"SourceModuleName":"firewall_logs","SourceModuleType":"im_msvistalog"}
{"EventTime":"2018-03-26 17:01:24","Hostname":"target","Keywords":-9214364837600034816,"EventType":"AUDIT_SUCCESS","SeverityValue":2,"Severity":"INFO","EventID":5156,"SourceName":"Microsoft-Windows-Security-Auditing","ProviderGuid":"{54849625-5478-4994-A5BA-3E3B0328C30D}","Version":1,"Task":12810,"OpcodeValue":0,"RecordNumber":29769,"ProcessID":4,"ThreadID":4596,"Channel":"Security","Category":"Filtering Platform Connection","Opcode":"Info","Application":"\\device\\harddiskvolume1\\program files (x86)\\google\\chrome\\application\\chrome.exe","Direction":"%%14593","SourceAddress":"192.168.89.131","SourcePort":"62147","DestAddress":"239.255.255.250","DestPort":"1900","Protocol":"17","FilterRTID":"69215","LayerName":"%%14611","LayerRTID":"48","RemoteUserID":"S-1-0-0","RemoteMachineID":"S-1-0-0","EventReceivedTime":1522080086268,"SourceModuleName":"firewall_logs","SourceModuleType":"im_msvistalog"}
{"EventTime":"2018-03-26 17:01:24","Hostname":"target","Keywords":-9214364837600034816,"EventType":"AUDIT_SUCCESS","SeverityValue":2,"Severity":"INFO","EventID":5156,"SourceName":"Microsoft-Windows-Security-Auditing","ProviderGuid":"{54849625-5478-4994-A5BA-3E3B0328C30D}","Version":1,"Task":12810,"OpcodeValue":0,"RecordNumber":29770,"ProcessID":4,"ThreadID":4596,"Channel":"Security","Category":"Filtering Platform Connection","Opcode":"Info","Application":"\\device\\harddiskvolume1\\program files (x86)\\google\\chrome\\application\\chrome.exe","Direction":"%%14593","SourceAddress":"169.254.183.70","SourcePort":"62148","DestAddress":"239.255.255.250","DestPort":"1900","Protocol":"17","FilterRTID":"69215","LayerName":"%%14611","LayerRTID":"48","RemoteUserID":"S-1-0-0","RemoteMachineID":"S-1-0-0","EventReceivedTime":1522080086268,"SourceModuleName":"firewall_logs","SourceModuleType":"im_msvistalog"}
{"EventTime":"2018-03-26 17:03:18","Hostname":"target","Keywords":-9214364837600034816,"EventType":"AUDIT_SUCCESS","SeverityValue":2,"Severity":"INFO","EventID":5156,"SourceName":"Microsoft-Windows-Security-Auditing","ProviderGuid":"{54849625-5478-4994-A5BA-3E3B0328C30D}","Version":1,"Task":12810,"OpcodeValue":0,"RecordNumber":29862,"ProcessID":4,"ThreadID":3240,"Channel":"Security","Category":"Filtering Platform Connection","Opcode":"Info","Application":"\\device\\harddiskvolume1\\windows\\system32\\svchost.exe","Direction":"%%14593","SourceAddress":"192.168.89.131","SourcePort":"68","DestAddress":"192.168.89.254","DestPort":"67","Protocol":"17","FilterRTID":"69488","LayerName":"%%14611","LayerRTID":"48","RemoteUserID":"S-1-0-0","RemoteMachineID":"S-1-0-0","EventReceivedTime":1522080199063,"SourceModuleName":"firewall_logs","SourceModuleType":"im_msvistalog"}
{"EventTime":"2018-03-26 17:03:18","Hostname":"target","Keywords":-9214364837600034816,"EventType":"AUDIT_SUCCESS","SeverityValue":2,"Severity":"INFO","EventID":5156,"SourceName":"Microsoft-Windows-Security-Auditing","ProviderGuid":"{54849625-5478-4994-A5BA-3E3B0328C30D}","Version":1,"Task":12810,"OpcodeValue":0,"RecordNumber":29863,"ProcessID":4,"ThreadID":3240,"Channel":"Security","Category":"Filtering Platform Connection","Opcode":"Info","Application":"System","Direction":"%%14593","SourceAddress":"fe80::a809:9bec:6f0e:e405","SourcePort":"143","DestAddress":"ff02::16","DestPort":"0","Protocol":"58","FilterRTID":"69217","LayerName":"%%14611","LayerRTID":"50","RemoteUserID":"S-1-0-0","RemoteMachineID":"S-1-0-0","EventReceivedTime":1522080199063,"SourceModuleName":"firewall_logs","SourceModuleType":"im_msvistalog"}
{"EventTime":"2018-03-26 17:03:18","Hostname":"target","Keywords":-9214364837600034816,"EventType":"AUDIT_SUCCESS","SeverityValue":2,"Severity":"INFO","EventID":5156,"SourceName":"Microsoft-Windows-Security-Auditing","ProviderGuid":"{54849625-5478-4994-A5BA-3E3B0328C30D}","Version":1,"Task":12810,"OpcodeValue":0,"RecordNumber":29864,"ProcessID":4,"ThreadID":3240,"Channel":"Security","Category":"Filtering Platform Connection","Opcode":"Info","Application":"System","Direction":"%%14593","SourceAddress":"fe80::b562:351a:c3db:b746","SourcePort":"143","DestAddress":"ff02::16","DestPort":"0","Protocol":"58","FilterRTID":"69217","LayerName":"%%14611","LayerRTID":"50","RemoteUserID":"S-1-0-0","RemoteMachineID":"S-1-0-0","EventReceivedTime":1522080199063,"SourceModuleName":"firewall_logs","SourceModuleType":"im_msvistalog"}
{"EventTime":"2018-03-26 17:03:18","Hostname":"target","Keywords":-9214364837600034816,"EventType":"AUDIT_SUCCESS","SeverityValue":2,"Severity":"INFO","EventID":5156,"SourceName":"Microsoft-Windows-Security-Auditing","ProviderGuid":"{54849625-5478-4994-A5BA-3E3B0328C30D}","Version":1,"Task":12810,"OpcodeValue":0,"RecordNumber":29865,"ProcessID":4,"ThreadID":3240,"Channel":"Security","Category":"Filtering Platform Connection","Opcode":"Info","Application":"System","Direction":"%%14593","SourceAddress":"192.168.89.131","SourcePort":"0","DestAddress":"224.0.0.22","DestPort":"0","Protocol":"2","FilterRTID":"69215","LayerName":"%%14611","LayerRTID":"48","RemoteUserID":"S-1-0-0","RemoteMachineID":"S-1-0-0","EventReceivedTime":1522080199063,"SourceModuleName":"firewall_logs","SourceModuleType":"im_msvistalog"}
{"EventTime":"2018-03-26 17:03:18","Hostname":"target","Keywords":-9214364837600034816,"EventType":"AUDIT_SUCCESS","SeverityValue":2,"Severity":"INFO","EventID":5156,"SourceName":"Microsoft-Windows-Security-Auditing","ProviderGuid":"{54849625-5478-4994-A5BA-3E3B0328C30D}","Version":1,"Task":12810,"OpcodeValue":0,"RecordNumber":29866,"ProcessID":4,"ThreadID":3240,"Channel":"Security","Category":"Filtering Platform Connection","Opcode":"Info","Application":"System","Direction":"%%14593","SourceAddress":"169.254.183.70","SourcePort":"0","DestAddress":"224.0.0.22","DestPort":"0","Protocol":"2","FilterRTID":"69215","LayerName":"%%14611","LayerRTID":"48","RemoteUserID":"S-1-0-0","RemoteMachineID":"S-1-0-0","EventReceivedTime":1522080199063,"SourceModuleName":"firewall_logs","SourceModuleType":"im_msvistalog"}
{"EventTime":"2018-03-26 17:03:18","Hostname":"target","Keywords":-9214364837600034816,"EventType":"AUDIT_SUCCESS","SeverityValue":2,"Severity":"INFO","EventID":5156,"SourceName":"Microsoft-Windows-Security-Auditing","ProviderGuid":"{54849625-5478-4994-A5BA-3E3B0328C30D}","Version":1,"Task":12810,"OpcodeValue":0,"RecordNumber":29874,"ProcessID":4,"ThreadID":3240,"Channel":"Security","Category":"Filtering Platform Connection","Opcode":"Info","Application":"\\device\\harddiskvolume1\\windows\\system32\\svchost.exe","Direction":"%%14593","SourceAddress":"fe80::a809:9bec:6f0e:e405","SourcePort":"61473","DestAddress":"ff02::1:3","DestPort":"5355","Protocol":"17","FilterRTID":"69217","LayerName":"%%14611","LayerRTID":"50","RemoteUserID":"S-1-0-0","RemoteMachineID":"S-1-0-0","EventReceivedTime":1522080199063,"SourceModuleName":"firewall_logs","SourceModuleType":"im_msvistalog"}
{"EventTime":"2018-03-26 17:03:18","Hostname":"target","Keywords":-9214364837600034816,"EventType":"AUDIT_SUCCESS","SeverityValue":2,"Severity":"INFO","EventID":5156,"SourceName":"Microsoft-Windows-Security-Auditing","ProviderGuid":"{54849625-5478-4994-A5BA-3E3B0328C30D}","Version":1,"Task":12810,"OpcodeValue":0,"RecordNumber":29875,"ProcessID":4,"ThreadID":3240,"Channel":"Security","Category":"Filtering Platform Connection","Opcode":"Info","Application":"\\device\\harddiskvolume1\\windows\\system32\\svchost.exe","Direction":"%%14593","SourceAddress":"192.168.89.131","SourcePort":"61473","DestAddress":"224.0.0.252","DestPort":"5355","Protocol":"17","FilterRTID":"69215","LayerName":"%%14611","LayerRTID":"48","RemoteUserID":"S-1-0-0","RemoteMachineID":"S-1-0-0","EventReceivedTime":1522080199063,"SourceModuleName":"firewall_logs","SourceModuleType":"im_msvistalog"}
{"EventTime":"2018-03-26 17:03:18","Hostname":"target","Keywords":-9214364837600034816,"EventType":"AUDIT_SUCCESS","SeverityValue":2,"Severity":"INFO","EventID":5156,"SourceName":"Microsoft-Windows-Security-Auditing","ProviderGuid":"{54849625-5478-4994-A5BA-3E3B0328C30D}","Version":1,"Task":12810,"OpcodeValue":0,"RecordNumber":29876,"ProcessID":4,"ThreadID":3240,"Channel":"Security","Category":"Filtering Platform Connection","Opcode":"Info","Application":"\\device\\harddiskvolume1\\windows\\system32\\svchost.exe","Direction":"%%14593","SourceAddress":"fe80::b562:351a:c3db:b746","SourcePort":"61473","DestAddress":"ff02::1:3","DestPort":"5355","Protocol":"17","FilterRTID":"69217","LayerName":"%%14611","LayerRTID":"50","RemoteUserID":"S-1-0-0","RemoteMachineID":"S-1-0-0","EventReceivedTime":1522080199063,"SourceModuleName":"firewall_logs","SourceModuleType":"im_msvistalog"}
{"EventTime":"2018-03-26 17:03:18","Hostname":"target","Keywords":-9214364837600034816,"EventType":"AUDIT_SUCCESS","SeverityValue":2,"Severity":"INFO","EventID":5156,"SourceName":"Microsoft-Windows-Security-Auditing","ProviderGuid":"{54849625-5478-4994-A5BA-3E3B0328C30D}","Version":1,"Task":12810,"OpcodeValue":0,"RecordNumber":29877,"ProcessID":4,"ThreadID":3240,"Channel":"Security","Category":"Filtering Platform Connection","Opcode":"Info","Application":"\\device\\harddiskvolume1\\windows\\system32\\svchost.exe","Direction":"%%14593","SourceAddress":"169.254.183.70","SourcePort":"61473","DestAddress":"224.0.0.252","DestPort":"5355","Protocol":"17","FilterRTID":"69215","LayerName":"%%14611","LayerRTID":"48","RemoteUserID":"S-1-0-0","RemoteMachineID":"S-1-0-0","EventReceivedTime":1522080199063,"SourceModuleName":"firewall_logs","SourceModuleType":"im_msvistalog"}
{"EventTime":"2018-03-26 17:03:24","Hostname":"target","Keywords":-9214364837600034816,"EventType":"AUDIT_SUCCESS","SeverityValue":2,"Severity":"INFO","EventID":5156,"SourceName":"Microsoft-Windows-Security-Auditing","ProviderGuid":"{54849625-5478-4994-A5BA-3E3B0328C30D}","Version":1,"Task":12810,"OpcodeValue":0,"RecordNumber":29882,"ProcessID":4,"ThreadID":4596,"Channel":"Security","Category":"Filtering Platform Connection","Opcode":"Info","Application":"\\device\\harddiskvolume1\\program files (x86)\\google\\chrome\\application\\chrome.exe","Direction":"%%14593","SourceAddress":"192.168.89.131","SourcePort":"61474","DestAddress":"239.255.255.250","DestPort":"1900","Protocol":"17","FilterRTID":"69215","LayerName":"%%14611","LayerRTID":"48","RemoteUserID":"S-1-0-0","RemoteMachineID":"S-1-0-0","EventReceivedTime":1522080206107,"SourceModuleName":"firewall_logs","SourceModuleType":"im_msvistalog"}
{"EventTime":"2018-03-26 17:03:24","Hostname":"target","Keywords":-9214364837600034816,"EventType":"AUDIT_SUCCESS","SeverityValue":2,"Severity":"INFO","EventID":5156,"SourceName":"Microsoft-Windows-Security-Auditing","ProviderGuid":"{54849625-5478-4994-A5BA-3E3B0328C30D}","Version":1,"Task":12810,"OpcodeValue":0,"RecordNumber":29883,"ProcessID":4,"ThreadID":4596,"Channel":"Security","Category":"Filtering Platform Connection","Opcode":"Info","Application":"\\device\\harddiskvolume1\\program files (x86)\\google\\chrome\\application\\chrome.exe","Direction":"%%14593","SourceAddress":"169.254.183.70","SourcePort":"61475","DestAddress":"239.255.255.250","DestPort":"1900","Protocol":"17","FilterRTID":"69215","LayerName":"%%14611","LayerRTID":"48","RemoteUserID":"S-1-0-0","RemoteMachineID":"S-1-0-0","EventReceivedTime":1522080206107,"SourceModuleName":"firewall_logs","SourceModuleType":"im_msvistalog"}
{"EventTime":"2018-03-26 17:03:58","Hostname":"target","Keywords":-9214364837600034816,"EventType":"AUDIT_SUCCESS","SeverityValue":2,"Severity":"INFO","EventID":5156,"SourceName":"Microsoft-Windows-Security-Auditing","ProviderGuid":"{54849625-5478-4994-A5BA-3E3B0328C30D}","Version":1,"Task":12810,"OpcodeValue":0,"RecordNumber":29889,"ProcessID":4,"ThreadID":3240,"Channel":"Security","Category":"Filtering Platform Connection","Opcode":"Info","Application":"\\device\\harddiskvolume1\\windows\\system32\\svchost.exe","Direction":"%%14593","SourceAddress":"192.168.89.131","SourcePort":"60607","DestAddress":"192.168.89.1","DestPort":"53","Protocol":"17","FilterRTID":"69215","LayerName":"%%14611","LayerRTID":"48","RemoteUserID":"S-1-0-0","RemoteMachineID":"S-1-0-0","EventReceivedTime":1522080240385,"SourceModuleName":"firewall_logs","SourceModuleType":"im_msvistalog"}
{"EventTime":"2018-03-26 17:04:09","Hostname":"target","Keywords":-9214364837600034816,"EventType":"AUDIT_SUCCESS","SeverityValue":2,"Severity":"INFO","EventID":5156,"SourceName":"Microsoft-Windows-Security-Auditing","ProviderGuid":"{54849625-5478-4994-A5BA-3E3B0328C30D}","Version":1,"Task":12810,"OpcodeValue":0,"RecordNumber":29892,"ProcessID":4,"ThreadID":4596,"Channel":"Security","Category":"Filtering Platform Connection","Opcode":"Info","Application":"\\device\\harddiskvolume1\\windows\\system32\\svchost.exe","Direction":"%%14593","SourceAddress":"192.168.89.131","SourcePort":"57104","DestAddress":"192.168.89.1","DestPort":"53","Protocol":"17","FilterRTID":"69215","LayerName":"%%14611","LayerRTID":"48","RemoteUserID":"S-1-0-0","RemoteMachineID":"S-1-0-0","EventReceivedTime":1522080251447,"SourceModuleName":"firewall_logs","SourceModuleType":"im_msvistalog"}
{"EventTime":"2018-03-26 17:04:10","Hostname":"target","Keywords":-9214364837600034816,"EventType":"AUDIT_SUCCESS","SeverityValue":2,"Severity":"INFO","EventID":5156,"SourceName":"Microsoft-Windows-Security-Auditing","ProviderGuid":"{54849625-5478-4994-A5BA-3E3B0328C30D}","Version":1,"Task":12810,"OpcodeValue":0,"RecordNumber":29895,"ProcessID":4,"ThreadID":4596,"Channel":"Security","Category":"Filtering Platform Connection","Opcode":"Info","Application":"\\device\\harddiskvolume1\\windows\\system32\\svchost.exe","Direction":"%%14593","SourceAddress":"192.168.89.131","SourcePort":"60288","DestAddress":"192.168.89.1","DestPort":"53","Protocol":"17","FilterRTID":"69215","LayerName":"%%14611","LayerRTID":"48","RemoteUserID":"S-1-0-0","RemoteMachineID":"S-1-0-0","EventReceivedTime":1522080252452,"SourceModuleName":"firewall_logs","SourceModuleType":"im_msvistalog"}
{"EventTime":"2018-03-26 17:04:17","Hostname":"target","Keywords":-9214364837600034816,"EventType":"AUDIT_SUCCESS","SeverityValue":2,"Severity":"INFO","EventID":5156,"SourceName":"Microsoft-Windows-Security-Auditing","ProviderGuid":"{54849625-5478-4994-A5BA-3E3B0328C30D}","Version":1,"Task":12810,"OpcodeValue":0,"RecordNumber":29898,"ProcessID":4,"ThreadID":3240,"Channel":"Security","Category":"Filtering Platform Connection","Opcode":"Info","Application":"\\device\\harddiskvolume1\\windows\\system32\\svchost.exe","Direction":"%%14593","SourceAddress":"192.168.89.131","SourcePort":"64839","DestAddress":"192.168.89.1","DestPort":"53","Protocol":"17","FilterRTID":"69215","LayerName":"%%14611","LayerRTID":"48","RemoteUserID":"S-1-0-0","RemoteMachineID":"S-1-0-0","EventReceivedTime":1522080259496,"SourceModuleName":"firewall_logs","SourceModuleType":"im_msvistalog"}
{"EventTime":"2018-03-26 17:04:40","Hostname":"target","Keywords":-9214364837600034816,"EventType":"AUDIT_SUCCESS","SeverityValue":2,"Severity":"INFO","EventID":5156,"SourceName":"Microsoft-Windows-Security-Auditing","ProviderGuid":"{54849625-5478-4994-A5BA-3E3B0328C30D}","Version":1,"Task":12810,"OpcodeValue":0,"RecordNumber":29905,"ProcessID":4,"ThreadID":4596,"Channel":"Security","Category":"Filtering Platform Connection","Opcode":"Info","Application":"\\device\\harddiskvolume1\\windows\\system32\\svchost.exe","Direction":"%%14593","SourceAddress":"192.168.89.131","SourcePort":"60268","DestAddress":"192.168.89.1","DestPort":"53","Protocol":"17","FilterRTID":"69215","LayerName":"%%14611","LayerRTID":"48","RemoteUserID":"S-1-0-0","RemoteMachineID":"S-1-0-0","EventReceivedTime":1522080282662,"SourceModuleName":"firewall_logs","SourceModuleType":"im_msvistalog"}
{"EventTime":"2018-03-26 17:04:59","Hostname":"target","Keywords":-9214364837600034816,"EventType":"AUDIT_SUCCESS","SeverityValue":2,"Severity":"INFO","EventID":5156,"SourceName":"Microsoft-Windows-Security-Auditing","ProviderGuid":"{54849625-5478-4994-A5BA-3E3B0328C30D}","Version":1,"Task":12810,"OpcodeValue":0,"RecordNumber":29908,"ProcessID":4,"ThreadID":4596,"Channel":"Security","Category":"Filtering Platform Connection","Opcode":"Info","Application":"\\device\\harddiskvolume1\\windows\\system32\\svchost.exe","Direction":"%%14593","SourceAddress":"192.168.89.131","SourcePort":"51204","DestAddress":"192.168.89.1","DestPort":"53","Protocol":"17","FilterRTID":"69215","LayerName":"%%14611","LayerRTID":"48","RemoteUserID":"S-1-0-0","RemoteMachineID":"S-1-0-0","EventReceivedTime":1522080300762,"SourceModuleName":"firewall_logs","SourceModuleType":"im_msvistalog"}
{"EventTime":"2018-03-26 17:05:24","Hostname":"target","Keywords":-9214364837600034816,"EventType":"AUDIT_SUCCESS","SeverityValue":2,"Severity":"INFO","EventID":5156,"SourceName":"Microsoft-Windows-Security-Auditing","ProviderGuid":"{54849625-5478-4994-A5BA-3E3B0328C30D}","Version":1,"Task":12810,"OpcodeValue":0,"RecordNumber":29911,"ProcessID":4,"ThreadID":3240,"Channel":"Security","Category":"Filtering Platform Connection","Opcode":"Info","Application":"\\device\\harddiskvolume1\\program files (x86)\\google\\chrome\\application\\chrome.exe","Direction":"%%14593","SourceAddress":"192.168.89.131","SourcePort":"51205","DestAddress":"239.255.255.250","DestPort":"1900","Protocol":"17","FilterRTID":"69215","LayerName":"%%14611","LayerRTID":"48","RemoteUserID":"S-1-0-0","RemoteMachineID":"S-1-0-0","EventReceivedTime":1522080325941,"SourceModuleName":"firewall_logs","SourceModuleType":"im_msvistalog"}
{"EventTime":"2018-03-26 17:05:24","Hostname":"target","Keywords":-9214364837600034816,"EventType":"AUDIT_SUCCESS","SeverityValue":2,"Severity":"INFO","EventID":5156,"SourceName":"Microsoft-Windows-Security-Auditing","ProviderGuid":"{54849625-5478-4994-A5BA-3E3B0328C30D}","Version":1,"Task":12810,"OpcodeValue":0,"RecordNumber":29912,"ProcessID":4,"ThreadID":3240,"Channel":"Security","Category":"Filtering Platform Connection","Opcode":"Info","Application":"\\device\\harddiskvolume1\\program files (x86)\\google\\chrome\\application\\chrome.exe","Direction":"%%14593","SourceAddress":"169.254.183.70","SourcePort":"51206","DestAddress":"239.255.255.250","DestPort":"1900","Protocol":"17","FilterRTID":"69215","LayerName":"%%14611","LayerRTID":"48","RemoteUserID":"S-1-0-0","RemoteMachineID":"S-1-0-0","EventReceivedTime":1522080325941,"SourceModuleName":"firewall_logs","SourceModuleType":"im_msvistalog"}
{"EventTime":"2018-03-26 17:06:41","Hostname":"target","Keywords":-9214364837600034816,"EventType":"AUDIT_SUCCESS","SeverityValue":2,"Severity":"INFO","EventID":5156,"SourceName":"Microsoft-Windows-Security-Auditing","ProviderGuid":"{54849625-5478-4994-A5BA-3E3B0328C30D}","Version":1,"Task":12810,"OpcodeValue":0,"RecordNumber":29926,"ProcessID":4,"ThreadID":3240,"Channel":"Security","Category":"Filtering Platform Connection","Opcode":"Info","Application":"\\device\\harddiskvolume1\\windows\\system32\\svchost.exe","Direction":"%%14593","SourceAddress":"0.0.0.0","SourcePort":"68","DestAddress":"255.255.255.255","DestPort":"67","Protocol":"17","FilterRTID":"69488","LayerName":"%%14611","LayerRTID":"48","RemoteUserID":"S-1-0-0","RemoteMachineID":"S-1-0-0","EventReceivedTime":1522080402485,"SourceModuleName":"firewall_logs","SourceModuleType":"im_msvistalog"}
{"EventTime":"2018-03-26 17:07:24","Hostname":"target","Keywords":-9214364837600034816,"EventType":"AUDIT_SUCCESS","SeverityValue":2,"Severity":"INFO","EventID":5156,"SourceName":"Microsoft-Windows-Security-Auditing","ProviderGuid":"{54849625-5478-4994-A5BA-3E3B0328C30D}","Version":1,"Task":12810,"OpcodeValue":0,"RecordNumber":29945,"ProcessID":4,"ThreadID":3240,"Channel":"Security","Category":"Filtering Platform Connection","Opcode":"Info","Application":"\\device\\harddiskvolume1\\program files (x86)\\google\\chrome\\application\\chrome.exe","Direction":"%%14593","SourceAddress":"192.168.89.131","SourcePort":"51207","DestAddress":"239.255.255.250","DestPort":"1900","Protocol":"17","FilterRTID":"69215","LayerName":"%%14611","LayerRTID":"48","RemoteUserID":"S-1-0-0","RemoteMachineID":"S-1-0-0","EventReceivedTime":1522080445829,"SourceModuleName":"firewall_logs","SourceModuleType":"im_msvistalog"}
{"EventTime":"2018-03-26 17:07:24","Hostname":"target","Keywords":-9214364837600034816,"EventType":"AUDIT_SUCCESS","SeverityValue":2,"Severity":"INFO","EventID":5156,"SourceName":"Microsoft-Windows-Security-Auditing","ProviderGuid":"{54849625-5478-4994-A5BA-3E3B0328C30D}","Version":1,"Task":12810,"OpcodeValue":0,"RecordNumber":29946,"ProcessID":4,"ThreadID":3240,"Channel":"Security","Category":"Filtering Platform Connection","Opcode":"Info","Application":"\\device\\harddiskvolume1\\program files (x86)\\google\\chrome\\application\\chrome.exe","Direction":"%%14593","SourceAddress":"169.254.183.70","SourcePort":"51208","DestAddress":"239.255.255.250","DestPort":"1900","Protocol":"17","FilterRTID":"69215","LayerName":"%%14611","LayerRTID":"48","RemoteUserID":"S-1-0-0","RemoteMachineID":"S-1-0-0","EventReceivedTime":1522080445831,"SourceModuleName":"firewall_logs","SourceModuleType":"im_msvistalog"}
{"EventTime":"2018-03-26 17:07:46","Hostname":"target","Keywords":-9214364837600034816,"EventType":"AUDIT_SUCCESS","SeverityValue":2,"Severity":"INFO","EventID":5156,"SourceName":"Microsoft-Windows-Security-Auditing","ProviderGuid":"{54849625-5478-4994-A5BA-3E3B0328C30D}","Version":1,"Task":12810,"OpcodeValue":0,"RecordNumber":29955,"ProcessID":4,"ThreadID":4596,"Channel":"Security","Category":"Filtering Platform Connection","Opcode":"Info","Application":"\\device\\harddiskvolume1\\windows\\system32\\svchost.exe","Direction":"%%14593","SourceAddress":"0.0.0.0","SourcePort":"68","DestAddress":"255.255.255.255","DestPort":"67","Protocol":"17","FilterRTID":"69488","LayerName":"%%14611","LayerRTID":"48","RemoteUserID":"S-1-0-0","RemoteMachineID":"S-1-0-0","EventReceivedTime":1522080468060,"SourceModuleName":"firewall_logs","SourceModuleType":"im_msvistalog"}
{"EventTime":"2018-03-26 17:07:46","Hostname":"target","Keywords":-9214364837600034816,"EventType":"AUDIT_SUCCESS","SeverityValue":2,"Severity":"INFO","EventID":5156,"SourceName":"Microsoft-Windows-Security-Auditing","ProviderGuid":"{54849625-5478-4994-A5BA-3E3B0328C30D}","Version":1,"Task":12810,"OpcodeValue":0,"RecordNumber":29958,"ProcessID":4,"ThreadID":4596,"Channel":"Security","Category":"Filtering Platform Connection","Opcode":"Info","Application":"\\device\\harddiskvolume1\\windows\\system32\\svchost.exe","Direction":"%%14593","SourceAddress":"127.0.0.1","SourcePort":"61905","DestAddress":"239.255.255.250","DestPort":"1900","Protocol":"17","FilterRTID":"69219","LayerName":"%%14611","LayerRTID":"48","RemoteUserID":"S-1-0-0","RemoteMachineID":"S-1-0-0","EventReceivedTime":1522080468060,"SourceModuleName":"firewall_logs","SourceModuleType":"im_msvistalog"}
{"EventTime":"2018-03-26 17:08:47","Hostname":"target","Keywords":-9214364837600034816,"EventType":"AUDIT_SUCCESS","SeverityValue":2,"Severity":"INFO","EventID":5156,"SourceName":"Microsoft-Windows-Security-Auditing","ProviderGuid":"{54849625-5478-4994-A5BA-3E3B0328C30D}","Version":1,"Task":12810,"OpcodeValue":0,"RecordNumber":29977,"ProcessID":4,"ThreadID":4596,"Channel":"Security","Category":"Filtering Platform Connection","Opcode":"Info","Application":"\\device\\harddiskvolume1\\windows\\system32\\svchost.exe","Direction":"%%14593","SourceAddress":"127.0.0.1","SourcePort":"61905","DestAddress":"239.255.255.250","DestPort":"1900","Protocol":"17","FilterRTID":"69219","LayerName":"%%14611","LayerRTID":"48","RemoteUserID":"S-1-0-0","RemoteMachineID":"S-1-0-0","EventReceivedTime":1522080528648,"SourceModuleName":"firewall_logs","SourceModuleType":"im_msvistalog"}
{"EventTime":"2018-03-26 17:09:24","Hostname":"target","Keywords":-9214364837600034816,"EventType":"AUDIT_SUCCESS","SeverityValue":2,"Severity":"INFO","EventID":5156,"SourceName":"Microsoft-Windows-Security-Auditing","ProviderGuid":"{54849625-5478-4994-A5BA-3E3B0328C30D}","Version":1,"Task":12810,"OpcodeValue":0,"RecordNumber":29986,"ProcessID":4,"ThreadID":4596,"Channel":"Security","Category":"Filtering Platform Connection","Opcode":"Info","Application":"\\device\\harddiskvolume1\\program files (x86)\\google\\chrome\\application\\chrome.exe","Direction":"%%14593","SourceAddress":"192.168.89.131","SourcePort":"51209","DestAddress":"239.255.255.250","DestPort":"1900","Protocol":"17","FilterRTID":"69215","LayerName":"%%14611","LayerRTID":"48","RemoteUserID":"S-1-0-0","RemoteMachineID":"S-1-0-0","EventReceivedTime":1522080565873,"SourceModuleName":"firewall_logs","SourceModuleType":"im_msvistalog"}
{"EventTime":"2018-03-26 17:09:24","Hostname":"target","Keywords":-9214364837600034816,"EventType":"AUDIT_SUCCESS","SeverityValue":2,"Severity":"INFO","EventID":5156,"SourceName":"Microsoft-Windows-Security-Auditing","ProviderGuid":"{54849625-5478-4994-A5BA-3E3B0328C30D}","Version":1,"Task":12810,"OpcodeValue":0,"RecordNumber":29987,"ProcessID":4,"ThreadID":4596,"Channel":"Security","Category":"Filtering Platform Connection","Opcode":"Info","Application":"\\device\\harddiskvolume1\\program files (x86)\\google\\chrome\\application\\chrome.exe","Direction":"%%14593","SourceAddress":"169.254.183.70","SourcePort":"51210","DestAddress":"239.255.255.250","DestPort":"1900","Protocol":"17","FilterRTID":"69215","LayerName":"%%14611","LayerRTID":"48","RemoteUserID":"S-1-0-0","RemoteMachineID":"S-1-0-0","EventReceivedTime":1522080565873,"SourceModuleName":"firewall_logs","SourceModuleType":"im_msvistalog"}
{"EventTime":"2018-03-26 17:10:04","Hostname":"target","Keywords":-9214364837600034816,"EventType":"AUDIT_SUCCESS","SeverityValue":2,"Severity":"INFO","EventID":5156,"SourceName":"Microsoft-Windows-Security-Auditing","ProviderGuid":"{54849625-5478-4994-A5BA-3E3B0328C30D}","Version":1,"Task":12810,"OpcodeValue":0,"RecordNumber":29998,"ProcessID":4,"ThreadID":1212,"Channel":"Security","Category":"Filtering Platform Connection","Opcode":"Info","Application":"\\device\\harddiskvolume1\\windows\\system32\\svchost.exe","Direction":"%%14593","SourceAddress":"192.168.89.131","SourcePort":"59134","DestAddress":"192.168.89.1","DestPort":"53","Protocol":"17","FilterRTID":"69215","LayerName":"%%14611","LayerRTID":"48","RemoteUserID":"S-1-0-0","RemoteMachineID":"S-1-0-0","EventReceivedTime":1522080606092,"SourceModuleName":"firewall_logs","SourceModuleType":"im_msvistalog"}
{"EventTime":"2018-03-26 17:11:24","Hostname":"target","Keywords":-9214364837600034816,"EventType":"AUDIT_SUCCESS","SeverityValue":2,"Severity":"INFO","EventID":5156,"SourceName":"Microsoft-Windows-Security-Auditing","ProviderGuid":"{54849625-5478-4994-A5BA-3E3B0328C30D}","Version":1,"Task":12810,"OpcodeValue":0,"RecordNumber":30004,"ProcessID":4,"ThreadID":4596,"Channel":"Security","Category":"Filtering Platform Connection","Opcode":"Info","Application":"\\device\\harddiskvolume1\\program files (x86)\\google\\chrome\\application\\chrome.exe","Direction":"%%14593","SourceAddress":"192.168.89.131","SourcePort":"59135","DestAddress":"239.255.255.250","DestPort":"1900","Protocol":"17","FilterRTID":"69215","LayerName":"%%14611","LayerRTID":"48","RemoteUserID":"S-1-0-0","RemoteMachineID":"S-1-0-0","EventReceivedTime":1522080685701,"SourceModuleName":"firewall_logs","SourceModuleType":"im_msvistalog"}
{"EventTime":"2018-03-26 17:11:24","Hostname":"target","Keywords":-9214364837600034816,"EventType":"AUDIT_SUCCESS","SeverityValue":2,"Severity":"INFO","EventID":5156,"SourceName":"Microsoft-Windows-Security-Auditing","ProviderGuid":"{54849625-5478-4994-A5BA-3E3B0328C30D}","Version":1,"Task":12810,"OpcodeValue":0,"RecordNumber":30005,"ProcessID":4,"ThreadID":4596,"Channel":"Security","Category":"Filtering Platform Connection","Opcode":"Info","Application":"\\device\\harddiskvolume1\\program files (x86)\\google\\chrome\\application\\chrome.exe","Direction":"%%14593","SourceAddress":"169.254.183.70","SourcePort":"59136","DestAddress":"239.255.255.250","DestPort":"1900","Protocol":"17","FilterRTID":"69215","LayerName":"%%14611","LayerRTID":"48","RemoteUserID":"S-1-0-0","RemoteMachineID":"S-1-0-0","EventReceivedTime":1522080685701,"SourceModuleName":"firewall_logs","SourceModuleType":"im_msvistalog"}
{"EventTime":"2018-03-26 17:12:05","Hostname":"target","Keywords":-9214364837600034816,"EventType":"AUDIT_SUCCESS","SeverityValue":2,"Severity":"INFO","EventID":5156,"SourceName":"Microsoft-Windows-Security-Auditing","ProviderGuid":"{54849625-5478-4994-A5BA-3E3B0328C30D}","Version":1,"Task":12810,"OpcodeValue":0,"RecordNumber":30012,"ProcessID":4,"ThreadID":4596,"Channel":"Security","Category":"Filtering Platform Connection","Opcode":"Info","Application":"\\device\\harddiskvolume1\\windows\\system32\\svchost.exe","Direction":"%%14593","SourceAddress":"192.168.89.131","SourcePort":"51897","DestAddress":"192.168.89.1","DestPort":"53","Protocol":"17","FilterRTID":"69215","LayerName":"%%14611","LayerRTID":"48","RemoteUserID":"S-1-0-0","RemoteMachineID":"S-1-0-0","EventReceivedTime":1522080727007,"SourceModuleName":"firewall_logs","SourceModuleType":"im_msvistalog"}
{"EventTime":"2018-03-26 17:13:21","Hostname":"target","Keywords":-9214364837600034816,"EventType":"AUDIT_SUCCESS","SeverityValue":2,"Severity":"INFO","EventID":5156,"SourceName":"Microsoft-Windows-Security-Auditing","ProviderGuid":"{54849625-5478-4994-A5BA-3E3B0328C30D}","Version":1,"Task":12810,"OpcodeValue":0,"RecordNumber":30014,"ProcessID":4,"ThreadID":1212,"Channel":"Security","Category":"Filtering Platform Connection","Opcode":"Info","Application":"\\device\\harddiskvolume1\\windows\\system32\\svchost.exe","Direction":"%%14593","SourceAddress":"0.0.0.0","SourcePort":"68","DestAddress":"255.255.255.255","DestPort":"67","Protocol":"17","FilterRTID":"69488","LayerName":"%%14611","LayerRTID":"48","RemoteUserID":"S-1-0-0","RemoteMachineID":"S-1-0-0","EventReceivedTime":1522080802621,"SourceModuleName":"firewall_logs","SourceModuleType":"im_msvistalog"}
{"EventTime":"2018-03-26 17:13:24","Hostname":"target","Keywords":-9214364837600034816,"EventType":"AUDIT_SUCCESS","SeverityValue":2,"Severity":"INFO","EventID":5156,"SourceName":"Microsoft-Windows-Security-Auditing","ProviderGuid":"{54849625-5478-4994-A5BA-3E3B0328C30D}","Version":1,"Task":12810,"OpcodeValue":0,"RecordNumber":30019,"ProcessID":4,"ThreadID":4596,"Channel":"Security","Category":"Filtering Platform Connection","Opcode":"Info","Application":"\\device\\harddiskvolume1\\program files (x86)\\google\\chrome\\application\\chrome.exe","Direction":"%%14593","SourceAddress":"192.168.89.131","SourcePort":"51898","DestAddress":"239.255.255.250","DestPort":"1900","Protocol":"17","FilterRTID":"69215","LayerName":"%%14611","LayerRTID":"48","RemoteUserID":"S-1-0-0","RemoteMachineID":"S-1-0-0","EventReceivedTime":1522080806644,"SourceModuleName":"firewall_logs","SourceModuleType":"im_msvistalog"}
{"EventTime":"2018-03-26 17:13:24","Hostname":"target","Keywords":-9214364837600034816,"EventType":"AUDIT_SUCCESS","SeverityValue":2,"Severity":"INFO","EventID":5156,"SourceName":"Microsoft-Windows-Security-Auditing","ProviderGuid":"{54849625-5478-4994-A5BA-3E3B0328C30D}","Version":1,"Task":12810,"OpcodeValue":0,"RecordNumber":30020,"ProcessID":4,"ThreadID":4596,"Channel":"Security","Category":"Filtering Platform Connection","Opcode":"Info","Application":"\\device\\harddiskvolume1\\program files (x86)\\google\\chrome\\application\\chrome.exe","Direction":"%%14593","SourceAddress":"169.254.183.70","SourcePort":"51899","DestAddress":"239.255.255.250","DestPort":"1900","Protocol":"17","FilterRTID":"69215","LayerName":"%%14611","LayerRTID":"48","RemoteUserID":"S-1-0-0","RemoteMachineID":"S-1-0-0","EventReceivedTime":1522080806644,"SourceModuleName":"firewall_logs","SourceModuleType":"im_msvistalog"}
{"EventTime":"2018-03-26 17:14:21","Hostname":"target","Keywords":-9214364837600034816,"EventType":"AUDIT_SUCCESS","SeverityValue":2,"Severity":"INFO","EventID":5156,"SourceName":"Microsoft-Windows-Security-Auditing","ProviderGuid":"{54849625-5478-4994-A5BA-3E3B0328C30D}","Version":1,"Task":12810,"OpcodeValue":0,"RecordNumber":30039,"ProcessID":4,"ThreadID":1212,"Channel":"Security","Category":"Filtering Platform Connection","Opcode":"Info","Application":"\\device\\harddiskvolume1\\windows\\system32\\svchost.exe","Direction":"%%14593","SourceAddress":"192.168.89.131","SourcePort":"64302","DestAddress":"192.168.89.1","DestPort":"53","Protocol":"17","FilterRTID":"69215","LayerName":"%%14611","LayerRTID":"48","RemoteUserID":"S-1-0-0","RemoteMachineID":"S-1-0-0","EventReceivedTime":1522080863067,"SourceModuleName":"firewall_logs","SourceModuleType":"im_msvistalog"}
{"EventTime":"2018-03-26 17:14:27","Hostname":"target","Keywords":-9214364837600034816,"EventType":"AUDIT_SUCCESS","SeverityValue":2,"Severity":"INFO","EventID":5156,"SourceName":"Microsoft-Windows-Security-Auditing","ProviderGuid":"{54849625-5478-4994-A5BA-3E3B0328C30D}","Version":1,"Task":12810,"OpcodeValue":0,"RecordNumber":30042,"ProcessID":4,"ThreadID":1212,"Channel":"Security","Category":"Filtering Platform Connection","Opcode":"Info","Application":"\\device\\harddiskvolume1\\windows\\system32\\svchost.exe","Direction":"%%14593","SourceAddress":"127.0.0.1","SourcePort":"61905","DestAddress":"239.255.255.250","DestPort":"1900","Protocol":"17","FilterRTID":"69219","LayerName":"%%14611","LayerRTID":"48","RemoteUserID":"S-1-0-0","RemoteMachineID":"S-1-0-0","EventReceivedTime":1522080869110,"SourceModuleName":"firewall_logs","SourceModuleType":"im_msvistalog"}
{"EventTime":"2018-03-26 17:14:40","Hostname":"target","Keywords":-9214364837600034816,"EventType":"AUDIT_SUCCESS","SeverityValue":2,"Severity":"INFO","EventID":5156,"SourceName":"Microsoft-Windows-Security-Auditing","ProviderGuid":"{54849625-5478-4994-A5BA-3E3B0328C30D}","Version":1,"Task":12810,"OpcodeValue":0,"RecordNumber":30052,"ProcessID":4,"ThreadID":1212,"Channel":"Security","Category":"Filtering Platform Connection","Opcode":"Info","Application":"\\device\\harddiskvolume1\\windows\\system32\\svchost.exe","Direction":"%%14593","SourceAddress":"192.168.89.131","SourcePort":"58121","DestAddress":"192.168.89.1","DestPort":"53","Protocol":"17","FilterRTID":"69215","LayerName":"%%14611","LayerRTID":"48","RemoteUserID":"S-1-0-0","RemoteMachineID":"S-1-0-0","EventReceivedTime":1522080882192,"SourceModuleName":"firewall_logs","SourceModuleType":"im_msvistalog"}
{"EventTime":"2018-03-26 17:14:40","Hostname":"target","Keywords":-9214364837600034816,"EventType":"AUDIT_SUCCESS","SeverityValue":2,"Severity":"INFO","EventID":5156,"SourceName":"Microsoft-Windows-Security-Auditing","ProviderGuid":"{54849625-5478-4994-A5BA-3E3B0328C30D}","Version":1,"Task":12810,"OpcodeValue":0,"RecordNumber":30053,"ProcessID":4,"ThreadID":1212,"Channel":"Security","Category":"Filtering Platform Connection","Opcode":"Info","Application":"\\device\\harddiskvolume1\\windows\\system32\\svchost.exe","Direction":"%%14593","SourceAddress":"0.0.0.0","SourcePort":"68","DestAddress":"255.255.255.255","DestPort":"67","Protocol":"17","FilterRTID":"69488","LayerName":"%%14611","LayerRTID":"48","RemoteUserID":"S-1-0-0","RemoteMachineID":"S-1-0-0","EventReceivedTime":1522080882192,"SourceModuleName":"firewall_logs","SourceModuleType":"im_msvistalog"}
{"EventTime":"2018-03-26 17:15:24","Hostname":"target","Keywords":-9214364837600034816,"EventType":"AUDIT_SUCCESS","SeverityValue":2,"Severity":"INFO","EventID":5156,"SourceName":"Microsoft-Windows-Security-Auditing","ProviderGuid":"{54849625-5478-4994-A5BA-3E3B0328C30D}","Version":1,"Task":12810,"OpcodeValue":0,"RecordNumber":30091,"ProcessID":4,"ThreadID":4596,"Channel":"Security","Category":"Filtering Platform Connection","Opcode":"Info","Application":"\\device\\harddiskvolume1\\program files (x86)\\google\\chrome\\application\\chrome.exe","Direction":"%%14593","SourceAddress":"192.168.89.131","SourcePort":"58122","DestAddress":"239.255.255.250","DestPort":"1900","Protocol":"17","FilterRTID":"69215","LayerName":"%%14611","LayerRTID":"48","RemoteUserID":"S-1-0-0","RemoteMachineID":"S-1-0-0","EventReceivedTime":1522080926473,"SourceModuleName":"firewall_logs","SourceModuleType":"im_msvistalog"}
{"EventTime":"2018-03-26 17:15:24","Hostname":"target","Keywords":-9214364837600034816,"EventType":"AUDIT_SUCCESS","SeverityValue":2,"Severity":"INFO","EventID":5156,"SourceName":"Microsoft-Windows-Security-Auditing","ProviderGuid":"{54849625-5478-4994-A5BA-3E3B0328C30D}","Version":1,"Task":12810,"OpcodeValue":0,"RecordNumber":30092,"ProcessID":4,"ThreadID":4596,"Channel":"Security","Category":"Filtering Platform Connection","Opcode":"Info","Application":"\\device\\harddiskvolume1\\program files (x86)\\google\\chrome\\application\\chrome.exe","Direction":"%%14593","SourceAddress":"169.254.183.70","SourcePort":"58123","DestAddress":"239.255.255.250","DestPort":"1900","Protocol":"17","FilterRTID":"69215","LayerName":"%%14611","LayerRTID":"48","RemoteUserID":"S-1-0-0","RemoteMachineID":"S-1-0-0","EventReceivedTime":1522080926473,"SourceModuleName":"firewall_logs","SourceModuleType":"im_msvistalog"}
{"EventTime":"2018-03-26 17:17:24","Hostname":"target","Keywords":-9214364837600034816,"EventType":"AUDIT_SUCCESS","SeverityValue":2,"Severity":"INFO","EventID":5156,"SourceName":"Microsoft-Windows-Security-Auditing","ProviderGuid":"{54849625-5478-4994-A5BA-3E3B0328C30D}","Version":1,"Task":12810,"OpcodeValue":0,"RecordNumber":30127,"ProcessID":4,"ThreadID":4596,"Channel":"Security","Category":"Filtering Platform Connection","Opcode":"Info","Application":"\\device\\harddiskvolume1\\program files (x86)\\google\\chrome\\application\\chrome.exe","Direction":"%%14593","SourceAddress":"192.168.89.131","SourcePort":"58124","DestAddress":"239.255.255.250","DestPort":"1900","Protocol":"17","FilterRTID":"69215","LayerName":"%%14611","LayerRTID":"48","RemoteUserID":"S-1-0-0","RemoteMachineID":"S-1-0-0","EventReceivedTime":1522081046401,"SourceModuleName":"firewall_logs","SourceModuleType":"im_msvistalog"}
{"EventTime":"2018-03-26 17:17:24","Hostname":"target","Keywords":-9214364837600034816,"EventType":"AUDIT_SUCCESS","SeverityValue":2,"Severity":"INFO","EventID":5156,"SourceName":"Microsoft-Windows-Security-Auditing","ProviderGuid":"{54849625-5478-4994-A5BA-3E3B0328C30D}","Version":1,"Task":12810,"OpcodeValue":0,"RecordNumber":30128,"ProcessID":4,"ThreadID":4596,"Channel":"Security","Category":"Filtering Platform Connection","Opcode":"Info","Application":"\\device\\harddiskvolume1\\program files (x86)\\google\\chrome\\application\\chrome.exe","Direction":"%%14593","SourceAddress":"169.254.183.70","SourcePort":"58125","DestAddress":"239.255.255.250","DestPort":"1900","Protocol":"17","FilterRTID":"69215","LayerName":"%%14611","LayerRTID":"48","RemoteUserID":"S-1-0-0","RemoteMachineID":"S-1-0-0","EventReceivedTime":1522081046401,"SourceModuleName":"firewall_logs","SourceModuleType":"im_msvistalog"}
{"EventTime":"2018-03-26 17:18:18","Hostname":"target","Keywords":-9214364837600034816,"EventType":"AUDIT_SUCCESS","SeverityValue":2,"Severity":"INFO","EventID":5156,"SourceName":"Microsoft-Windows-Security-Auditing","ProviderGuid":"{54849625-5478-4994-A5BA-3E3B0328C30D}","Version":1,"Task":12810,"OpcodeValue":0,"RecordNumber":30132,"ProcessID":4,"ThreadID":1212,"Channel":"Security","Category":"Filtering Platform Connection","Opcode":"Info","Application":"\\device\\harddiskvolume1\\windows\\system32\\svchost.exe","Direction":"%%14593","SourceAddress":"192.168.89.131","SourcePort":"68","DestAddress":"192.168.89.254","DestPort":"67","Protocol":"17","FilterRTID":"69488","LayerName":"%%14611","LayerRTID":"48","RemoteUserID":"S-1-0-0","RemoteMachineID":"S-1-0-0","EventReceivedTime":1522081099711,"SourceModuleName":"firewall_logs","SourceModuleType":"im_msvistalog"}
{"EventTime":"2018-03-26 17:18:18","Hostname":"target","Keywords":-9214364837600034816,"EventType":"AUDIT_SUCCESS","SeverityValue":2,"Severity":"INFO","EventID":5156,"SourceName":"Microsoft-Windows-Security-Auditing","ProviderGuid":"{54849625-5478-4994-A5BA-3E3B0328C30D}","Version":1,"Task":12810,"OpcodeValue":0,"RecordNumber":30133,"ProcessID":4,"ThreadID":1212,"Channel":"Security","Category":"Filtering Platform Connection","Opcode":"Info","Application":"System","Direction":"%%14593","SourceAddress":"fe80::a809:9bec:6f0e:e405","SourcePort":"143","DestAddress":"ff02::16","DestPort":"0","Protocol":"58","FilterRTID":"69217","LayerName":"%%14611","LayerRTID":"50","RemoteUserID":"S-1-0-0","RemoteMachineID":"S-1-0-0","EventReceivedTime":1522081099711,"SourceModuleName":"firewall_logs","SourceModuleType":"im_msvistalog"}
{"EventTime":"2018-03-26 17:18:18","Hostname":"target","Keywords":-9214364837600034816,"EventType":"AUDIT_SUCCESS","SeverityValue":2,"Severity":"INFO","EventID":5156,"SourceName":"Microsoft-Windows-Security-Auditing","ProviderGuid":"{54849625-5478-4994-A5BA-3E3B0328C30D}","Version":1,"Task":12810,"OpcodeValue":0,"RecordNumber":30134,"ProcessID":4,"ThreadID":1212,"Channel":"Security","Category":"Filtering Platform Connection","Opcode":"Info","Application":"System","Direction":"%%14593","SourceAddress":"fe80::b562:351a:c3db:b746","SourcePort":"143","DestAddress":"ff02::16","DestPort":"0","Protocol":"58","FilterRTID":"69217","LayerName":"%%14611","LayerRTID":"50","RemoteUserID":"S-1-0-0","RemoteMachineID":"S-1-0-0","EventReceivedTime":1522081099712,"SourceModuleName":"firewall_logs","SourceModuleType":"im_msvistalog"}
{"EventTime":"2018-03-26 17:18:18","Hostname":"target","Keywords":-9214364837600034816,"EventType":"AUDIT_SUCCESS","SeverityValue":2,"Severity":"INFO","EventID":5156,"SourceName":"Microsoft-Windows-Security-Auditing","ProviderGuid":"{54849625-5478-4994-A5BA-3E3B0328C30D}","Version":1,"Task":12810,"OpcodeValue":0,"RecordNumber":30135,"ProcessID":4,"ThreadID":1212,"Channel":"Security","Category":"Filtering Platform Connection","Opcode":"Info","Application":"System","Direction":"%%14593","SourceAddress":"192.168.89.131","SourcePort":"0","DestAddress":"224.0.0.22","DestPort":"0","Protocol":"2","FilterRTID":"69215","LayerName":"%%14611","LayerRTID":"48","RemoteUserID":"S-1-0-0","RemoteMachineID":"S-1-0-0","EventReceivedTime":1522081099713,"SourceModuleName":"firewall_logs","SourceModuleType":"im_msvistalog"}
{"EventTime":"2018-03-26 17:18:18","Hostname":"target","Keywords":-9214364837600034816,"EventType":"AUDIT_SUCCESS","SeverityValue":2,"Severity":"INFO","EventID":5156,"SourceName":"Microsoft-Windows-Security-Auditing","ProviderGuid":"{54849625-5478-4994-A5BA-3E3B0328C30D}","Version":1,"Task":12810,"OpcodeValue":0,"RecordNumber":30136,"ProcessID":4,"ThreadID":1212,"Channel":"Security","Category":"Filtering Platform Connection","Opcode":"Info","Application":"System","Direction":"%%14593","SourceAddress":"169.254.183.70","SourcePort":"0","DestAddress":"224.0.0.22","DestPort":"0","Protocol":"2","FilterRTID":"69215","LayerName":"%%14611","LayerRTID":"48","RemoteUserID":"S-1-0-0","RemoteMachineID":"S-1-0-0","EventReceivedTime":1522081099713,"SourceModuleName":"firewall_logs","SourceModuleType":"im_msvistalog"}
{"EventTime":"2018-03-26 17:18:18","Hostname":"target","Keywords":-9214364837600034816,"EventType":"AUDIT_SUCCESS","SeverityValue":2,"Severity":"INFO","EventID":5156,"SourceName":"Microsoft-Windows-Security-Auditing","ProviderGuid":"{54849625-5478-4994-A5BA-3E3B0328C30D}","Version":1,"Task":12810,"OpcodeValue":0,"RecordNumber":30143,"ProcessID":4,"ThreadID":1212,"Channel":"Security","Category":"Filtering Platform Connection","Opcode":"Info","Application":"\\device\\harddiskvolume1\\windows\\system32\\svchost.exe","Direction":"%%14593","SourceAddress":"fe80::a809:9bec:6f0e:e405","SourcePort":"64070","DestAddress":"ff02::1:3","DestPort":"5355","Protocol":"17","FilterRTID":"69217","LayerName":"%%14611","LayerRTID":"50","RemoteUserID":"S-1-0-0","RemoteMachineID":"S-1-0-0","EventReceivedTime":1522081099714,"SourceModuleName":"firewall_logs","SourceModuleType":"im_msvistalog"}
{"EventTime":"2018-03-26 17:18:18","Hostname":"target","Keywords":-9214364837600034816,"EventType":"AUDIT_SUCCESS","SeverityValue":2,"Severity":"INFO","EventID":5156,"SourceName":"Microsoft-Windows-Security-Auditing","ProviderGuid":"{54849625-5478-4994-A5BA-3E3B0328C30D}","Version":1,"Task":12810,"OpcodeValue":0,"RecordNumber":30144,"ProcessID":4,"ThreadID":1212,"Channel":"Security","Category":"Filtering Platform Connection","Opcode":"Info","Application":"\\device\\harddiskvolume1\\windows\\system32\\svchost.exe","Direction":"%%14593","SourceAddress":"192.168.89.131","SourcePort":"64070","DestAddress":"224.0.0.252","DestPort":"5355","Protocol":"17","FilterRTID":"69215","LayerName":"%%14611","LayerRTID":"48","RemoteUserID":"S-1-0-0","RemoteMachineID":"S-1-0-0","EventReceivedTime":1522081099715,"SourceModuleName":"firewall_logs","SourceModuleType":"im_msvistalog"}
